0 verbose cli /usr/local/bin/node /usr/local/bin/npm
1 info using npm@10.5.2
2 info using node@v21.6.0
3 timing npm:load:whichnode Completed in 1ms
4 timing config:load:defaults Completed in 1ms
5 timing config:load:file:/usr/local/lib/node_modules/npm/npmrc Completed in 0ms
6 timing config:load:builtin Completed in 0ms
7 timing config:load:cli Completed in 2ms
8 timing config:load:env Completed in 0ms
9 timing config:load:file:/Users/simphiwefakude/Desktop/Widgets/PND-SCS/.npmrc Completed in 0ms
10 timing config:load:project Completed in 2ms
11 timing config:load:file:/Users/simphiwefakude/.npmrc Completed in 0ms
12 timing config:load:user Completed in 0ms
13 timing config:load:file:/usr/local/etc/npmrc Completed in 1ms
14 timing config:load:global Completed in 1ms
15 timing config:load:setEnvs Completed in 0ms
16 timing config:load Completed in 6ms
17 timing npm:load:configload Completed in 6ms
18 timing config:load:flatten Completed in 2ms
19 timing npm:load:mkdirpcache Completed in 0ms
20 timing npm:load:mkdirplogs Completed in 0ms
21 verbose title npm uninstall jsdom
22 verbose argv "uninstall" "jsdom" "--save-dev" "--cache" ".npm-cache"
23 timing npm:load:setTitle Completed in 8ms
24 timing npm:load:display Completed in 0ms
25 verbose logfile logs-max:10 dir:/Users/simphiwefakude/Desktop/Widgets/PND-SCS/.npm-cache/_logs/2026-03-27T10_42_16_391Z-
26 verbose logfile /Users/simphiwefakude/Desktop/Widgets/PND-SCS/.npm-cache/_logs/2026-03-27T10_42_16_391Z-debug-0.log
27 timing npm:load:logFile Completed in 2ms
28 timing npm:load:timers Completed in 0ms
29 timing npm:load:configScope Completed in 0ms
30 timing npm:load Completed in 30ms
31 timing arborist:ctor Completed in 1ms
32 silly logfile done cleaning log files
33 timing idealTree:init Completed in 24ms
34 timing idealTree:userRequests Completed in 0ms
35 silly idealTree buildDeps
36 timing idealTree:#root Completed in 1ms
37 timing idealTree:buildDeps Completed in 1ms
38 timing idealTree:fixDepFlags Completed in 1ms
39 timing idealTree Completed in 28ms
40 timing arborist:ctor Completed in 0ms
41 timing reify:loadTrees Completed in 43ms
42 timing reify:diffTrees Completed in 2ms
43 silly reify mark retired [
43 silly reify   '/Users/simphiwefakude/Desktop/Widgets/PND-SCS/node_modules/@tootallnate/once'
43 silly reify ]
44 silly reify mark retired [ '/Users/simphiwefakude/Desktop/Widgets/PND-SCS/node_modules/abab' ]
45 silly reify mark retired [
45 silly reify   '/Users/simphiwefakude/Desktop/Widgets/PND-SCS/node_modules/agent-base'
45 silly reify ]
46 silly reify mark retired [
46 silly reify   '/Users/simphiwefakude/Desktop/Widgets/PND-SCS/node_modules/asynckit'
46 silly reify ]
47 silly reify mark retired [
47 silly reify   '/Users/simphiwefakude/Desktop/Widgets/PND-SCS/node_modules/combined-stream'
47 silly reify ]
48 silly reify mark retired [
48 silly reify   '/Users/simphiwefakude/Desktop/Widgets/PND-SCS/node_modules/cssstyle'
48 silly reify ]
49 silly reify mark retired [
49 silly reify   '/Users/simphiwefakude/Desktop/Widgets/PND-SCS/node_modules/data-urls'
49 silly reify ]
50 silly reify mark retired [
50 silly reify   '/Users/simphiwefakude/Desktop/Widgets/PND-SCS/node_modules/decimal.js'
50 silly reify ]
51 silly reify mark retired [
51 silly reify   '/Users/simphiwefakude/Desktop/Widgets/PND-SCS/node_modules/delayed-stream'
51 silly reify ]
52 silly reify mark retired [
52 silly reify   '/Users/simphiwefakude/Desktop/Widgets/PND-SCS/node_modules/domexception'
52 silly reify ]
53 silly reify mark retired [
53 silly reify   '/Users/simphiwefakude/Desktop/Widgets/PND-SCS/node_modules/entities'
53 silly reify ]
54 silly reify mark retired [
54 silly reify   '/Users/simphiwefakude/Desktop/Widgets/PND-SCS/node_modules/es-set-tostringtag'
54 silly reify ]
55 silly reify mark retired [
55 silly reify   '/Users/simphiwefakude/Desktop/Widgets/PND-SCS/node_modules/form-data'
55 silly reify ]
56 silly reify mark retired [
56 silly reify   '/Users/simphiwefakude/Desktop/Widgets/PND-SCS/node_modules/has-tostringtag'
56 silly reify ]
57 silly reify mark retired [
57 silly reify   '/Users/simphiwefakude/Desktop/Widgets/PND-SCS/node_modules/html-encoding-sniffer'
57 silly reify ]
58 silly reify mark retired [
58 silly reify   '/Users/simphiwefakude/Desktop/Widgets/PND-SCS/node_modules/http-proxy-agent'
58 silly reify ]
59 silly reify mark retired [
59 silly reify   '/Users/simphiwefakude/Desktop/Widgets/PND-SCS/node_modules/https-proxy-agent'
59 silly reify ]
60 silly reify mark retired [
60 silly reify   '/Users/simphiwefakude/Desktop/Widgets/PND-SCS/node_modules/is-potential-custom-element-name'
60 silly reify ]
61 silly reify mark retired [ '/Users/simphiwefakude/Desktop/Widgets/PND-SCS/node_modules/jsdom' ]
62 silly reify mark retired [ '/Users/simphiwefakude/Desktop/Widgets/PND-SCS/node_modules/nwsapi' ]
63 silly reify mark retired [ '/Users/simphiwefakude/Desktop/Widgets/PND-SCS/node_modules/parse5' ]
64 silly reify mark retired [ '/Users/simphiwefakude/Desktop/Widgets/PND-SCS/node_modules/psl' ]
65 silly reify mark retired [
65 silly reify   '/Users/simphiwefakude/Desktop/Widgets/PND-SCS/node_modules/punycode'
65 silly reify ]
66 silly reify mark retired [
66 silly reify   '/Users/simphiwefakude/Desktop/Widgets/PND-SCS/node_modules/querystringify'
66 silly reify ]
67 silly reify mark retired [
67 silly reify   '/Users/simphiwefakude/Desktop/Widgets/PND-SCS/node_modules/requires-port'
67 silly reify ]
68 silly reify mark retired [
68 silly reify   '/Users/simphiwefakude/Desktop/Widgets/PND-SCS/node_modules/rrweb-cssom'
68 silly reify ]
69 silly reify mark retired [ '/Users/simphiwefakude/Desktop/Widgets/PND-SCS/node_modules/saxes' ]
70 silly reify mark retired [
70 silly reify   '/Users/simphiwefakude/Desktop/Widgets/PND-SCS/node_modules/symbol-tree'
70 silly reify ]
71 silly reify mark retired [
71 silly reify   '/Users/simphiwefakude/Desktop/Widgets/PND-SCS/node_modules/tough-cookie'
71 silly reify ]
72 silly reify mark retired [ '/Users/simphiwefakude/Desktop/Widgets/PND-SCS/node_modules/tr46' ]
73 silly reify mark retired [
73 silly reify   '/Users/simphiwefakude/Desktop/Widgets/PND-SCS/node_modules/universalify'
73 silly reify ]
74 silly reify mark retired [
74 silly reify   '/Users/simphiwefakude/Desktop/Widgets/PND-SCS/node_modules/url-parse'
74 silly reify ]
75 silly reify mark retired [
75 silly reify   '/Users/simphiwefakude/Desktop/Widgets/PND-SCS/node_modules/w3c-xmlserializer'
75 silly reify ]
76 silly reify mark retired [
76 silly reify   '/Users/simphiwefakude/Desktop/Widgets/PND-SCS/node_modules/webidl-conversions'
76 silly reify ]
77 silly reify mark retired [
77 silly reify   '/Users/simphiwefakude/Desktop/Widgets/PND-SCS/node_modules/whatwg-encoding'
77 silly reify ]
78 silly reify mark retired [
78 silly reify   '/Users/simphiwefakude/Desktop/Widgets/PND-SCS/node_modules/whatwg-mimetype'
78 silly reify ]
79 silly reify mark retired [
79 silly reify   '/Users/simphiwefakude/Desktop/Widgets/PND-SCS/node_modules/whatwg-url'
79 silly reify ]
80 silly reify mark retired [ '/Users/simphiwefakude/Desktop/Widgets/PND-SCS/node_modules/ws' ]
81 silly reify mark retired [
81 silly reify   '/Users/simphiwefakude/Desktop/Widgets/PND-SCS/node_modules/xml-name-validator'
81 silly reify ]
82 silly reify mark retired [
82 silly reify   '/Users/simphiwefakude/Desktop/Widgets/PND-SCS/node_modules/xmlchars'
82 silly reify ]
83 silly reify moves {
83 silly reify   '/Users/simphiwefakude/Desktop/Widgets/PND-SCS/node_modules/@tootallnate/once': '/Users/simphiwefakude/Desktop/Widgets/PND-SCS/node_modules/@tootallnate/.once-XfD4jbs4',
83 silly reify   '/Users/simphiwefakude/Desktop/Widgets/PND-SCS/node_modules/abab': '/Users/simphiwefakude/Desktop/Widgets/PND-SCS/node_modules/.abab-v426bHZE',
83 silly reify   '/Users/simphiwefakude/Desktop/Widgets/PND-SCS/node_modules/agent-base': '/Users/simphiwefakude/Desktop/Widgets/PND-SCS/node_modules/.agent-base-Ut4GccvX',
83 silly reify   '/Users/simphiwefakude/Desktop/Widgets/PND-SCS/node_modules/asynckit': '/Users/simphiwefakude/Desktop/Widgets/PND-SCS/node_modules/.asynckit-TggKB9GA',
83 silly reify   '/Users/simphiwefakude/Desktop/Widgets/PND-SCS/node_modules/combined-stream': '/Users/simphiwefakude/Desktop/Widgets/PND-SCS/node_modules/.combined-stream-pOBeierT',
83 silly reify   '/Users/simphiwefakude/Desktop/Widgets/PND-SCS/node_modules/cssstyle': '/Users/simphiwefakude/Desktop/Widgets/PND-SCS/node_modules/.cssstyle-iHG5dl14',
83 silly reify   '/Users/simphiwefakude/Desktop/Widgets/PND-SCS/node_modules/data-urls': '/Users/simphiwefakude/Desktop/Widgets/PND-SCS/node_modules/.data-urls-eeN8ueg0',
83 silly reify   '/Users/simphiwefakude/Desktop/Widgets/PND-SCS/node_modules/decimal.js': '/Users/simphiwefakude/Desktop/Widgets/PND-SCS/node_modules/.decimal.js-lBj2056o',
83 silly reify   '/Users/simphiwefakude/Desktop/Widgets/PND-SCS/node_modules/delayed-stream': '/Users/simphiwefakude/Desktop/Widgets/PND-SCS/node_modules/.delayed-stream-TwYsEBjP',
83 silly reify   '/Users/simphiwefakude/Desktop/Widgets/PND-SCS/node_modules/domexception': '/Users/simphiwefakude/Desktop/Widgets/PND-SCS/node_modules/.domexception-XgRILa1p',
83 silly reify   '/Users/simphiwefakude/Desktop/Widgets/PND-SCS/node_modules/entities': '/Users/simphiwefakude/Desktop/Widgets/PND-SCS/node_modules/.entities-ercdGYfu',
83 silly reify   '/Users/simphiwefakude/Desktop/Widgets/PND-SCS/node_modules/es-set-tostringtag': '/Users/simphiwefakude/Desktop/Widgets/PND-SCS/node_modules/.es-set-tostringtag-wTB4r87A',
83 silly reify   '/Users/simphiwefakude/Desktop/Widgets/PND-SCS/node_modules/form-data': '/Users/simphiwefakude/Desktop/Widgets/PND-SCS/node_modules/.form-data-lZghLFvW',
83 silly reify   '/Users/simphiwefakude/Desktop/Widgets/PND-SCS/node_modules/has-tostringtag': '/Users/simphiwefakude/Desktop/Widgets/PND-SCS/node_modules/.has-tostringtag-lAfuwAwl',
83 silly reify   '/Users/simphiwefakude/Desktop/Widgets/PND-SCS/node_modules/html-encoding-sniffer': '/Users/simphiwefakude/Desktop/Widgets/PND-SCS/node_modules/.html-encoding-sniffer-VFmU1XsV',
83 silly reify   '/Users/simphiwefakude/Desktop/Widgets/PND-SCS/node_modules/http-proxy-agent': '/Users/simphiwefakude/Desktop/Widgets/PND-SCS/node_modules/.http-proxy-agent-CWKmHl7Z',
83 silly reify   '/Users/simphiwefakude/Desktop/Widgets/PND-SCS/node_modules/https-proxy-agent': '/Users/simphiwefakude/Desktop/Widgets/PND-SCS/node_modules/.https-proxy-agent-LGNqOEus',
83 silly reify   '/Users/simphiwefakude/Desktop/Widgets/PND-SCS/node_modules/is-potential-custom-element-name': '/Users/simphiwefakude/Desktop/Widgets/PND-SCS/node_modules/.is-potential-custom-element-name-oYsuiHJQ',
83 silly reify   '/Users/simphiwefakude/Desktop/Widgets/PND-SCS/node_modules/jsdom': '/Users/simphiwefakude/Desktop/Widgets/PND-SCS/node_modules/.jsdom-0qmBD2EJ',
83 silly reify   '/Users/simphiwefakude/Desktop/Widgets/PND-SCS/node_modules/nwsapi': '/Users/simphiwefakude/Desktop/Widgets/PND-SCS/node_modules/.nwsapi-tmZYf5Cu',
83 silly reify   '/Users/simphiwefakude/Desktop/Widgets/PND-SCS/node_modules/parse5': '/Users/simphiwefakude/Desktop/Widgets/PND-SCS/node_modules/.parse5-4cSRv4G8',
83 silly reify   '/Users/simphiwefakude/Desktop/Widgets/PND-SCS/node_modules/psl': '/Users/simphiwefakude/Desktop/Widgets/PND-SCS/node_modules/.psl-z68UDVdg',
83 silly reify   '/Users/simphiwefakude/Desktop/Widgets/PND-SCS/node_modules/punycode': '/Users/simphiwefakude/Desktop/Widgets/PND-SCS/node_modules/.punycode-oxWA0yKW',
83 silly reify   '/Users/simphiwefakude/Desktop/Widgets/PND-SCS/node_modules/querystringify': '/Users/simphiwefakude/Desktop/Widgets/PND-SCS/node_modules/.querystringify-wDhWbmrB',
83 silly reify   '/Users/simphiwefakude/Desktop/Widgets/PND-SCS/node_modules/requires-port': '/Users/simphiwefakude/Desktop/Widgets/PND-SCS/node_modules/.requires-port-rKIkAAUa',
83 silly reify   '/Users/simphiwefakude/Desktop/Widgets/PND-SCS/node_modules/rrweb-cssom': '/Users/simphiwefakude/Desktop/Widgets/PND-SCS/node_modules/.rrweb-cssom-nVT7c4QY',
83 silly reify   '/Users/simphiwefakude/Desktop/Widgets/PND-SCS/node_modules/saxes': '/Users/simphiwefakude/Desktop/Widgets/PND-SCS/node_modules/.saxes-62OTWmkk',
83 silly reify   '/Users/simphiwefakude/Desktop/Widgets/PND-SCS/node_modules/symbol-tree': '/Users/simphiwefakude/Desktop/Widgets/PND-SCS/node_modules/.symbol-tree-bMU1hdee',
83 silly reify   '/Users/simphiwefakude/Desktop/Widgets/PND-SCS/node_modules/tough-cookie': '/Users/simphiwefakude/Desktop/Widgets/PND-SCS/node_modules/.tough-cookie-OdyBW8TC',
83 silly reify   '/Users/simphiwefakude/Desktop/Widgets/PND-SCS/node_modules/tr46': '/Users/simphiwefakude/Desktop/Widgets/PND-SCS/node_modules/.tr46-HhtLGVYW',
83 silly reify   '/Users/simphiwefakude/Desktop/Widgets/PND-SCS/node_modules/universalify': '/Users/simphiwefakude/Desktop/Widgets/PND-SCS/node_modules/.universalify-5Teqbg26',
83 silly reify   '/Users/simphiwefakude/Desktop/Widgets/PND-SCS/node_modules/url-parse': '/Users/simphiwefakude/Desktop/Widgets/PND-SCS/node_modules/.url-parse-MOncLT0O',
83 silly reify   '/Users/simphiwefakude/Desktop/Widgets/PND-SCS/node_modules/w3c-xmlserializer': '/Users/simphiwefakude/Desktop/Widgets/PND-SCS/node_modules/.w3c-xmlserializer-nSw5CBHc',
83 silly reify   '/Users/simphiwefakude/Desktop/Widgets/PND-SCS/node_modules/webidl-conversions': '/Users/simphiwefakude/Desktop/Widgets/PND-SCS/node_modules/.webidl-conversions-JexnMo6a',
83 silly reify   '/Users/simphiwefakude/Desktop/Widgets/PND-SCS/node_modules/whatwg-encoding': '/Users/simphiwefakude/Desktop/Widgets/PND-SCS/node_modules/.whatwg-encoding-0i2qNgUz',
83 silly reify   '/Users/simphiwefakude/Desktop/Widgets/PND-SCS/node_modules/whatwg-mimetype': '/Users/simphiwefakude/Desktop/Widgets/PND-SCS/node_modules/.whatwg-mimetype-El7P9fZK',
83 silly reify   '/Users/simphiwefakude/Desktop/Widgets/PND-SCS/node_modules/whatwg-url': '/Users/simphiwefakude/Desktop/Widgets/PND-SCS/node_modules/.whatwg-url-Ubi1bAvh',
83 silly reify   '/Users/simphiwefakude/Desktop/Widgets/PND-SCS/node_modules/ws': '/Users/simphiwefakude/Desktop/Widgets/PND-SCS/node_modules/.ws-Gm6hj2x4',
83 silly reify   '/Users/simphiwefakude/Desktop/Widgets/PND-SCS/node_modules/xml-name-validator': '/Users/simphiwefakude/Desktop/Widgets/PND-SCS/node_modules/.xml-name-validator-eOb7BhA3',
83 silly reify   '/Users/simphiwefakude/Desktop/Widgets/PND-SCS/node_modules/xmlchars': '/Users/simphiwefakude/Desktop/Widgets/PND-SCS/node_modules/.xmlchars-04AHz0Yz'
83 silly reify }
84 timing reify:retireShallow Completed in 10ms
85 timing reify:createSparse Completed in 0ms
86 timing reify:loadBundles Completed in 0ms
87 silly audit bulk request {
87 silly audit   accepts: [ '1.3.8' ],
87 silly audit   debug: [ '2.6.9', '3.2.7' ],
87 silly audit   ms: [ '2.0.0', '2.1.3' ],
87 silly audit   'ansi-regex': [ '2.1.1' ],
87 silly audit   'ansi-styles': [ '2.2.1' ],
87 silly audit   'array-flatten': [ '1.1.1' ],
87 silly audit   async: [ '2.6.4' ],
87 silly audit   'basic-auth': [ '2.0.1' ],
87 silly audit   'safe-buffer': [ '5.1.2', '5.2.1' ],
87 silly audit   batch: [ '0.6.1' ],
87 silly audit   'body-parser': [ '1.20.2', '1.20.1' ],
87 silly audit   bytes: [ '3.1.2' ],
87 silly audit   'call-bind': [ '1.0.5' ],
87 silly audit   'call-bind-apply-helpers': [ '1.0.2' ],
87 silly audit   chalk: [ '1.1.3' ],
87 silly audit   'content-disposition': [ '0.5.4' ],
87 silly audit   'content-type': [ '1.0.5' ],
87 silly audit   cookie: [ '0.5.0' ],
87 silly audit   'cookie-signature': [ '1.0.6' ],
87 silly audit   'define-data-property': [ '1.1.1' ],
87 silly audit   depd: [ '2.0.0', '1.1.2' ],
87 silly audit   destroy: [ '1.2.0' ],
87 silly audit   'dunder-proto': [ '1.0.1' ],
87 silly audit   'ee-first': [ '1.1.1' ],
87 silly audit   encodeurl: [ '1.0.2' ],
87 silly audit   errorhandler: [ '1.5.1' ],
87 silly audit   'es-define-property': [ '1.0.1' ],
87 silly audit   'es-errors': [ '1.3.0' ],
87 silly audit   'es-object-atoms': [ '1.1.1' ],
87 silly audit   'escape-html': [ '1.0.3' ],
87 silly audit   'escape-string-regexp': [ '1.0.5' ],
87 silly audit   etag: [ '1.8.1' ],
87 silly audit   express: [ '4.18.2' ],
87 silly audit   'raw-body': [ '2.5.1', '2.5.2' ],
87 silly audit   finalhandler: [ '1.2.0' ],
87 silly audit   forwarded: [ '0.2.0' ],
87 silly audit   fresh: [ '0.5.2' ],
87 silly audit   'function-bind': [ '1.1.2' ],
87 silly audit   'get-intrinsic': [ '1.3.0' ],
87 silly audit   'get-proto': [ '1.0.1' ],
87 silly audit   gopd: [ '1.2.0' ],
87 silly audit   'has-ansi': [ '2.0.0' ],
87 silly audit   'has-property-descriptors': [ '1.0.1' ],
87 silly audit   'has-symbols': [ '1.1.0' ],
87 silly audit   hasown: [ '2.0.2' ],
87 silly audit   'http-errors': [ '2.0.0', '1.6.3' ],
87 silly audit   i18next: [ '10.6.0' ],
87 silly audit   'iconv-lite': [ '0.4.24' ],
87 silly audit   inherits: [ '2.0.4', '2.0.3' ],
87 silly audit   'ipaddr.js': [ '1.9.1' ],
87 silly audit   lodash: [ '4.17.21' ],
87 silly audit   'math-intrinsics': [ '1.1.0' ],
87 silly audit   'media-typer': [ '0.3.0' ],
87 silly audit   'merge-descriptors': [ '1.0.1' ],
87 silly audit   methods: [ '1.1.2' ],
87 silly audit   mime: [ '1.6.0' ],
87 silly audit   'mime-db': [ '1.52.0' ],
87 silly audit   'mime-types': [ '2.1.35' ],
87 silly audit   minimist: [ '1.2.8' ],
87 silly audit   mkdirp: [ '0.5.6' ],
87 silly audit   morgan: [ '1.10.0' ],
87 silly audit   'on-finished': [ '2.3.0', '2.4.1' ],
87 silly audit   negotiator: [ '0.6.3' ],
87 silly audit   'object-inspect': [ '1.13.1' ],
87 silly audit   'on-headers': [ '1.0.2' ],
87 silly audit   parseurl: [ '1.3.3' ],
87 silly audit   'path-to-regexp': [ '0.1.7' ],
87 silly audit   portfinder: [ '1.0.32' ],
87 silly audit   'proxy-addr': [ '2.0.7' ],
87 silly audit   qs: [ '6.11.0' ],
87 silly audit   'range-parser': [ '1.2.1' ],
87 silly audit   'safer-buffer': [ '2.1.2' ],
87 silly audit   send: [ '0.18.0' ],
87 silly audit   'serve-index': [ '1.9.1' ],
87 silly audit   setprototypeof: [ '1.1.0', '1.2.0' ],
87 silly audit   statuses: [ '1.5.0', '2.0.1' ],
87 silly audit   'serve-static': [ '1.15.0' ],
87 silly audit   'set-function-length': [ '1.2.0' ],
87 silly audit   'side-channel': [ '1.0.4' ],
87 silly audit   'strip-ansi': [ '3.0.1' ],
87 silly audit   'supports-color': [ '2.0.0' ],
87 silly audit   toidentifier: [ '1.0.1' ],
87 silly audit   'type-is': [ '1.6.18' ],
87 silly audit   unpipe: [ '1.0.0' ],
87 silly audit   'utils-merge': [ '1.0.1' ],
87 silly audit   vary: [ '1.1.2' ]
87 silly audit }
88 timing reify:unpack Completed in 1ms
89 timing reify:unretire Completed in 29ms
90 timing build:queue Completed in 0ms
91 timing build:deps Completed in 0ms
92 timing build Completed in 0ms
93 timing reify:build Completed in 1ms
94 timing reify:trash Completed in 92ms
95 timing reify:save Completed in 15ms
96 http fetch POST 200 https://registry.npmjs.org/-/npm/v1/security/advisories/bulk 440ms
97 timing auditReport:getReport Completed in 442ms
98 silly audit report {
98 silly audit report   'body-parser': [
98 silly audit report     {
98 silly audit report       id: 1099520,
98 silly audit report       url: 'https://github.com/advisories/GHSA-qwcr-r2fm-qrc7',
98 silly audit report       title: 'body-parser vulnerable to denial of service when url encoding is enabled',
98 silly audit report       severity: 'high',
98 silly audit report       vulnerable_versions: '<1.20.3',
98 silly audit report       cwe: [Array],
98 silly audit report       cvss: [Object]
98 silly audit report     }
98 silly audit report   ],
98 silly audit report   cookie: [
98 silly audit report     {
98 silly audit report       id: 1103907,
98 silly audit report       url: 'https://github.com/advisories/GHSA-pxg6-pf52-xh8x',
98 silly audit report       title: 'cookie accepts cookie name, path, and domain with out of bounds characters',
98 silly audit report       severity: 'low',
98 silly audit report       vulnerable_versions: '<0.7.0',
98 silly audit report       cwe: [Array],
98 silly audit report       cvss: [Object]
98 silly audit report     }
98 silly audit report   ],
98 silly audit report   express: [
98 silly audit report     {
98 silly audit report       id: 1100530,
98 silly audit report       url: 'https://github.com/advisories/GHSA-qw6h-vgh9-j6wx',
98 silly audit report       title: 'express vulnerable to XSS via response.redirect()',
98 silly audit report       severity: 'low',
98 silly audit report       vulnerable_versions: '<4.20.0',
98 silly audit report       cwe: [Array],
98 silly audit report       cvss: [Object]
98 silly audit report     },
98 silly audit report     {
98 silly audit report       id: 1111636,
98 silly audit report       url: 'https://github.com/advisories/GHSA-rv95-896h-c2vc',
98 silly audit report       title: 'Express.js Open Redirect in malformed URLs',
98 silly audit report       severity: 'moderate',
98 silly audit report       vulnerable_versions: '<4.19.2',
98 silly audit report       cwe: [Array],
98 silly audit report       cvss: [Object]
98 silly audit report     }
98 silly audit report   ],
98 silly audit report   lodash: [
98 silly audit report     {
98 silly audit report       id: 1112455,
98 silly audit report       url: 'https://github.com/advisories/GHSA-xxjr-mmjv-4gpg',
98 silly audit report       title: 'Lodash has Prototype Pollution Vulnerability in `_.unset` and `_.omit` functions',
98 silly audit report       severity: 'moderate',
98 silly audit report       vulnerable_versions: '>=4.0.0 <=4.17.22',
98 silly audit report       cwe: [Array],
98 silly audit report       cvss: [Object]
98 silly audit report     }
98 silly audit report   ],
98 silly audit report   'on-headers': [
98 silly audit report     {
98 silly audit report       id: 1106812,
98 silly audit report       url: 'https://github.com/advisories/GHSA-76c9-3jph-rj3q',
98 silly audit report       title: 'on-headers is vulnerable to http response header manipulation',
98 silly audit report       severity: 'low',
98 silly audit report       vulnerable_versions: '<1.1.0',
98 silly audit report       cwe: [Array],
98 silly audit report       cvss: [Object]
98 silly audit report     }
98 silly audit report   ],
98 silly audit report   'path-to-regexp': [
98 silly audit report     {
98 silly audit report       id: 1101850,
98 silly audit report       url: 'https://github.com/advisories/GHSA-9wv6-86v2-598j',
98 silly audit report       title: 'path-to-regexp outputs backtracking regular expressions',
98 silly audit report       severity: 'high',
98 silly audit report       vulnerable_versions: '<0.1.10',
98 silly audit report       cwe: [Array],
98 silly audit report       cvss: [Object]
98 silly audit report     },
98 silly audit report     {
98 silly audit report       id: 1105199,
98 silly audit report       url: 'https://github.com/advisories/GHSA-rhx6-c78j-4q9w',
98 silly audit report       title: 'path-to-regexp contains a ReDoS',
98 silly audit report       severity: 'high',
98 silly audit report       vulnerable_versions: '<0.1.12',
98 silly audit report       cwe: [Array],
98 silly audit report       cvss: [Object]
98 silly audit report     }
98 silly audit report   ],
98 silly audit report   qs: [
98 silly audit report     {
98 silly audit report       id: 1113161,
98 silly audit report       url: 'https://github.com/advisories/GHSA-w7fw-mjwx-w883',
98 silly audit report       title: "qs's arrayLimit bypass in comma parsing allows denial of service",
98 silly audit report       severity: 'low',
98 silly audit report       vulnerable_versions: '>=6.7.0 <=6.14.1',
98 silly audit report       cwe: [Array],
98 silly audit report       cvss: [Object]
98 silly audit report     },
98 silly audit report     {
98 silly audit report       id: 1113719,
98 silly audit report       url: 'https://github.com/advisories/GHSA-6rw7-vpxm-498p',
98 silly audit report       title: "qs's arrayLimit bypass in its bracket notation allows DoS via memory exhaustion",
98 silly audit report       severity: 'moderate',
98 silly audit report       vulnerable_versions: '<6.14.1',
98 silly audit report       cwe: [Array],
98 silly audit report       cvss: [Object]
98 silly audit report     }
98 silly audit report   ],
98 silly audit report   send: [
98 silly audit report     {
98 silly audit report       id: 1109556,
98 silly audit report       url: 'https://github.com/advisories/GHSA-m6fv-jmcg-4jfg',
98 silly audit report       title: 'send vulnerable to template injection that can lead to XSS',
98 silly audit report       severity: 'low',
98 silly audit report       vulnerable_versions: '<0.19.0',
98 silly audit report       cwe: [Array],
98 silly audit report       cvss: [Object]
98 silly audit report     }
98 silly audit report   ],
98 silly audit report   'serve-static': [
98 silly audit report     {
98 silly audit report       id: 1100528,
98 silly audit report       url: 'https://github.com/advisories/GHSA-cm22-4g7w-348p',
98 silly audit report       title: 'serve-static vulnerable to template injection that can lead to XSS',
98 silly audit report       severity: 'low',
98 silly audit report       vulnerable_versions: '<1.16.0',
98 silly audit report       cwe: [Array],
98 silly audit report       cvss: [Object]
98 silly audit report     }
98 silly audit report   ]
98 silly audit report }
99 timing metavuln:cache:get:security-advisory:express:i1lv/mW3LDhCPxcU8tmYv85dckQQGUSeQtASYLVoMkQNcpH1gG93hQzZIslm4Zlt3AYRSx4rg+plteAtIC0Z1w== Completed in 16ms
100 timing metavuln:cache:get:security-advisory:express:Y6ACp2DmYM+0HQ/I8CvEhLQJwNp8DOoQ76C8ObH06Y0qG40PIuVRmOi3OWzwUOTASTLCIWqeicWSO/acR3aaGQ== Completed in 17ms
101 timing metavuln:cache:get:security-advisory:body-parser:uoEU0GS6gk35ZdcQ5nagZYzZcDz5Th0PEvPIVa8rzwbO20pRdxYbAhpIm6Wc5MALXoWb1C4X8WqCtH02U0Wo1A== Completed in 18ms
102 timing metavuln:cache:get:security-advisory:lodash:OGNA5lR8rR8aeucWHqvJLBV5oaroI/lF2JfG9J2l63dx9uiGUyHuI4ymC6nv+dqWwxtqCIMcqBukiWYEiF5/RQ== Completed in 15ms
103 timing metavuln:cache:get:security-advisory:on-headers:O+Ys/f4bZubU3jA9Sqz4HIIJaATwc83W201O653Eo/4y8FTwrgSc3mrXs4p8n7svj0OzipJYTBXXWJCgp81mSQ== Completed in 14ms
104 timing metavuln:cache:get:security-advisory:path-to-regexp:0sP5sOjSm2jEVzBjQIX2s9I2rZ6lj48WyfSR+oVtUzndwLs0Cww28/j1R5EWf/fv+a3hc7KtVDL8gxcHV6kAiQ== Completed in 13ms
105 timing metavuln:cache:get:security-advisory:qs:iChjlXxtVMTpyXsUse674XoeCayLW4gF6rE7sQcXvHRFegwpM44fUr9Eqlmsmu+S9udu9w9eZmpzcAcyiUJMIQ== Completed in 13ms
106 timing metavuln:cache:get:security-advisory:cookie:EFt7h/FZLeopARa06+F2CBY5ItUm007mP/cHgZjTJZX1MeIwg3JD7toSioRoDeE8wm5VdkimqlS+CnuPhZqbIg== Completed in 17ms
107 timing metavuln:cache:get:security-advisory:path-to-regexp:1zdQfT/2s1/9HPIPcJl7TnWCFxsytt3sSe7T+xPf8FNpp2H4co4yvyKagGg4lKEjTVlcftvXdieAZPONp1djoQ== Completed in 13ms
108 timing metavuln:cache:get:security-advisory:qs:vVSN+MRVpdux32gCUfPGidHUGmS/0G5Ziwtmb1YXw3NARw1r47LtySeR7yFf/LZ4sKzi41443WWDDZzPHuCh9g== Completed in 13ms
109 timing metavuln:cache:get:security-advisory:send:8NP35PpfDEVbqnzPdc9zuVQOxwpjeCWA/vn7Q9SplgLVmZPjGaDssuEM0QllxNS2U4IM79h+Qp8GEO0schn/xw== Completed in 13ms
110 timing metavuln:cache:get:security-advisory:serve-static:VyBBWzRCPk4QPwU71mkZJ+QZdwW0bnbx/lUJDdvhij3t67jGrB4z2A5Ryyta1VjZgpmZ9kuyannc46B7jSSuiQ== Completed in 12ms
111 http fetch GET 200 https://registry.npmjs.org/serve-static 117ms (cache revalidated)
112 timing metavuln:packument:serve-static Completed in 117ms
113 timing metavuln:load:security-advisory:serve-static:1100528 Completed in 1ms
114 timing metavuln:calculate:security-advisory:serve-static:1100528 Completed in 118ms
115 http fetch GET 200 https://registry.npmjs.org/on-headers 150ms (cache revalidated)
116 timing metavuln:packument:on-headers Completed in 151ms
117 timing metavuln:load:security-advisory:on-headers:1106812 Completed in 0ms
118 timing metavuln:calculate:security-advisory:on-headers:1106812 Completed in 151ms
119 http fetch GET 200 https://registry.npmjs.org/path-to-regexp 151ms (cache revalidated)
120 timing metavuln:packument:path-to-regexp Completed in 151ms
121 timing metavuln:load:security-advisory:path-to-regexp:1101850 Completed in 0ms
122 timing metavuln:calculate:security-advisory:path-to-regexp:1101850 Completed in 151ms
123 timing metavuln:load:security-advisory:path-to-regexp:1105199 Completed in 0ms
124 timing metavuln:calculate:security-advisory:path-to-regexp:1105199 Completed in 151ms
125 http fetch GET 200 https://registry.npmjs.org/lodash 170ms (cache revalidated)
126 timing metavuln:packument:lodash Completed in 172ms
127 timing metavuln:load:security-advisory:lodash:1112455 Completed in 0ms
128 timing metavuln:calculate:security-advisory:lodash:1112455 Completed in 172ms
129 http fetch GET 200 https://registry.npmjs.org/send 170ms (cache revalidated)
130 timing metavuln:packument:send Completed in 171ms
131 timing metavuln:load:security-advisory:send:1109556 Completed in 0ms
132 timing metavuln:calculate:security-advisory:send:1109556 Completed in 171ms
133 http fetch GET 200 https://registry.npmjs.org/qs 175ms (cache revalidated)
134 timing metavuln:packument:qs Completed in 176ms
135 timing metavuln:load:security-advisory:qs:1113161 Completed in 0ms
136 timing metavuln:calculate:security-advisory:qs:1113161 Completed in 176ms
137 timing metavuln:load:security-advisory:qs:1113719 Completed in 1ms
138 timing metavuln:calculate:security-advisory:qs:1113719 Completed in 177ms
139 http fetch GET 200 https://registry.npmjs.org/cookie 186ms (cache revalidated)
140 timing metavuln:packument:cookie Completed in 186ms
141 timing metavuln:load:security-advisory:cookie:1103907 Completed in 0ms
142 timing metavuln:calculate:security-advisory:cookie:1103907 Completed in 186ms
143 http fetch GET 200 https://registry.npmjs.org/express 358ms (cache revalidated)
144 timing metavuln:packument:express Completed in 361ms
145 timing metavuln:load:security-advisory:express:1100530 Completed in 2ms
146 timing metavuln:calculate:security-advisory:express:1100530 Completed in 364ms
147 timing metavuln:load:security-advisory:express:1111636 Completed in 1ms
148 timing metavuln:calculate:security-advisory:express:1111636 Completed in 364ms
149 http fetch GET 200 https://registry.npmjs.org/body-parser 398ms (cache revalidated)
150 timing metavuln:packument:body-parser Completed in 399ms
151 timing metavuln:load:security-advisory:body-parser:1099520 Completed in 1ms
152 timing metavuln:calculate:security-advisory:body-parser:1099520 Completed in 400ms
153 timing metavuln:cache:get:security-advisory:express:jvTd6gzTcOHtTpI+4CX7Ne4qICdj+n1Uun+dHPDk1JAyy9ltqA8JnsvVhBi+M0Y+kR5QoSv5YqjecJACWBUhEA== Completed in 1ms
154 timing metavuln:load:security-advisory:express:uoEU0GS6gk35ZdcQ5nagZYzZcDz5Th0PEvPIVa8rzwbO20pRdxYbAhpIm6Wc5MALXoWb1C4X8WqCtH02U0Wo1A== Completed in 1ms
155 timing metavuln:calculate:security-advisory:express:uoEU0GS6gk35ZdcQ5nagZYzZcDz5Th0PEvPIVa8rzwbO20pRdxYbAhpIm6Wc5MALXoWb1C4X8WqCtH02U0Wo1A== Completed in 2ms
156 timing metavuln:cache:get:security-advisory:express:sb5aHYxuv7oTd2v1ApotGTTuwOWqb9o3qRQ2W5Aju5V6v7nYbGS+2GR0OxQkrB3Sgzu051IbP4LwzpKgrH2WGQ== Completed in 1ms
157 timing metavuln:load:security-advisory:express:EFt7h/FZLeopARa06+F2CBY5ItUm007mP/cHgZjTJZX1MeIwg3JD7toSioRoDeE8wm5VdkimqlS+CnuPhZqbIg== Completed in 1ms
158 timing metavuln:calculate:security-advisory:express:EFt7h/FZLeopARa06+F2CBY5ItUm007mP/cHgZjTJZX1MeIwg3JD7toSioRoDeE8wm5VdkimqlS+CnuPhZqbIg== Completed in 2ms
159 timing metavuln:cache:get:security-advisory:async:7fXGKva6MOwXGci6DY3BcnFp12LtB4GyBSKgq905ROC0hgYhB5eaTj4cMB7k6fl/+vVgRAiNsZq9gvd4R0pH1A== Completed in 1ms
160 http fetch GET 200 https://registry.npmjs.org/async 385ms (cache revalidated)
161 timing metavuln:packument:async Completed in 386ms
162 timing metavuln:load:security-advisory:async:OGNA5lR8rR8aeucWHqvJLBV5oaroI/lF2JfG9J2l63dx9uiGUyHuI4ymC6nv+dqWwxtqCIMcqBukiWYEiF5/RQ== Completed in 1ms
163 timing metavuln:calculate:security-advisory:async:OGNA5lR8rR8aeucWHqvJLBV5oaroI/lF2JfG9J2l63dx9uiGUyHuI4ymC6nv+dqWwxtqCIMcqBukiWYEiF5/RQ== Completed in 387ms
164 timing metavuln:cache:get:security-advisory:morgan:Zke8uLY8Kb+xhaCR8KBCtgvE9/pW8gqS8Wu7+yODR03h3RUJ3LkbQhW1UPJdzfNjaqwB7PsUxN02Mik4jHZypQ== Completed in 3ms
165 http fetch GET 200 https://registry.npmjs.org/morgan 55ms (cache revalidated)
166 timing metavuln:packument:morgan Completed in 56ms
167 timing metavuln:load:security-advisory:morgan:O+Ys/f4bZubU3jA9Sqz4HIIJaATwc83W201O653Eo/4y8FTwrgSc3mrXs4p8n7svj0OzipJYTBXXWJCgp81mSQ== Completed in 0ms
168 timing metavuln:calculate:security-advisory:morgan:O+Ys/f4bZubU3jA9Sqz4HIIJaATwc83W201O653Eo/4y8FTwrgSc3mrXs4p8n7svj0OzipJYTBXXWJCgp81mSQ== Completed in 56ms
169 timing metavuln:cache:get:security-advisory:express:LRbUnr0WeU21QXyqYq0LKWnxCksZVHamePIRXV3//T9Aj7u3VWNsnM6K5ujI/Z6dfOKKNzbMDayMt+lQ7d6K3A== Completed in 1ms
170 timing metavuln:load:security-advisory:express:1zdQfT/2s1/9HPIPcJl7TnWCFxsytt3sSe7T+xPf8FNpp2H4co4yvyKagGg4lKEjTVlcftvXdieAZPONp1djoQ== Completed in 1ms
171 timing metavuln:calculate:security-advisory:express:1zdQfT/2s1/9HPIPcJl7TnWCFxsytt3sSe7T+xPf8FNpp2H4co4yvyKagGg4lKEjTVlcftvXdieAZPONp1djoQ== Completed in 2ms
172 timing metavuln:cache:get:security-advisory:express:Qxs0t5MAyfWkxZXrn5d46toL85dY/eYqwQswCjVN3ze7zcZExphuyuGvmDChb/mvSc6A1P848uOkCDpJiTx7sA== Completed in 2ms
173 timing metavuln:load:security-advisory:express:vVSN+MRVpdux32gCUfPGidHUGmS/0G5Ziwtmb1YXw3NARw1r47LtySeR7yFf/LZ4sKzi41443WWDDZzPHuCh9g== Completed in 0ms
174 timing metavuln:calculate:security-advisory:express:vVSN+MRVpdux32gCUfPGidHUGmS/0G5Ziwtmb1YXw3NARw1r47LtySeR7yFf/LZ4sKzi41443WWDDZzPHuCh9g== Completed in 2ms
175 timing metavuln:cache:get:security-advisory:body-parser:SVY1QJwUSfML2NehOGcSVstcXKS/eDua/5V2EUmKoUvvslju7nOUuG2U2s8Ab8JiwWLyYwOKkJuQtb6QCoInhg== Completed in 2ms
176 timing metavuln:load:security-advisory:body-parser:vVSN+MRVpdux32gCUfPGidHUGmS/0G5Ziwtmb1YXw3NARw1r47LtySeR7yFf/LZ4sKzi41443WWDDZzPHuCh9g== Completed in 1ms
177 timing metavuln:calculate:security-advisory:body-parser:vVSN+MRVpdux32gCUfPGidHUGmS/0G5Ziwtmb1YXw3NARw1r47LtySeR7yFf/LZ4sKzi41443WWDDZzPHuCh9g== Completed in 3ms
178 timing metavuln:cache:get:security-advisory:serve-static:VMA9Xvj5QO+jz0WZF77roG80h0vr8/yqXqCDcQHHVJmej+4wy5CoagzzI0fzX0hekO2hxhcidoF4uBR9z8aY1Q== Completed in 0ms
179 timing metavuln:load:security-advisory:serve-static:8NP35PpfDEVbqnzPdc9zuVQOxwpjeCWA/vn7Q9SplgLVmZPjGaDssuEM0QllxNS2U4IM79h+Qp8GEO0schn/xw== Completed in 1ms
180 timing metavuln:calculate:security-advisory:serve-static:8NP35PpfDEVbqnzPdc9zuVQOxwpjeCWA/vn7Q9SplgLVmZPjGaDssuEM0QllxNS2U4IM79h+Qp8GEO0schn/xw== Completed in 1ms
181 timing metavuln:cache:get:security-advisory:express:icN4Z/CnJ3HexuuTzhvyFELlcl9Ayp336wmeTAuWjfT/hbRPW+ZwueDz6SD9ycRuIKM/WmBUFAjzHNHL3NFgtQ== Completed in 1ms
182 timing metavuln:load:security-advisory:express:8NP35PpfDEVbqnzPdc9zuVQOxwpjeCWA/vn7Q9SplgLVmZPjGaDssuEM0QllxNS2U4IM79h+Qp8GEO0schn/xw== Completed in 0ms
183 timing metavuln:calculate:security-advisory:express:8NP35PpfDEVbqnzPdc9zuVQOxwpjeCWA/vn7Q9SplgLVmZPjGaDssuEM0QllxNS2U4IM79h+Qp8GEO0schn/xw== Completed in 1ms
184 timing metavuln:cache:get:security-advisory:express:kykTo4VuC2rM2MB0/ANQ51tOegcUPd67Lh4iIK7TUUpqt61eQaJ70XtItcffrJ8PoIYxwtnuqm5DJGT19JMA/A== Completed in 1ms
185 timing metavuln:load:security-advisory:express:VyBBWzRCPk4QPwU71mkZJ+QZdwW0bnbx/lUJDdvhij3t67jGrB4z2A5Ryyta1VjZgpmZ9kuyannc46B7jSSuiQ== Completed in 0ms
186 timing metavuln:calculate:security-advisory:express:VyBBWzRCPk4QPwU71mkZJ+QZdwW0bnbx/lUJDdvhij3t67jGrB4z2A5Ryyta1VjZgpmZ9kuyannc46B7jSSuiQ== Completed in 2ms
187 timing auditReport:init Completed in 859ms
188 timing reify:audit Completed in 1302ms
189 timing reify Completed in 1360ms
190 silly REMOVE node_modules/xmlchars
191 silly REMOVE node_modules/xml-name-validator
192 silly REMOVE node_modules/ws
193 silly REMOVE node_modules/whatwg-url
194 silly REMOVE node_modules/whatwg-mimetype
195 silly REMOVE node_modules/whatwg-encoding
196 silly REMOVE node_modules/whatwg-encoding/node_modules/iconv-lite
197 silly REMOVE node_modules/webidl-conversions
198 silly REMOVE node_modules/w3c-xmlserializer
199 silly REMOVE node_modules/url-parse
200 silly REMOVE node_modules/universalify
201 silly REMOVE node_modules/tr46
202 silly REMOVE node_modules/tough-cookie
203 silly REMOVE node_modules/symbol-tree
204 silly REMOVE node_modules/saxes
205 silly REMOVE node_modules/rrweb-cssom
206 silly REMOVE node_modules/requires-port
207 silly REMOVE node_modules/querystringify
208 silly REMOVE node_modules/punycode
209 silly REMOVE node_modules/psl
210 silly REMOVE node_modules/parse5
211 silly REMOVE node_modules/nwsapi
212 silly REMOVE node_modules/jsdom
213 silly REMOVE node_modules/is-potential-custom-element-name
214 silly REMOVE node_modules/https-proxy-agent
215 silly REMOVE node_modules/https-proxy-agent/node_modules/ms
216 silly REMOVE node_modules/https-proxy-agent/node_modules/debug
217 silly REMOVE node_modules/http-proxy-agent
218 silly REMOVE node_modules/http-proxy-agent/node_modules/ms
219 silly REMOVE node_modules/http-proxy-agent/node_modules/debug
220 silly REMOVE node_modules/html-encoding-sniffer
221 silly REMOVE node_modules/has-tostringtag
222 silly REMOVE node_modules/form-data
223 silly REMOVE node_modules/es-set-tostringtag
224 silly REMOVE node_modules/entities
225 silly REMOVE node_modules/domexception
226 silly REMOVE node_modules/delayed-stream
227 silly REMOVE node_modules/decimal.js
228 silly REMOVE node_modules/data-urls
229 silly REMOVE node_modules/cssstyle
230 silly REMOVE node_modules/combined-stream
231 silly REMOVE node_modules/asynckit
232 silly REMOVE node_modules/agent-base
233 silly REMOVE node_modules/agent-base/node_modules/ms
234 silly REMOVE node_modules/agent-base/node_modules/debug
235 silly REMOVE node_modules/abab
236 silly REMOVE node_modules/@tootallnate/once
237 timing command:uninstall Completed in 1374ms
238 verbose exit 0
239 timing npm Completed in 1679ms
240 info ok
