0 verbose cli /usr/local/bin/node /usr/local/bin/npm
1 info using npm@10.5.2
2 info using node@v21.6.0
3 timing npm:load:whichnode Completed in 1ms
4 timing config:load:defaults Completed in 1ms
5 timing config:load:file:/usr/local/lib/node_modules/npm/npmrc Completed in 1ms
6 timing config:load:builtin Completed in 1ms
7 timing config:load:cli Completed in 1ms
8 timing config:load:env Completed in 1ms
9 timing config:load:file:/Users/simphiwefakude/Desktop/Widgets/PND-SCS/.npmrc Completed in 1ms
10 timing config:load:project Completed in 1ms
11 timing config:load:file:/Users/simphiwefakude/.npmrc Completed in 0ms
12 timing config:load:user Completed in 0ms
13 timing config:load:file:/usr/local/etc/npmrc Completed in 0ms
14 timing config:load:global Completed in 0ms
15 timing config:load:setEnvs Completed in 0ms
16 timing config:load Completed in 5ms
17 timing npm:load:configload Completed in 5ms
18 timing config:load:flatten Completed in 1ms
19 timing npm:load:mkdirpcache Completed in 0ms
20 timing npm:load:mkdirplogs Completed in 0ms
21 verbose title npm install jsdom@22.1.0
22 verbose argv "install" "--save-dev" "jsdom@22.1.0" "--cache" ".npm-cache"
23 timing npm:load:setTitle Completed in 7ms
24 timing npm:load:display Completed in 0ms
25 verbose logfile logs-max:10 dir:/Users/simphiwefakude/Desktop/Widgets/PND-SCS/.npm-cache/_logs/2026-03-27T09_27_49_226Z-
26 verbose logfile /Users/simphiwefakude/Desktop/Widgets/PND-SCS/.npm-cache/_logs/2026-03-27T09_27_49_226Z-debug-0.log
27 timing npm:load:logFile Completed in 2ms
28 timing npm:load:timers Completed in 0ms
29 timing npm:load:configScope Completed in 0ms
30 timing npm:load Completed in 25ms
31 timing arborist:ctor Completed in 1ms
32 silly logfile done cleaning log files
33 timing idealTree:init Completed in 26ms
34 timing idealTree:userRequests Completed in 1ms
35 silly idealTree buildDeps
36 silly fetch manifest jsdom@22.1.0
37 timing arborist:ctor Completed in 0ms
38 http fetch GET 200 https://registry.npmjs.org/jsdom 18ms (cache hit)
39 silly fetch manifest canvas@^2.5.0
40 http fetch GET 200 https://registry.npmjs.org/canvas 5ms (cache hit)
41 silly placeDep ROOT jsdom@22.1.0 REPLACE for: zoho-app@0.0.1 want: 22.1.0
42 silly fetch manifest ws@^8.13.0
43 silly fetch manifest abab@^2.0.6
44 silly fetch manifest nwsapi@^2.2.4
45 silly fetch manifest parse5@^7.1.2
46 silly fetch manifest cssstyle@^3.0.0
47 silly fetch manifest data-urls@^4.0.0
48 silly fetch manifest form-data@^4.0.0
49 http fetch GET 200 https://registry.npmjs.org/data-urls 37ms (cache hit)
50 silly fetch manifest whatwg-url@^12.0.1
51 http fetch GET 200 https://registry.npmjs.org/parse5 38ms (cache hit)
52 silly fetch manifest rrweb-cssom@^0.6.0
53 http fetch GET 200 https://registry.npmjs.org/whatwg-url 6ms (cache hit)
54 silly fetch manifest domexception@^4.0.0
55 http fetch GET 200 https://registry.npmjs.org/nwsapi 131ms (cache miss)
56 silly fetch manifest tough-cookie@^4.1.2
57 http fetch GET 200 https://registry.npmjs.org/tough-cookie 2ms (cache hit)
58 silly fetch manifest whatwg-encoding@^2.0.0
59 http fetch GET 200 https://registry.npmjs.org/cssstyle 137ms (cache miss)
60 silly fetch manifest whatwg-mimetype@^3.0.0
61 http fetch GET 200 https://registry.npmjs.org/whatwg-mimetype 3ms (cache hit)
62 silly fetch manifest http-proxy-agent@^5.0.0
63 http fetch GET 200 https://registry.npmjs.org/form-data 178ms (cache miss)
64 silly fetch manifest https-proxy-agent@^5.0.1
65 http fetch GET 200 https://registry.npmjs.org/domexception 138ms (cache miss)
66 silly fetch manifest w3c-xmlserializer@^4.0.0
67 http fetch GET 200 https://registry.npmjs.org/ws 185ms (cache miss)
68 silly fetch manifest webidl-conversions@^7.0.0
69 http fetch GET 200 https://registry.npmjs.org/w3c-xmlserializer 5ms (cache hit)
70 silly fetch manifest xml-name-validator@^4.0.0
71 http fetch GET 200 https://registry.npmjs.org/xml-name-validator 3ms (cache hit)
72 silly fetch manifest html-encoding-sniffer@^3.0.0
73 http fetch GET 200 https://registry.npmjs.org/webidl-conversions 5ms (cache hit)
74 silly fetch manifest is-potential-custom-element-name@^1.0.1
75 http fetch GET 200 https://registry.npmjs.org/http-proxy-agent 51ms (cache miss)
76 http fetch GET 200 https://registry.npmjs.org/html-encoding-sniffer 3ms (cache hit)
77 http fetch GET 200 https://registry.npmjs.org/is-potential-custom-element-name 2ms (cache hit)
78 http fetch GET 200 https://registry.npmjs.org/whatwg-encoding 91ms (cache miss)
79 http fetch GET 200 https://registry.npmjs.org/https-proxy-agent 58ms (cache miss)
80 http fetch GET 200 https://registry.npmjs.org/abab 403ms (cache miss)
81 http fetch GET 200 https://registry.npmjs.org/rrweb-cssom 444ms (cache miss)
82 timing idealTree:#root Completed in 521ms
83 silly fetch manifest bufferutil@^4.0.1
84 http fetch GET 200 https://registry.npmjs.org/bufferutil 95ms (cache miss)
85 silly fetch manifest utf-8-validate@>=5.0.2
86 http fetch GET 200 https://registry.npmjs.org/utf-8-validate 50ms (cache miss)
87 silly placeDep ROOT abab@2.0.6 OK for: jsdom@22.1.0 want: ^2.0.6
88 silly placeDep ROOT cssstyle@3.0.0 OK for: jsdom@22.1.0 want: ^3.0.0
89 silly placeDep ROOT data-urls@4.0.0 OK for: jsdom@22.1.0 want: ^4.0.0
90 silly placeDep ROOT domexception@4.0.0 OK for: jsdom@22.1.0 want: ^4.0.0
91 silly placeDep ROOT form-data@4.0.5 OK for: jsdom@22.1.0 want: ^4.0.0
92 silly placeDep ROOT html-encoding-sniffer@3.0.0 OK for: jsdom@22.1.0 want: ^3.0.0
93 silly placeDep ROOT http-proxy-agent@5.0.0 OK for: jsdom@22.1.0 want: ^5.0.0
94 silly placeDep ROOT https-proxy-agent@5.0.1 OK for: jsdom@22.1.0 want: ^5.0.1
95 silly placeDep ROOT is-potential-custom-element-name@1.0.1 OK for: jsdom@22.1.0 want: ^1.0.1
96 silly placeDep ROOT nwsapi@2.2.23 OK for: jsdom@22.1.0 want: ^2.2.4
97 silly placeDep ROOT parse5@7.3.0 OK for: jsdom@22.1.0 want: ^7.1.2
98 silly placeDep ROOT rrweb-cssom@0.6.0 OK for: jsdom@22.1.0 want: ^0.6.0
99 silly placeDep ROOT tough-cookie@4.1.4 OK for: jsdom@22.1.0 want: ^4.1.2
100 silly placeDep ROOT w3c-xmlserializer@4.0.0 OK for: jsdom@22.1.0 want: ^4.0.0
101 silly placeDep ROOT webidl-conversions@7.0.0 OK for: jsdom@22.1.0 want: ^7.0.0
102 silly placeDep ROOT whatwg-encoding@2.0.0 OK for: jsdom@22.1.0 want: ^2.0.0
103 silly placeDep ROOT whatwg-mimetype@3.0.0 OK for: jsdom@22.1.0 want: ^3.0.0
104 silly placeDep ROOT whatwg-url@12.0.1 OK for: jsdom@22.1.0 want: ^12.0.1
105 silly placeDep ROOT ws@8.20.0 OK for: jsdom@22.1.0 want: ^8.13.0
106 silly placeDep ROOT xml-name-validator@4.0.0 OK for: jsdom@22.1.0 want: ^4.0.0
107 silly fetch manifest whatwg-url@^12.0.0
108 silly fetch manifest asynckit@^0.4.0
109 silly fetch manifest combined-stream@^1.0.8
110 silly fetch manifest es-set-tostringtag@^2.1.0
111 silly fetch manifest hasown@^2.0.2
112 silly fetch manifest debug@4
113 silly fetch manifest agent-base@6
114 silly fetch manifest @tootallnate/once@2
115 http fetch GET 200 https://registry.npmjs.org/debug 51ms (cache miss)
116 http fetch GET 200 https://registry.npmjs.org/agent-base 58ms (cache miss)
117 silly fetch manifest entities@^6.0.0
118 silly fetch manifest psl@^1.1.33
119 http fetch GET 200 https://registry.npmjs.org/es-set-tostringtag 63ms (cache miss)
120 silly fetch manifest punycode@^2.1.1
121 http fetch GET 200 https://registry.npmjs.org/entities 4ms (cache hit)
122 silly fetch manifest url-parse@^1.5.3
123 http fetch GET 200 https://registry.npmjs.org/combined-stream 69ms (cache miss)
124 silly fetch manifest universalify@^0.2.0
125 http fetch GET 200 https://registry.npmjs.org/punycode 10ms (cache hit)
126 silly fetch manifest iconv-lite@0.6.3
127 http fetch GET 200 https://registry.npmjs.org/hasown 74ms (cache miss)
128 silly fetch manifest tr46@^4.1.1
129 http fetch GET 200 https://registry.npmjs.org/asynckit 76ms (cache miss)
130 http fetch GET 200 https://registry.npmjs.org/@tootallnate%2fonce 75ms (cache miss)
131 http fetch GET 200 https://registry.npmjs.org/tr46 2ms (cache hit)
132 http fetch GET 200 https://registry.npmjs.org/psl 52ms (cache miss)
133 http fetch GET 200 https://registry.npmjs.org/url-parse 58ms (cache miss)
134 http fetch GET 200 https://registry.npmjs.org/iconv-lite 52ms (cache miss)
135 http fetch GET 200 https://registry.npmjs.org/universalify 63ms (cache miss)
136 timing idealTree:node_modules/jsdom Completed in 297ms
137 timing idealTree:node_modules/abab Completed in 0ms
138 timing idealTree:node_modules/cssstyle Completed in 0ms
139 timing idealTree:node_modules/data-urls Completed in 0ms
140 timing idealTree:node_modules/domexception Completed in 0ms
141 silly placeDep ROOT asynckit@0.4.0 OK for: form-data@4.0.5 want: ^0.4.0
142 silly placeDep ROOT combined-stream@1.0.8 OK for: form-data@4.0.5 want: ^1.0.8
143 silly placeDep ROOT es-set-tostringtag@2.1.0 OK for: form-data@4.0.5 want: ^2.1.0
144 silly placeDep ROOT hasown@2.0.2 REPLACE for: form-data@4.0.5 want: ^2.0.2
145 silly fetch manifest delayed-stream@~1.0.0
146 silly fetch manifest es-errors@^1.3.0
147 silly fetch manifest get-intrinsic@^1.2.6
148 silly fetch manifest has-tostringtag@^1.0.2
149 http fetch GET 200 https://registry.npmjs.org/get-intrinsic 46ms (cache miss)
150 http fetch GET 200 https://registry.npmjs.org/has-tostringtag 46ms (cache miss)
151 http fetch GET 200 https://registry.npmjs.org/delayed-stream 58ms (cache miss)
152 http fetch GET 200 https://registry.npmjs.org/es-errors 408ms (cache miss)
153 timing idealTree:node_modules/form-data Completed in 412ms
154 timing idealTree:node_modules/asynckit Completed in 0ms
155 silly placeDep ROOT delayed-stream@1.0.0 OK for: combined-stream@1.0.8 want: ~1.0.0
156 timing idealTree:node_modules/combined-stream Completed in 1ms
157 timing idealTree:node_modules/delayed-stream Completed in 0ms
158 silly placeDep ROOT es-errors@1.3.0 OK for: es-set-tostringtag@2.1.0 want: ^1.3.0
159 silly placeDep ROOT get-intrinsic@1.3.0 REPLACE for: es-set-tostringtag@2.1.0 want: ^1.2.6
160 silly placeDep ROOT has-tostringtag@1.0.2 OK for: es-set-tostringtag@2.1.0 want: ^1.0.2
161 silly fetch manifest gopd@^1.2.0
162 silly fetch manifest get-proto@^1.0.1
163 silly fetch manifest has-symbols@^1.1.0
164 silly fetch manifest es-object-atoms@^1.1.1
165 silly fetch manifest math-intrinsics@^1.1.0
166 silly fetch manifest es-define-property@^1.0.1
167 silly fetch manifest call-bind-apply-helpers@^1.0.2
168 http fetch GET 200 https://registry.npmjs.org/math-intrinsics 46ms (cache miss)
169 silly fetch manifest has-symbols@^1.0.3
170 http fetch GET 200 https://registry.npmjs.org/es-object-atoms 47ms (cache miss)
171 http fetch GET 200 https://registry.npmjs.org/has-symbols 67ms (cache miss)
172 http fetch GET 200 https://registry.npmjs.org/es-define-property 72ms (cache miss)
173 http fetch GET 200 https://registry.npmjs.org/gopd 74ms (cache miss)
174 http fetch GET 200 https://registry.npmjs.org/has-symbols 48ms (cache miss)
175 http fetch GET 200 https://registry.npmjs.org/get-proto 360ms (cache miss)
176 http fetch GET 200 https://registry.npmjs.org/call-bind-apply-helpers 368ms (cache miss)
177 timing idealTree:node_modules/es-set-tostringtag Completed in 372ms
178 timing idealTree:node_modules/es-errors Completed in 1ms
179 silly placeDep ROOT call-bind-apply-helpers@1.0.2 OK for: get-intrinsic@1.3.0 want: ^1.0.2
180 silly placeDep ROOT es-define-property@1.0.1 OK for: get-intrinsic@1.3.0 want: ^1.0.1
181 silly placeDep ROOT es-object-atoms@1.1.1 OK for: get-intrinsic@1.3.0 want: ^1.1.1
182 silly placeDep ROOT get-proto@1.0.1 OK for: get-intrinsic@1.3.0 want: ^1.0.1
183 silly placeDep ROOT gopd@1.2.0 REPLACE for: get-intrinsic@1.3.0 want: ^1.2.0
184 silly placeDep ROOT has-symbols@1.1.0 OK for: get-intrinsic@1.3.0 want: ^1.1.0
185 silly placeDep ROOT math-intrinsics@1.1.0 OK for: get-intrinsic@1.3.0 want: ^1.1.0
186 silly fetch manifest dunder-proto@^1.0.1
187 http fetch GET 200 https://registry.npmjs.org/dunder-proto 73ms (cache miss)
188 timing idealTree:node_modules/get-intrinsic Completed in 79ms
189 timing idealTree:node_modules/call-bind-apply-helpers Completed in 0ms
190 timing idealTree:node_modules/es-define-property Completed in 0ms
191 timing idealTree:node_modules/es-object-atoms Completed in 0ms
192 silly placeDep ROOT dunder-proto@1.0.1 OK for: get-proto@1.0.1 want: ^1.0.1
193 timing idealTree:node_modules/get-proto Completed in 2ms
194 timing idealTree:node_modules/dunder-proto Completed in 0ms
195 timing idealTree:node_modules/gopd Completed in 0ms
196 timing idealTree:node_modules/has-symbols Completed in 0ms
197 timing idealTree:node_modules/has-tostringtag Completed in 0ms
198 timing idealTree:node_modules/hasown Completed in 0ms
199 timing idealTree:node_modules/html-encoding-sniffer Completed in 0ms
200 silly placeDep ROOT @tootallnate/once@2.0.0 OK for: http-proxy-agent@5.0.0 want: 2
201 silly placeDep ROOT agent-base@6.0.2 OK for: http-proxy-agent@5.0.0 want: 6
202 silly placeDep node_modules/http-proxy-agent debug@4.4.3 OK for: http-proxy-agent@5.0.0 want: 4
203 silly fetch manifest ms@^2.1.3
204 http fetch GET 200 https://registry.npmjs.org/ms 49ms (cache miss)
205 timing idealTree:node_modules/http-proxy-agent Completed in 53ms
206 timing idealTree:node_modules/@tootallnate/once Completed in 0ms
207 silly placeDep node_modules/agent-base debug@4.4.3 OK for: agent-base@6.0.2 want: 4
208 timing idealTree:node_modules/agent-base Completed in 1ms
209 silly placeDep node_modules/https-proxy-agent debug@4.4.3 OK for: https-proxy-agent@5.0.1 want: 4
210 timing idealTree:node_modules/https-proxy-agent Completed in 1ms
211 timing idealTree:node_modules/is-potential-custom-element-name Completed in 0ms
212 timing idealTree:node_modules/math-intrinsics Completed in 0ms
213 timing idealTree:node_modules/nwsapi Completed in 0ms
214 silly placeDep ROOT entities@6.0.1 OK for: parse5@7.3.0 want: ^6.0.0
215 timing idealTree:node_modules/parse5 Completed in 0ms
216 timing idealTree:node_modules/entities Completed in 0ms
217 timing idealTree:node_modules/rrweb-cssom Completed in 0ms
218 silly placeDep ROOT psl@1.15.0 OK for: tough-cookie@4.1.4 want: ^1.1.33
219 silly placeDep ROOT punycode@2.3.1 OK for: tough-cookie@4.1.4 want: ^2.1.1
220 silly placeDep ROOT universalify@0.2.0 OK for: tough-cookie@4.1.4 want: ^0.2.0
221 silly placeDep ROOT url-parse@1.5.10 OK for: tough-cookie@4.1.4 want: ^1.5.3
222 silly fetch manifest punycode@^2.3.1
223 silly fetch manifest querystringify@^2.1.1
224 silly fetch manifest requires-port@^1.0.0
225 http fetch GET 200 https://registry.npmjs.org/querystringify 65ms (cache miss)
226 http fetch GET 200 https://registry.npmjs.org/requires-port 66ms (cache miss)
227 timing idealTree:node_modules/tough-cookie Completed in 69ms
228 timing idealTree:node_modules/psl Completed in 0ms
229 timing idealTree:node_modules/punycode Completed in 0ms
230 timing idealTree:node_modules/universalify Completed in 0ms
231 silly placeDep ROOT querystringify@2.2.0 OK for: url-parse@1.5.10 want: ^2.1.1
232 silly placeDep ROOT requires-port@1.0.0 OK for: url-parse@1.5.10 want: ^1.0.0
233 timing idealTree:node_modules/url-parse Completed in 1ms
234 timing idealTree:node_modules/querystringify Completed in 0ms
235 timing idealTree:node_modules/requires-port Completed in 0ms
236 timing idealTree:node_modules/w3c-xmlserializer Completed in 0ms
237 timing idealTree:node_modules/webidl-conversions Completed in 0ms
238 silly placeDep node_modules/whatwg-encoding iconv-lite@0.6.3 OK for: whatwg-encoding@2.0.0 want: 0.6.3
239 timing idealTree:node_modules/whatwg-encoding Completed in 1ms
240 timing idealTree:node_modules/whatwg-mimetype Completed in 0ms
241 silly placeDep ROOT tr46@4.1.1 OK for: whatwg-url@12.0.1 want: ^4.1.1
242 timing idealTree:node_modules/whatwg-url Completed in 2ms
243 timing idealTree:node_modules/tr46 Completed in 0ms
244 timing idealTree:node_modules/ws Completed in 0ms
245 timing idealTree:node_modules/xml-name-validator Completed in 0ms
246 silly placeDep node_modules/agent-base ms@2.1.3 OK for: debug@4.4.3 want: ^2.1.3
247 timing idealTree:node_modules/agent-base/node_modules/debug Completed in 1ms
248 timing idealTree:node_modules/agent-base/node_modules/ms Completed in 0ms
249 silly placeDep node_modules/http-proxy-agent ms@2.1.3 OK for: debug@4.4.3 want: ^2.1.3
250 timing idealTree:node_modules/http-proxy-agent/node_modules/debug Completed in 0ms
251 timing idealTree:node_modules/http-proxy-agent/node_modules/ms Completed in 0ms
252 silly placeDep node_modules/https-proxy-agent ms@2.1.3 OK for: debug@4.4.3 want: ^2.1.3
253 timing idealTree:node_modules/https-proxy-agent/node_modules/debug Completed in 1ms
254 timing idealTree:node_modules/https-proxy-agent/node_modules/ms Completed in 0ms
255 timing idealTree:node_modules/whatwg-encoding/node_modules/iconv-lite Completed in 0ms
256 timing idealTree:buildDeps Completed in 1817ms
257 timing idealTree:fixDepFlags Completed in 1ms
258 timing idealTree Completed in 1847ms
259 timing reify:loadTrees Completed in 1849ms
260 timing reify:diffTrees Completed in 3ms
261 silly reify mark retired [
261 silly reify   '/Users/simphiwefakude/Desktop/Widgets/PND-SCS/node_modules/@asamuzakjp/css-color'
261 silly reify ]
262 silly reify mark retired [
262 silly reify   '/Users/simphiwefakude/Desktop/Widgets/PND-SCS/node_modules/@asamuzakjp/dom-selector'
262 silly reify ]
263 silly reify mark retired [
263 silly reify   '/Users/simphiwefakude/Desktop/Widgets/PND-SCS/node_modules/@asamuzakjp/nwsapi'
263 silly reify ]
264 silly reify mark retired [
264 silly reify   '/Users/simphiwefakude/Desktop/Widgets/PND-SCS/node_modules/@bramus/specificity',
264 silly reify   '/Users/simphiwefakude/Desktop/Widgets/PND-SCS/node_modules/.bin/specificity'
264 silly reify ]
265 silly reify mark retired [
265 silly reify   '/Users/simphiwefakude/Desktop/Widgets/PND-SCS/node_modules/@csstools/color-helpers'
265 silly reify ]
266 silly reify mark retired [
266 silly reify   '/Users/simphiwefakude/Desktop/Widgets/PND-SCS/node_modules/@csstools/css-calc'
266 silly reify ]
267 silly reify mark retired [
267 silly reify   '/Users/simphiwefakude/Desktop/Widgets/PND-SCS/node_modules/@csstools/css-color-parser'
267 silly reify ]
268 silly reify mark retired [
268 silly reify   '/Users/simphiwefakude/Desktop/Widgets/PND-SCS/node_modules/@csstools/css-parser-algorithms'
268 silly reify ]
269 silly reify mark retired [
269 silly reify   '/Users/simphiwefakude/Desktop/Widgets/PND-SCS/node_modules/@csstools/css-syntax-patches-for-csstree'
269 silly reify ]
270 silly reify mark retired [
270 silly reify   '/Users/simphiwefakude/Desktop/Widgets/PND-SCS/node_modules/@csstools/css-tokenizer'
270 silly reify ]
271 silly reify mark retired [
271 silly reify   '/Users/simphiwefakude/Desktop/Widgets/PND-SCS/node_modules/@exodus/bytes'
271 silly reify ]
272 silly reify mark retired [
272 silly reify   '/Users/simphiwefakude/Desktop/Widgets/PND-SCS/node_modules/bidi-js'
272 silly reify ]
273 silly reify mark retired [
273 silly reify   '/Users/simphiwefakude/Desktop/Widgets/PND-SCS/node_modules/css-tree'
273 silly reify ]
274 silly reify mark retired [
274 silly reify   '/Users/simphiwefakude/Desktop/Widgets/PND-SCS/node_modules/data-urls'
274 silly reify ]
275 silly reify mark retired [
275 silly reify   '/Users/simphiwefakude/Desktop/Widgets/PND-SCS/node_modules/get-intrinsic'
275 silly reify ]
276 silly reify mark retired [ '/Users/simphiwefakude/Desktop/Widgets/PND-SCS/node_modules/gopd' ]
277 silly reify mark retired [
277 silly reify   '/Users/simphiwefakude/Desktop/Widgets/PND-SCS/node_modules/has-proto'
277 silly reify ]
278 silly reify mark retired [
278 silly reify   '/Users/simphiwefakude/Desktop/Widgets/PND-SCS/node_modules/has-symbols'
278 silly reify ]
279 silly reify mark retired [ '/Users/simphiwefakude/Desktop/Widgets/PND-SCS/node_modules/hasown' ]
280 silly reify mark retired [
280 silly reify   '/Users/simphiwefakude/Desktop/Widgets/PND-SCS/node_modules/html-encoding-sniffer'
280 silly reify ]
281 silly reify mark retired [ '/Users/simphiwefakude/Desktop/Widgets/PND-SCS/node_modules/jsdom' ]
282 silly reify mark retired [
282 silly reify   '/Users/simphiwefakude/Desktop/Widgets/PND-SCS/node_modules/lru-cache'
282 silly reify ]
283 silly reify mark retired [
283 silly reify   '/Users/simphiwefakude/Desktop/Widgets/PND-SCS/node_modules/mdn-data'
283 silly reify ]
284 silly reify mark retired [ '/Users/simphiwefakude/Desktop/Widgets/PND-SCS/node_modules/parse5' ]
285 silly reify mark retired [
285 silly reify   '/Users/simphiwefakude/Desktop/Widgets/PND-SCS/node_modules/require-from-string'
285 silly reify ]
286 silly reify mark retired [
286 silly reify   '/Users/simphiwefakude/Desktop/Widgets/PND-SCS/node_modules/source-map-js'
286 silly reify ]
287 silly reify mark retired [
287 silly reify   '/Users/simphiwefakude/Desktop/Widgets/PND-SCS/node_modules/tldts',
287 silly reify   '/Users/simphiwefakude/Desktop/Widgets/PND-SCS/node_modules/.bin/tldts'
287 silly reify ]
288 silly reify mark retired [
288 silly reify   '/Users/simphiwefakude/Desktop/Widgets/PND-SCS/node_modules/tldts-core'
288 silly reify ]
289 silly reify mark retired [
289 silly reify   '/Users/simphiwefakude/Desktop/Widgets/PND-SCS/node_modules/tough-cookie'
289 silly reify ]
290 silly reify mark retired [ '/Users/simphiwefakude/Desktop/Widgets/PND-SCS/node_modules/tr46' ]
291 silly reify mark retired [ '/Users/simphiwefakude/Desktop/Widgets/PND-SCS/node_modules/undici' ]
292 silly reify mark retired [
292 silly reify   '/Users/simphiwefakude/Desktop/Widgets/PND-SCS/node_modules/w3c-xmlserializer'
292 silly reify ]
293 silly reify mark retired [
293 silly reify   '/Users/simphiwefakude/Desktop/Widgets/PND-SCS/node_modules/webidl-conversions'
293 silly reify ]
294 silly reify mark retired [
294 silly reify   '/Users/simphiwefakude/Desktop/Widgets/PND-SCS/node_modules/whatwg-mimetype'
294 silly reify ]
295 silly reify mark retired [
295 silly reify   '/Users/simphiwefakude/Desktop/Widgets/PND-SCS/node_modules/whatwg-url'
295 silly reify ]
296 silly reify mark retired [
296 silly reify   '/Users/simphiwefakude/Desktop/Widgets/PND-SCS/node_modules/xml-name-validator'
296 silly reify ]
297 silly reify moves {
297 silly reify   '/Users/simphiwefakude/Desktop/Widgets/PND-SCS/node_modules/@asamuzakjp/css-color': '/Users/simphiwefakude/Desktop/Widgets/PND-SCS/node_modules/@asamuzakjp/.css-color-6d14z1Uq',
297 silly reify   '/Users/simphiwefakude/Desktop/Widgets/PND-SCS/node_modules/@asamuzakjp/dom-selector': '/Users/simphiwefakude/Desktop/Widgets/PND-SCS/node_modules/@asamuzakjp/.dom-selector-b5clVRSB',
297 silly reify   '/Users/simphiwefakude/Desktop/Widgets/PND-SCS/node_modules/@asamuzakjp/nwsapi': '/Users/simphiwefakude/Desktop/Widgets/PND-SCS/node_modules/@asamuzakjp/.nwsapi-6Gskz1nM',
297 silly reify   '/Users/simphiwefakude/Desktop/Widgets/PND-SCS/node_modules/@bramus/specificity': '/Users/simphiwefakude/Desktop/Widgets/PND-SCS/node_modules/@bramus/.specificity-zcEXvoQs',
297 silly reify   '/Users/simphiwefakude/Desktop/Widgets/PND-SCS/node_modules/.bin/specificity': '/Users/simphiwefakude/Desktop/Widgets/PND-SCS/node_modules/.bin/.specificity-oC5VzZqW',
297 silly reify   '/Users/simphiwefakude/Desktop/Widgets/PND-SCS/node_modules/@csstools/color-helpers': '/Users/simphiwefakude/Desktop/Widgets/PND-SCS/node_modules/@csstools/.color-helpers-Qlm7OHlM',
297 silly reify   '/Users/simphiwefakude/Desktop/Widgets/PND-SCS/node_modules/@csstools/css-calc': '/Users/simphiwefakude/Desktop/Widgets/PND-SCS/node_modules/@csstools/.css-calc-SZ4leFJA',
297 silly reify   '/Users/simphiwefakude/Desktop/Widgets/PND-SCS/node_modules/@csstools/css-color-parser': '/Users/simphiwefakude/Desktop/Widgets/PND-SCS/node_modules/@csstools/.css-color-parser-xGMEmeMq',
297 silly reify   '/Users/simphiwefakude/Desktop/Widgets/PND-SCS/node_modules/@csstools/css-parser-algorithms': '/Users/simphiwefakude/Desktop/Widgets/PND-SCS/node_modules/@csstools/.css-parser-algorithms-je2eKLNk',
297 silly reify   '/Users/simphiwefakude/Desktop/Widgets/PND-SCS/node_modules/@csstools/css-syntax-patches-for-csstree': '/Users/simphiwefakude/Desktop/Widgets/PND-SCS/node_modules/@csstools/.css-syntax-patches-for-csstree-uH9iBZx6',
297 silly reify   '/Users/simphiwefakude/Desktop/Widgets/PND-SCS/node_modules/@csstools/css-tokenizer': '/Users/simphiwefakude/Desktop/Widgets/PND-SCS/node_modules/@csstools/.css-tokenizer-4gr49WkS',
297 silly reify   '/Users/simphiwefakude/Desktop/Widgets/PND-SCS/node_modules/@exodus/bytes': '/Users/simphiwefakude/Desktop/Widgets/PND-SCS/node_modules/@exodus/.bytes-3Pr0hqbG',
297 silly reify   '/Users/simphiwefakude/Desktop/Widgets/PND-SCS/node_modules/bidi-js': '/Users/simphiwefakude/Desktop/Widgets/PND-SCS/node_modules/.bidi-js-H627nbsq',
297 silly reify   '/Users/simphiwefakude/Desktop/Widgets/PND-SCS/node_modules/css-tree': '/Users/simphiwefakude/Desktop/Widgets/PND-SCS/node_modules/.css-tree-6xC822kV',
297 silly reify   '/Users/simphiwefakude/Desktop/Widgets/PND-SCS/node_modules/data-urls': '/Users/simphiwefakude/Desktop/Widgets/PND-SCS/node_modules/.data-urls-eeN8ueg0',
297 silly reify   '/Users/simphiwefakude/Desktop/Widgets/PND-SCS/node_modules/get-intrinsic': '/Users/simphiwefakude/Desktop/Widgets/PND-SCS/node_modules/.get-intrinsic-Ayynn1El',
297 silly reify   '/Users/simphiwefakude/Desktop/Widgets/PND-SCS/node_modules/gopd': '/Users/simphiwefakude/Desktop/Widgets/PND-SCS/node_modules/.gopd-NTpW7Bts',
297 silly reify   '/Users/simphiwefakude/Desktop/Widgets/PND-SCS/node_modules/has-proto': '/Users/simphiwefakude/Desktop/Widgets/PND-SCS/node_modules/.has-proto-5uwWylZ4',
297 silly reify   '/Users/simphiwefakude/Desktop/Widgets/PND-SCS/node_modules/has-symbols': '/Users/simphiwefakude/Desktop/Widgets/PND-SCS/node_modules/.has-symbols-prT903sC',
297 silly reify   '/Users/simphiwefakude/Desktop/Widgets/PND-SCS/node_modules/hasown': '/Users/simphiwefakude/Desktop/Widgets/PND-SCS/node_modules/.hasown-xRVZLr1n',
297 silly reify   '/Users/simphiwefakude/Desktop/Widgets/PND-SCS/node_modules/html-encoding-sniffer': '/Users/simphiwefakude/Desktop/Widgets/PND-SCS/node_modules/.html-encoding-sniffer-VFmU1XsV',
297 silly reify   '/Users/simphiwefakude/Desktop/Widgets/PND-SCS/node_modules/jsdom': '/Users/simphiwefakude/Desktop/Widgets/PND-SCS/node_modules/.jsdom-0qmBD2EJ',
297 silly reify   '/Users/simphiwefakude/Desktop/Widgets/PND-SCS/node_modules/lru-cache': '/Users/simphiwefakude/Desktop/Widgets/PND-SCS/node_modules/.lru-cache-fIVsuUHL',
297 silly reify   '/Users/simphiwefakude/Desktop/Widgets/PND-SCS/node_modules/mdn-data': '/Users/simphiwefakude/Desktop/Widgets/PND-SCS/node_modules/.mdn-data-A5pszgX7',
297 silly reify   '/Users/simphiwefakude/Desktop/Widgets/PND-SCS/node_modules/parse5': '/Users/simphiwefakude/Desktop/Widgets/PND-SCS/node_modules/.parse5-4cSRv4G8',
297 silly reify   '/Users/simphiwefakude/Desktop/Widgets/PND-SCS/node_modules/require-from-string': '/Users/simphiwefakude/Desktop/Widgets/PND-SCS/node_modules/.require-from-string-aOnvbpGh',
297 silly reify   '/Users/simphiwefakude/Desktop/Widgets/PND-SCS/node_modules/source-map-js': '/Users/simphiwefakude/Desktop/Widgets/PND-SCS/node_modules/.source-map-js-gCD1iv0F',
297 silly reify   '/Users/simphiwefakude/Desktop/Widgets/PND-SCS/node_modules/tldts': '/Users/simphiwefakude/Desktop/Widgets/PND-SCS/node_modules/.tldts-vThR3my9',
297 silly reify   '/Users/simphiwefakude/Desktop/Widgets/PND-SCS/node_modules/.bin/tldts': '/Users/simphiwefakude/Desktop/Widgets/PND-SCS/node_modules/.bin/.tldts-7Fb6KITo',
297 silly reify   '/Users/simphiwefakude/Desktop/Widgets/PND-SCS/node_modules/tldts-core': '/Users/simphiwefakude/Desktop/Widgets/PND-SCS/node_modules/.tldts-core-4ZvTZEFu',
297 silly reify   '/Users/simphiwefakude/Desktop/Widgets/PND-SCS/node_modules/tough-cookie': '/Users/simphiwefakude/Desktop/Widgets/PND-SCS/node_modules/.tough-cookie-OdyBW8TC',
297 silly reify   '/Users/simphiwefakude/Desktop/Widgets/PND-SCS/node_modules/tr46': '/Users/simphiwefakude/Desktop/Widgets/PND-SCS/node_modules/.tr46-HhtLGVYW',
297 silly reify   '/Users/simphiwefakude/Desktop/Widgets/PND-SCS/node_modules/undici': '/Users/simphiwefakude/Desktop/Widgets/PND-SCS/node_modules/.undici-x4DHYzk1',
297 silly reify   '/Users/simphiwefakude/Desktop/Widgets/PND-SCS/node_modules/w3c-xmlserializer': '/Users/simphiwefakude/Desktop/Widgets/PND-SCS/node_modules/.w3c-xmlserializer-nSw5CBHc',
297 silly reify   '/Users/simphiwefakude/Desktop/Widgets/PND-SCS/node_modules/webidl-conversions': '/Users/simphiwefakude/Desktop/Widgets/PND-SCS/node_modules/.webidl-conversions-JexnMo6a',
297 silly reify   '/Users/simphiwefakude/Desktop/Widgets/PND-SCS/node_modules/whatwg-mimetype': '/Users/simphiwefakude/Desktop/Widgets/PND-SCS/node_modules/.whatwg-mimetype-El7P9fZK',
297 silly reify   '/Users/simphiwefakude/Desktop/Widgets/PND-SCS/node_modules/whatwg-url': '/Users/simphiwefakude/Desktop/Widgets/PND-SCS/node_modules/.whatwg-url-Ubi1bAvh',
297 silly reify   '/Users/simphiwefakude/Desktop/Widgets/PND-SCS/node_modules/xml-name-validator': '/Users/simphiwefakude/Desktop/Widgets/PND-SCS/node_modules/.xml-name-validator-eOb7BhA3'
297 silly reify }
298 timing reify:retireShallow Completed in 11ms
299 timing reify:createSparse Completed in 4ms
300 timing reify:loadBundles Completed in 0ms
301 silly audit bulk request {
301 silly audit   accepts: [ '1.3.8' ],
301 silly audit   'ansi-regex': [ '2.1.1' ],
301 silly audit   'ansi-styles': [ '2.2.1' ],
301 silly audit   'array-flatten': [ '1.1.1' ],
301 silly audit   async: [ '2.6.4' ],
301 silly audit   'basic-auth': [ '2.0.1' ],
301 silly audit   'safe-buffer': [ '5.1.2', '5.2.1' ],
301 silly audit   batch: [ '0.6.1' ],
301 silly audit   'body-parser': [ '1.20.2', '1.20.1' ],
301 silly audit   bytes: [ '3.1.2' ],
301 silly audit   'call-bind': [ '1.0.5' ],
301 silly audit   chalk: [ '1.1.3' ],
301 silly audit   'content-disposition': [ '0.5.4' ],
301 silly audit   'content-type': [ '1.0.5' ],
301 silly audit   cookie: [ '0.5.0' ],
301 silly audit   'cookie-signature': [ '1.0.6' ],
301 silly audit   debug: [ '2.6.9', '3.2.7', '4.4.3' ],
301 silly audit   'decimal.js': [ '10.6.0' ],
301 silly audit   'define-data-property': [ '1.1.1' ],
301 silly audit   depd: [ '2.0.0', '1.1.2' ],
301 silly audit   destroy: [ '1.2.0' ],
301 silly audit   'ee-first': [ '1.1.1' ],
301 silly audit   encodeurl: [ '1.0.2' ],
301 silly audit   errorhandler: [ '1.5.1' ],
301 silly audit   'escape-html': [ '1.0.3' ],
301 silly audit   'escape-string-regexp': [ '1.0.5' ],
301 silly audit   etag: [ '1.8.1' ],
301 silly audit   express: [ '4.18.2' ],
301 silly audit   'raw-body': [ '2.5.1', '2.5.2' ],
301 silly audit   finalhandler: [ '1.2.0' ],
301 silly audit   forwarded: [ '0.2.0' ],
301 silly audit   fresh: [ '0.5.2' ],
301 silly audit   'function-bind': [ '1.1.2' ],
301 silly audit   'has-ansi': [ '2.0.0' ],
301 silly audit   'has-property-descriptors': [ '1.0.1' ],
301 silly audit   'http-errors': [ '2.0.0', '1.6.3' ],
301 silly audit   i18next: [ '10.6.0' ],
301 silly audit   'iconv-lite': [ '0.4.24', '0.6.3' ],
301 silly audit   inherits: [ '2.0.4', '2.0.3' ],
301 silly audit   'ipaddr.js': [ '1.9.1' ],
301 silly audit   lodash: [ '4.17.21' ],
301 silly audit   'media-typer': [ '0.3.0' ],
301 silly audit   'merge-descriptors': [ '1.0.1' ],
301 silly audit   methods: [ '1.1.2' ],
301 silly audit   mime: [ '1.6.0' ],
301 silly audit   'mime-db': [ '1.52.0' ],
301 silly audit   'mime-types': [ '2.1.35' ],
301 silly audit   minimist: [ '1.2.8' ],
301 silly audit   mkdirp: [ '0.5.6' ],
301 silly audit   morgan: [ '1.10.0' ],
301 silly audit   'on-finished': [ '2.3.0', '2.4.1' ],
301 silly audit   ms: [ '2.0.0', '2.1.3' ],
301 silly audit   negotiator: [ '0.6.3' ],
301 silly audit   'object-inspect': [ '1.13.1' ],
301 silly audit   'on-headers': [ '1.0.2' ],
301 silly audit   parseurl: [ '1.3.3' ],
301 silly audit   'path-to-regexp': [ '0.1.7' ],
301 silly audit   portfinder: [ '1.0.32' ],
301 silly audit   'proxy-addr': [ '2.0.7' ],
301 silly audit   qs: [ '6.11.0' ],
301 silly audit   'range-parser': [ '1.2.1' ],
301 silly audit   'safer-buffer': [ '2.1.2' ],
301 silly audit   saxes: [ '6.0.0' ],
301 silly audit   send: [ '0.18.0' ],
301 silly audit   'serve-index': [ '1.9.1' ],
301 silly audit   setprototypeof: [ '1.1.0', '1.2.0' ],
301 silly audit   statuses: [ '1.5.0', '2.0.1' ],
301 silly audit   'serve-static': [ '1.15.0' ],
301 silly audit   'set-function-length': [ '1.2.0' ],
301 silly audit   'side-channel': [ '1.0.4' ],
301 silly audit   'strip-ansi': [ '3.0.1' ],
301 silly audit   'supports-color': [ '2.0.0' ],
301 silly audit   'symbol-tree': [ '3.2.4' ],
301 silly audit   toidentifier: [ '1.0.1' ],
301 silly audit   'type-is': [ '1.6.18' ],
301 silly audit   unpipe: [ '1.0.0' ],
301 silly audit   'utils-merge': [ '1.0.1' ],
301 silly audit   vary: [ '1.1.2' ],
301 silly audit   xmlchars: [ '2.2.0' ],
301 silly audit   jsdom: [ '22.1.0' ],
301 silly audit   abab: [ '2.0.6' ],
301 silly audit   cssstyle: [ '3.0.0' ],
301 silly audit   'data-urls': [ '4.0.0' ],
301 silly audit   domexception: [ '4.0.0' ],
301 silly audit   'form-data': [ '4.0.5' ],
301 silly audit   'html-encoding-sniffer': [ '3.0.0' ],
301 silly audit   'http-proxy-agent': [ '5.0.0' ],
301 silly audit   'https-proxy-agent': [ '5.0.1' ],
301 silly audit   'is-potential-custom-element-name': [ '1.0.1' ],
301 silly audit   nwsapi: [ '2.2.23' ],
301 silly audit   parse5: [ '7.3.0' ],
301 silly audit   'rrweb-cssom': [ '0.6.0' ],
301 silly audit   'tough-cookie': [ '4.1.4' ],
301 silly audit   'w3c-xmlserializer': [ '4.0.0' ],
301 silly audit   'webidl-conversions': [ '7.0.0' ],
301 silly audit   'whatwg-encoding': [ '2.0.0' ],
301 silly audit   'whatwg-mimetype': [ '3.0.0' ],
301 silly audit   'whatwg-url': [ '12.0.1' ],
301 silly audit   ws: [ '8.20.0' ],
301 silly audit   'xml-name-validator': [ '4.0.0' ],
301 silly audit   asynckit: [ '0.4.0' ],
301 silly audit   'combined-stream': [ '1.0.8' ],
301 silly audit   'es-set-tostringtag': [ '2.1.0' ],
301 silly audit   hasown: [ '2.0.2' ],
301 silly audit   'delayed-stream': [ '1.0.0' ],
301 silly audit   'es-errors': [ '1.3.0' ],
301 silly audit   'get-intrinsic': [ '1.3.0' ],
301 silly audit   'has-tostringtag': [ '1.0.2' ],
301 silly audit   'call-bind-apply-helpers': [ '1.0.2' ],
301 silly audit   'es-define-property': [ '1.0.1' ],
301 silly audit   'es-object-atoms': [ '1.1.1' ],
301 silly audit   'get-proto': [ '1.0.1' ],
301 silly audit   gopd: [ '1.2.0' ],
301 silly audit   'has-symbols': [ '1.1.0' ],
301 silly audit   'math-intrinsics': [ '1.1.0' ],
301 silly audit   'dunder-proto': [ '1.0.1' ],
301 silly audit   '@tootallnate/once': [ '2.0.0' ],
301 silly audit   'agent-base': [ '6.0.2' ],
301 silly audit   entities: [ '6.0.1' ],
301 silly audit   psl: [ '1.15.0' ],
301 silly audit   punycode: [ '2.3.1' ],
301 silly audit   universalify: [ '0.2.0' ],
301 silly audit   'url-parse': [ '1.5.10' ],
301 silly audit   querystringify: [ '2.2.0' ],
301 silly audit   'requires-port': [ '1.0.0' ],
301 silly audit   tr46: [ '4.1.1' ]
301 silly audit }
302 silly tarball no local data for url-parse@https://registry.npmjs.org/url-parse/-/url-parse-1.5.10.tgz. Extracting by manifest.
303 silly tarball no local data for psl@https://registry.npmjs.org/psl/-/psl-1.15.0.tgz. Extracting by manifest.
304 silly tarball no local data for requires-port@https://registry.npmjs.org/requires-port/-/requires-port-1.0.0.tgz. Extracting by manifest.
305 silly tarball no local data for math-intrinsics@https://registry.npmjs.org/math-intrinsics/-/math-intrinsics-1.1.0.tgz. Extracting by manifest.
306 silly tarball no local data for querystringify@https://registry.npmjs.org/querystringify/-/querystringify-2.2.0.tgz. Extracting by manifest.
307 silly tarball no local data for dunder-proto@https://registry.npmjs.org/dunder-proto/-/dunder-proto-1.0.1.tgz. Extracting by manifest.
308 silly tarball no local data for get-proto@https://registry.npmjs.org/get-proto/-/get-proto-1.0.1.tgz. Extracting by manifest.
309 silly tarball no local data for agent-base@https://registry.npmjs.org/agent-base/-/agent-base-6.0.2.tgz. Extracting by manifest.
310 silly tarball no local data for es-object-atoms@https://registry.npmjs.org/es-object-atoms/-/es-object-atoms-1.1.1.tgz. Extracting by manifest.
311 silly tarball no local data for universalify@https://registry.npmjs.org/universalify/-/universalify-0.2.0.tgz. Extracting by manifest.
312 silly tarball no local data for call-bind-apply-helpers@https://registry.npmjs.org/call-bind-apply-helpers/-/call-bind-apply-helpers-1.0.2.tgz. Extracting by manifest.
313 silly tarball no local data for es-errors@https://registry.npmjs.org/es-errors/-/es-errors-1.3.0.tgz. Extracting by manifest.
314 silly tarball no local data for @tootallnate/once@https://registry.npmjs.org/@tootallnate/once/-/once-2.0.0.tgz. Extracting by manifest.
315 silly tarball no local data for has-tostringtag@https://registry.npmjs.org/has-tostringtag/-/has-tostringtag-1.0.2.tgz. Extracting by manifest.
316 silly tarball no local data for delayed-stream@https://registry.npmjs.org/delayed-stream/-/delayed-stream-1.0.0.tgz. Extracting by manifest.
317 silly tarball no local data for es-define-property@https://registry.npmjs.org/es-define-property/-/es-define-property-1.0.1.tgz. Extracting by manifest.
318 silly tarball no local data for ws@https://registry.npmjs.org/ws/-/ws-8.20.0.tgz. Extracting by manifest.
319 silly tarball no local data for asynckit@https://registry.npmjs.org/asynckit/-/asynckit-0.4.0.tgz. Extracting by manifest.
320 silly tarball no local data for combined-stream@https://registry.npmjs.org/combined-stream/-/combined-stream-1.0.8.tgz. Extracting by manifest.
321 silly tarball no local data for nwsapi@https://registry.npmjs.org/nwsapi/-/nwsapi-2.2.23.tgz. Extracting by manifest.
322 silly tarball no local data for rrweb-cssom@https://registry.npmjs.org/rrweb-cssom/-/rrweb-cssom-0.6.0.tgz. Extracting by manifest.
323 silly tarball no local data for cssstyle@https://registry.npmjs.org/cssstyle/-/cssstyle-3.0.0.tgz. Extracting by manifest.
324 silly tarball no local data for form-data@https://registry.npmjs.org/form-data/-/form-data-4.0.5.tgz. Extracting by manifest.
325 silly tarball no local data for http-proxy-agent@https://registry.npmjs.org/http-proxy-agent/-/http-proxy-agent-5.0.0.tgz. Extracting by manifest.
326 silly tarball no local data for https-proxy-agent@https://registry.npmjs.org/https-proxy-agent/-/https-proxy-agent-5.0.1.tgz. Extracting by manifest.
327 silly tarball no local data for whatwg-encoding@https://registry.npmjs.org/whatwg-encoding/-/whatwg-encoding-2.0.0.tgz. Extracting by manifest.
328 silly tarball no local data for es-set-tostringtag@https://registry.npmjs.org/es-set-tostringtag/-/es-set-tostringtag-2.1.0.tgz. Extracting by manifest.
329 silly tarball no local data for abab@https://registry.npmjs.org/abab/-/abab-2.0.6.tgz. Extracting by manifest.
330 silly tarball no local data for xml-name-validator@https://registry.npmjs.org/xml-name-validator/-/xml-name-validator-4.0.0.tgz. Extracting by manifest.
331 silly tarball no local data for domexception@https://registry.npmjs.org/domexception/-/domexception-4.0.0.tgz. Extracting by manifest.
332 silly tarball no local data for webidl-conversions@https://registry.npmjs.org/webidl-conversions/-/webidl-conversions-7.0.0.tgz. Extracting by manifest.
333 silly tarball no local data for whatwg-mimetype@https://registry.npmjs.org/whatwg-mimetype/-/whatwg-mimetype-3.0.0.tgz. Extracting by manifest.
334 silly tarball no local data for w3c-xmlserializer@https://registry.npmjs.org/w3c-xmlserializer/-/w3c-xmlserializer-4.0.0.tgz. Extracting by manifest.
335 silly tarball no local data for whatwg-url@https://registry.npmjs.org/whatwg-url/-/whatwg-url-12.0.1.tgz. Extracting by manifest.
336 silly tarball no local data for jsdom@https://registry.npmjs.org/jsdom/-/jsdom-22.1.0.tgz. Extracting by manifest.
337 silly tarball no local data for parse5@https://registry.npmjs.org/parse5/-/parse5-7.3.0.tgz. Extracting by manifest.
338 silly tarball no local data for has-symbols@https://registry.npmjs.org/has-symbols/-/has-symbols-1.1.0.tgz. Extracting by manifest.
339 silly tarball no local data for hasown@https://registry.npmjs.org/hasown/-/hasown-2.0.2.tgz. Extracting by manifest.
340 silly tarball no local data for debug@https://registry.npmjs.org/debug/-/debug-4.4.3.tgz. Extracting by manifest.
341 silly tarball no local data for data-urls@https://registry.npmjs.org/data-urls/-/data-urls-4.0.0.tgz. Extracting by manifest.
342 silly tarball no local data for iconv-lite@https://registry.npmjs.org/iconv-lite/-/iconv-lite-0.6.3.tgz. Extracting by manifest.
343 silly tarball no local data for ms@https://registry.npmjs.org/ms/-/ms-2.1.3.tgz. Extracting by manifest.
344 silly tarball no local data for html-encoding-sniffer@https://registry.npmjs.org/html-encoding-sniffer/-/html-encoding-sniffer-3.0.0.tgz. Extracting by manifest.
345 silly tarball no local data for tr46@https://registry.npmjs.org/tr46/-/tr46-4.1.1.tgz. Extracting by manifest.
346 silly tarball no local data for gopd@https://registry.npmjs.org/gopd/-/gopd-1.2.0.tgz. Extracting by manifest.
347 silly tarball no local data for debug@https://registry.npmjs.org/debug/-/debug-4.4.3.tgz. Extracting by manifest.
348 silly tarball no local data for debug@https://registry.npmjs.org/debug/-/debug-4.4.3.tgz. Extracting by manifest.
349 silly tarball no local data for ms@https://registry.npmjs.org/ms/-/ms-2.1.3.tgz. Extracting by manifest.
350 silly tarball no local data for ms@https://registry.npmjs.org/ms/-/ms-2.1.3.tgz. Extracting by manifest.
351 silly tarball no local data for get-intrinsic@https://registry.npmjs.org/get-intrinsic/-/get-intrinsic-1.3.0.tgz. Extracting by manifest.
352 silly tarball no local data for tough-cookie@https://registry.npmjs.org/tough-cookie/-/tough-cookie-4.1.4.tgz. Extracting by manifest.
353 http fetch GET 200 https://registry.npmjs.org/requires-port/-/requires-port-1.0.0.tgz 74ms (cache miss)
354 timing reifyNode:node_modules/requires-port Completed in 90ms
355 http fetch GET 200 https://registry.npmjs.org/querystringify/-/querystringify-2.2.0.tgz 77ms (cache miss)
356 timing reifyNode:node_modules/querystringify Completed in 93ms
357 http fetch GET 200 https://registry.npmjs.org/url-parse/-/url-parse-1.5.10.tgz 81ms (cache miss)
358 timing reifyNode:node_modules/url-parse Completed in 96ms
359 http fetch GET 200 https://registry.npmjs.org/math-intrinsics/-/math-intrinsics-1.1.0.tgz 80ms (cache miss)
360 timing reifyNode:node_modules/math-intrinsics Completed in 95ms
361 http fetch GET 200 https://registry.npmjs.org/psl/-/psl-1.15.0.tgz 100ms (cache miss)
362 timing reifyNode:node_modules/psl Completed in 117ms
363 http fetch GET 200 https://registry.npmjs.org/dunder-proto/-/dunder-proto-1.0.1.tgz 128ms (cache miss)
364 timing reifyNode:node_modules/dunder-proto Completed in 143ms
365 http fetch GET 200 https://registry.npmjs.org/es-define-property/-/es-define-property-1.0.1.tgz 129ms (cache miss)
366 timing reifyNode:node_modules/es-define-property Completed in 146ms
367 http fetch GET 200 https://registry.npmjs.org/delayed-stream/-/delayed-stream-1.0.0.tgz 131ms (cache miss)
368 timing reifyNode:node_modules/delayed-stream Completed in 148ms
369 http fetch GET 200 https://registry.npmjs.org/ws/-/ws-8.20.0.tgz 132ms (cache miss)
370 timing reifyNode:node_modules/ws Completed in 149ms
371 http fetch GET 200 https://registry.npmjs.org/asynckit/-/asynckit-0.4.0.tgz 170ms (cache miss)
372 timing reifyNode:node_modules/asynckit Completed in 193ms
373 http fetch GET 200 https://registry.npmjs.org/agent-base/-/agent-base-6.0.2.tgz 178ms (cache miss)
374 timing reifyNode:node_modules/agent-base Completed in 195ms
375 http fetch GET 200 https://registry.npmjs.org/combined-stream/-/combined-stream-1.0.8.tgz 207ms (cache miss)
376 timing reifyNode:node_modules/combined-stream Completed in 224ms
377 http fetch GET 200 https://registry.npmjs.org/es-object-atoms/-/es-object-atoms-1.1.1.tgz 249ms (cache miss)
378 http fetch GET 200 https://registry.npmjs.org/universalify/-/universalify-0.2.0.tgz 250ms (cache miss)
379 timing reifyNode:node_modules/universalify Completed in 268ms
380 http fetch GET 200 https://registry.npmjs.org/get-proto/-/get-proto-1.0.1.tgz 253ms (cache miss)
381 http fetch GET 200 https://registry.npmjs.org/es-set-tostringtag/-/es-set-tostringtag-2.1.0.tgz 251ms (cache miss)
382 timing reifyNode:node_modules/es-set-tostringtag Completed in 270ms
383 timing reifyNode:node_modules/es-object-atoms Completed in 270ms
384 http fetch GET 200 https://registry.npmjs.org/es-errors/-/es-errors-1.3.0.tgz 255ms (cache miss)
385 http fetch GET 200 https://registry.npmjs.org/rrweb-cssom/-/rrweb-cssom-0.6.0.tgz 254ms (cache miss)
386 timing reifyNode:node_modules/get-proto Completed in 271ms
387 timing reifyNode:node_modules/es-errors Completed in 273ms
388 http fetch GET 200 https://registry.npmjs.org/whatwg-encoding/-/whatwg-encoding-2.0.0.tgz 256ms (cache miss)
389 warn deprecated whatwg-encoding@2.0.0: Use @exodus/bytes instead for a more spec-conformant and faster implementation
390 timing reifyNode:node_modules/whatwg-encoding Completed in 274ms
391 http fetch GET 200 https://registry.npmjs.org/nwsapi/-/nwsapi-2.2.23.tgz 259ms (cache miss)
392 timing reifyNode:node_modules/nwsapi Completed in 276ms
393 timing reifyNode:node_modules/rrweb-cssom Completed in 276ms
394 http fetch GET 200 https://registry.npmjs.org/@tootallnate/once/-/once-2.0.0.tgz 264ms (cache miss)
395 timing reifyNode:node_modules/@tootallnate/once Completed in 280ms
396 http fetch GET 200 https://registry.npmjs.org/form-data/-/form-data-4.0.5.tgz 262ms (cache miss)
397 timing reifyNode:node_modules/form-data Completed in 279ms
398 http fetch GET 200 https://registry.npmjs.org/call-bind-apply-helpers/-/call-bind-apply-helpers-1.0.2.tgz 272ms (cache miss)
399 timing reifyNode:node_modules/call-bind-apply-helpers Completed in 288ms
400 http fetch GET 200 https://registry.npmjs.org/w3c-xmlserializer/-/w3c-xmlserializer-4.0.0.tgz 276ms (cache miss)
401 timing reifyNode:node_modules/w3c-xmlserializer Completed in 294ms
402 http fetch GET 200 https://registry.npmjs.org/xml-name-validator/-/xml-name-validator-4.0.0.tgz 284ms (cache miss)
403 timing reifyNode:node_modules/xml-name-validator Completed in 301ms
404 http fetch GET 200 https://registry.npmjs.org/http-proxy-agent/-/http-proxy-agent-5.0.0.tgz 291ms (cache miss)
405 timing reifyNode:node_modules/http-proxy-agent Completed in 308ms
406 http fetch GET 200 https://registry.npmjs.org/webidl-conversions/-/webidl-conversions-7.0.0.tgz 308ms (cache miss)
407 timing reifyNode:node_modules/webidl-conversions Completed in 326ms
408 http fetch GET 200 https://registry.npmjs.org/domexception/-/domexception-4.0.0.tgz 314ms (cache miss)
409 warn deprecated domexception@4.0.0: Use your platform's native DOMException instead
410 timing reifyNode:node_modules/domexception Completed in 332ms
411 http fetch GET 200 https://registry.npmjs.org/whatwg-mimetype/-/whatwg-mimetype-3.0.0.tgz 319ms (cache miss)
412 timing reifyNode:node_modules/whatwg-mimetype Completed in 337ms
413 http fetch GET 200 https://registry.npmjs.org/hasown/-/hasown-2.0.2.tgz 318ms (cache miss)
414 timing reifyNode:node_modules/hasown Completed in 337ms
415 http fetch GET 200 https://registry.npmjs.org/https-proxy-agent/-/https-proxy-agent-5.0.1.tgz 321ms (cache miss)
416 timing reifyNode:node_modules/https-proxy-agent Completed in 339ms
417 http fetch GET 200 https://registry.npmjs.org/abab/-/abab-2.0.6.tgz 336ms (cache miss)
418 warn deprecated abab@2.0.6: Use your platform's native atob() and btoa() methods instead
419 timing reifyNode:node_modules/abab Completed in 354ms
420 http fetch GET 200 https://registry.npmjs.org/has-tostringtag/-/has-tostringtag-1.0.2.tgz 343ms (cache miss)
421 timing reifyNode:node_modules/has-tostringtag Completed in 361ms
422 http fetch GET 200 https://registry.npmjs.org/debug/-/debug-4.4.3.tgz 345ms (cache miss)
423 timing reifyNode:node_modules/http-proxy-agent/node_modules/debug Completed in 365ms
424 http fetch POST 200 https://registry.npmjs.org/-/npm/v1/security/advisories/bulk 370ms
425 timing auditReport:getReport Completed in 372ms
426 silly audit report {
426 silly audit report   'body-parser': [
426 silly audit report     {
426 silly audit report       id: 1099520,
426 silly audit report       url: 'https://github.com/advisories/GHSA-qwcr-r2fm-qrc7',
426 silly audit report       title: 'body-parser vulnerable to denial of service when url encoding is enabled',
426 silly audit report       severity: 'high',
426 silly audit report       vulnerable_versions: '<1.20.3',
426 silly audit report       cwe: [Array],
426 silly audit report       cvss: [Object]
426 silly audit report     }
426 silly audit report   ],
426 silly audit report   cookie: [
426 silly audit report     {
426 silly audit report       id: 1103907,
426 silly audit report       url: 'https://github.com/advisories/GHSA-pxg6-pf52-xh8x',
426 silly audit report       title: 'cookie accepts cookie name, path, and domain with out of bounds characters',
426 silly audit report       severity: 'low',
426 silly audit report       vulnerable_versions: '<0.7.0',
426 silly audit report       cwe: [Array],
426 silly audit report       cvss: [Object]
426 silly audit report     }
426 silly audit report   ],
426 silly audit report   express: [
426 silly audit report     {
426 silly audit report       id: 1100530,
426 silly audit report       url: 'https://github.com/advisories/GHSA-qw6h-vgh9-j6wx',
426 silly audit report       title: 'express vulnerable to XSS via response.redirect()',
426 silly audit report       severity: 'low',
426 silly audit report       vulnerable_versions: '<4.20.0',
426 silly audit report       cwe: [Array],
426 silly audit report       cvss: [Object]
426 silly audit report     },
426 silly audit report     {
426 silly audit report       id: 1111636,
426 silly audit report       url: 'https://github.com/advisories/GHSA-rv95-896h-c2vc',
426 silly audit report       title: 'Express.js Open Redirect in malformed URLs',
426 silly audit report       severity: 'moderate',
426 silly audit report       vulnerable_versions: '<4.19.2',
426 silly audit report       cwe: [Array],
426 silly audit report       cvss: [Object]
426 silly audit report     }
426 silly audit report   ],
426 silly audit report   lodash: [
426 silly audit report     {
426 silly audit report       id: 1112455,
426 silly audit report       url: 'https://github.com/advisories/GHSA-xxjr-mmjv-4gpg',
426 silly audit report       title: 'Lodash has Prototype Pollution Vulnerability in `_.unset` and `_.omit` functions',
426 silly audit report       severity: 'moderate',
426 silly audit report       vulnerable_versions: '>=4.0.0 <=4.17.22',
426 silly audit report       cwe: [Array],
426 silly audit report       cvss: [Object]
426 silly audit report     }
426 silly audit report   ],
426 silly audit report   'on-headers': [
426 silly audit report     {
426 silly audit report       id: 1106812,
426 silly audit report       url: 'https://github.com/advisories/GHSA-76c9-3jph-rj3q',
426 silly audit report       title: 'on-headers is vulnerable to http response header manipulation',
426 silly audit report       severity: 'low',
426 silly audit report       vulnerable_versions: '<1.1.0',
426 silly audit report       cwe: [Array],
426 silly audit report       cvss: [Object]
426 silly audit report     }
426 silly audit report   ],
426 silly audit report   'path-to-regexp': [
426 silly audit report     {
426 silly audit report       id: 1101850,
426 silly audit report       url: 'https://github.com/advisories/GHSA-9wv6-86v2-598j',
426 silly audit report       title: 'path-to-regexp outputs backtracking regular expressions',
426 silly audit report       severity: 'high',
426 silly audit report       vulnerable_versions: '<0.1.10',
426 silly audit report       cwe: [Array],
426 silly audit report       cvss: [Object]
426 silly audit report     },
426 silly audit report     {
426 silly audit report       id: 1105199,
426 silly audit report       url: 'https://github.com/advisories/GHSA-rhx6-c78j-4q9w',
426 silly audit report       title: 'path-to-regexp contains a ReDoS',
426 silly audit report       severity: 'high',
426 silly audit report       vulnerable_versions: '<0.1.12',
426 silly audit report       cwe: [Array],
426 silly audit report       cvss: [Object]
426 silly audit report     }
426 silly audit report   ],
426 silly audit report   qs: [
426 silly audit report     {
426 silly audit report       id: 1113161,
426 silly audit report       url: 'https://github.com/advisories/GHSA-w7fw-mjwx-w883',
426 silly audit report       title: "qs's arrayLimit bypass in comma parsing allows denial of service",
426 silly audit report       severity: 'low',
426 silly audit report       vulnerable_versions: '>=6.7.0 <=6.14.1',
426 silly audit report       cwe: [Array],
426 silly audit report       cvss: [Object]
426 silly audit report     },
426 silly audit report     {
426 silly audit report       id: 1113719,
426 silly audit report       url: 'https://github.com/advisories/GHSA-6rw7-vpxm-498p',
426 silly audit report       title: "qs's arrayLimit bypass in its bracket notation allows DoS via memory exhaustion",
426 silly audit report       severity: 'moderate',
426 silly audit report       vulnerable_versions: '<6.14.1',
426 silly audit report       cwe: [Array],
426 silly audit report       cvss: [Object]
426 silly audit report     }
426 silly audit report   ],
426 silly audit report   send: [
426 silly audit report     {
426 silly audit report       id: 1109556,
426 silly audit report       url: 'https://github.com/advisories/GHSA-m6fv-jmcg-4jfg',
426 silly audit report       title: 'send vulnerable to template injection that can lead to XSS',
426 silly audit report       severity: 'low',
426 silly audit report       vulnerable_versions: '<0.19.0',
426 silly audit report       cwe: [Array],
426 silly audit report       cvss: [Object]
426 silly audit report     }
426 silly audit report   ],
426 silly audit report   'serve-static': [
426 silly audit report     {
426 silly audit report       id: 1100528,
426 silly audit report       url: 'https://github.com/advisories/GHSA-cm22-4g7w-348p',
426 silly audit report       title: 'serve-static vulnerable to template injection that can lead to XSS',
426 silly audit report       severity: 'low',
426 silly audit report       vulnerable_versions: '<1.16.0',
426 silly audit report       cwe: [Array],
426 silly audit report       cvss: [Object]
426 silly audit report     }
426 silly audit report   ],
426 silly audit report   '@tootallnate/once': [
426 silly audit report     {
426 silly audit report       id: 1113977,
426 silly audit report       url: 'https://github.com/advisories/GHSA-vpq2-c234-7xj6',
426 silly audit report       title: '@tootallnate/once vulnerable to Incorrect Control Flow Scoping',
426 silly audit report       severity: 'low',
426 silly audit report       vulnerable_versions: '<3.0.1',
426 silly audit report       cwe: [Array],
426 silly audit report       cvss: [Object]
426 silly audit report     }
426 silly audit report   ]
426 silly audit report }
427 timing metavuln:packument:@tootallnate/once Completed in 0ms
428 http fetch GET 200 https://registry.npmjs.org/ms/-/ms-2.1.3.tgz 351ms (cache miss)
429 timing reifyNode:node_modules/https-proxy-agent/node_modules/ms Completed in 372ms
430 http fetch GET 200 https://registry.npmjs.org/whatwg-url/-/whatwg-url-12.0.1.tgz 354ms (cache miss)
431 timing reifyNode:node_modules/whatwg-url Completed in 372ms
432 timing metavuln:cache:get:security-advisory:@tootallnate/once:Bij+qufwr7God+MYI0JIFJYEDFT3IlGllIhDaMb6DB6UZOYpGBBfXc1Jq59Wdg/M2NdGRUO2+zYnIEZHW42YDw== Completed in 2ms
433 timing metavuln:load:security-advisory:@tootallnate/once:1113977 Completed in 0ms
434 http fetch GET 200 https://registry.npmjs.org/data-urls/-/data-urls-4.0.0.tgz 354ms (cache miss)
435 timing reifyNode:node_modules/data-urls Completed in 373ms
436 http fetch GET 200 https://registry.npmjs.org/ms/-/ms-2.1.3.tgz 354ms (cache miss)
437 timing reifyNode:node_modules/http-proxy-agent/node_modules/ms Completed in 374ms
438 http fetch GET 200 https://registry.npmjs.org/has-symbols/-/has-symbols-1.1.0.tgz 355ms (cache miss)
439 http fetch GET 200 https://registry.npmjs.org/html-encoding-sniffer/-/html-encoding-sniffer-3.0.0.tgz 357ms (cache miss)
440 timing reifyNode:node_modules/html-encoding-sniffer Completed in 376ms
441 http fetch GET 200 https://registry.npmjs.org/ms/-/ms-2.1.3.tgz 362ms (cache miss)
442 timing reifyNode:node_modules/agent-base/node_modules/ms Completed in 382ms
443 timing reifyNode:node_modules/has-symbols Completed in 382ms
444 http fetch GET 200 https://registry.npmjs.org/gopd/-/gopd-1.2.0.tgz 364ms (cache miss)
445 timing metavuln:cache:get:security-advisory:express:i1lv/mW3LDhCPxcU8tmYv85dckQQGUSeQtASYLVoMkQNcpH1gG93hQzZIslm4Zlt3AYRSx4rg+plteAtIC0Z1w== Completed in 15ms
446 timing metavuln:cache:get:security-advisory:lodash:OGNA5lR8rR8aeucWHqvJLBV5oaroI/lF2JfG9J2l63dx9uiGUyHuI4ymC6nv+dqWwxtqCIMcqBukiWYEiF5/RQ== Completed in 15ms
447 timing metavuln:cache:get:security-advisory:cookie:EFt7h/FZLeopARa06+F2CBY5ItUm007mP/cHgZjTJZX1MeIwg3JD7toSioRoDeE8wm5VdkimqlS+CnuPhZqbIg== Completed in 16ms
448 timing metavuln:cache:get:security-advisory:express:Y6ACp2DmYM+0HQ/I8CvEhLQJwNp8DOoQ76C8ObH06Y0qG40PIuVRmOi3OWzwUOTASTLCIWqeicWSO/acR3aaGQ== Completed in 16ms
449 timing metavuln:cache:get:security-advisory:on-headers:O+Ys/f4bZubU3jA9Sqz4HIIJaATwc83W201O653Eo/4y8FTwrgSc3mrXs4p8n7svj0OzipJYTBXXWJCgp81mSQ== Completed in 16ms
450 timing metavuln:cache:get:security-advisory:path-to-regexp:1zdQfT/2s1/9HPIPcJl7TnWCFxsytt3sSe7T+xPf8FNpp2H4co4yvyKagGg4lKEjTVlcftvXdieAZPONp1djoQ== Completed in 16ms
451 timing metavuln:cache:get:security-advisory:qs:vVSN+MRVpdux32gCUfPGidHUGmS/0G5Ziwtmb1YXw3NARw1r47LtySeR7yFf/LZ4sKzi41443WWDDZzPHuCh9g== Completed in 16ms
452 timing metavuln:cache:get:security-advisory:body-parser:uoEU0GS6gk35ZdcQ5nagZYzZcDz5Th0PEvPIVa8rzwbO20pRdxYbAhpIm6Wc5MALXoWb1C4X8WqCtH02U0Wo1A== Completed in 17ms
453 timing metavuln:cache:get:security-advisory:path-to-regexp:0sP5sOjSm2jEVzBjQIX2s9I2rZ6lj48WyfSR+oVtUzndwLs0Cww28/j1R5EWf/fv+a3hc7KtVDL8gxcHV6kAiQ== Completed in 16ms
454 timing metavuln:cache:get:security-advisory:send:8NP35PpfDEVbqnzPdc9zuVQOxwpjeCWA/vn7Q9SplgLVmZPjGaDssuEM0QllxNS2U4IM79h+Qp8GEO0schn/xw== Completed in 16ms
455 timing metavuln:cache:get:security-advisory:qs:iChjlXxtVMTpyXsUse674XoeCayLW4gF6rE7sQcXvHRFegwpM44fUr9Eqlmsmu+S9udu9w9eZmpzcAcyiUJMIQ== Completed in 16ms
456 timing metavuln:cache:get:security-advisory:serve-static:VyBBWzRCPk4QPwU71mkZJ+QZdwW0bnbx/lUJDdvhij3t67jGrB4z2A5Ryyta1VjZgpmZ9kuyannc46B7jSSuiQ== Completed in 17ms
457 http fetch GET 200 https://registry.npmjs.org/debug/-/debug-4.4.3.tgz 370ms (cache miss)
458 timing reifyNode:node_modules/agent-base/node_modules/debug Completed in 390ms
459 http fetch GET 200 https://registry.npmjs.org/tr46/-/tr46-4.1.1.tgz 370ms (cache miss)
460 timing reifyNode:node_modules/tr46 Completed in 389ms
461 timing reifyNode:node_modules/gopd Completed in 392ms
462 http fetch GET 200 https://registry.npmjs.org/debug/-/debug-4.4.3.tgz 378ms (cache miss)
463 timing reifyNode:node_modules/https-proxy-agent/node_modules/debug Completed in 399ms
464 http fetch GET 200 https://registry.npmjs.org/on-headers 30ms (cache hit)
465 timing metavuln:packument:on-headers Completed in 30ms
466 timing metavuln:load:security-advisory:on-headers:1106812 Completed in 0ms
467 timing metavuln:calculate:security-advisory:on-headers:1106812 Completed in 30ms
468 http fetch GET 200 https://registry.npmjs.org/send 29ms (cache hit)
469 timing metavuln:packument:send Completed in 31ms
470 timing metavuln:load:security-advisory:send:1109556 Completed in 0ms
471 timing metavuln:calculate:security-advisory:send:1109556 Completed in 31ms
472 http fetch GET 200 https://registry.npmjs.org/cookie 31ms (cache hit)
473 timing metavuln:packument:cookie Completed in 31ms
474 timing metavuln:load:security-advisory:cookie:1103907 Completed in 0ms
475 timing metavuln:calculate:security-advisory:cookie:1103907 Completed in 31ms
476 http fetch GET 200 https://registry.npmjs.org/body-parser 31ms (cache hit)
477 timing metavuln:packument:body-parser Completed in 33ms
478 timing metavuln:load:security-advisory:body-parser:1099520 Completed in 0ms
479 timing metavuln:calculate:security-advisory:body-parser:1099520 Completed in 33ms
480 http fetch GET 200 https://registry.npmjs.org/express 33ms (cache hit)
481 timing metavuln:packument:express Completed in 35ms
482 timing metavuln:load:security-advisory:express:1100530 Completed in 1ms
483 timing metavuln:calculate:security-advisory:express:1100530 Completed in 36ms
484 timing metavuln:load:security-advisory:express:1111636 Completed in 1ms
485 timing metavuln:calculate:security-advisory:express:1111636 Completed in 37ms
486 http fetch GET 200 https://registry.npmjs.org/lodash 37ms (cache hit)
487 timing metavuln:packument:lodash Completed in 37ms
488 timing metavuln:load:security-advisory:lodash:1112455 Completed in 0ms
489 timing metavuln:calculate:security-advisory:lodash:1112455 Completed in 37ms
490 http fetch GET 200 https://registry.npmjs.org/serve-static 37ms (cache hit)
491 timing metavuln:packument:serve-static Completed in 37ms
492 timing metavuln:load:security-advisory:serve-static:1100528 Completed in 0ms
493 timing metavuln:calculate:security-advisory:serve-static:1100528 Completed in 37ms
494 http fetch GET 200 https://registry.npmjs.org/path-to-regexp 38ms (cache hit)
495 timing metavuln:packument:path-to-regexp Completed in 39ms
496 timing metavuln:load:security-advisory:path-to-regexp:1101850 Completed in 0ms
497 timing metavuln:calculate:security-advisory:path-to-regexp:1101850 Completed in 39ms
498 timing metavuln:load:security-advisory:path-to-regexp:1105199 Completed in 0ms
499 timing metavuln:calculate:security-advisory:path-to-regexp:1105199 Completed in 39ms
500 http fetch GET 200 https://registry.npmjs.org/qs 40ms (cache hit)
501 timing metavuln:packument:qs Completed in 40ms
502 timing metavuln:load:security-advisory:qs:1113161 Completed in 1ms
503 timing metavuln:calculate:security-advisory:qs:1113161 Completed in 41ms
504 timing metavuln:load:security-advisory:qs:1113719 Completed in 0ms
505 timing metavuln:calculate:security-advisory:qs:1113719 Completed in 41ms
506 http fetch GET 200 https://registry.npmjs.org/get-intrinsic/-/get-intrinsic-1.3.0.tgz 392ms (cache miss)
507 timing reifyNode:node_modules/get-intrinsic Completed in 412ms
508 timing metavuln:cache:put:security-advisory:@tootallnate/once:Bij+qufwr7God+MYI0JIFJYEDFT3IlGllIhDaMb6DB6UZOYpGBBfXc1Jq59Wdg/M2NdGRUO2+zYnIEZHW42YDw== Completed in 40ms
509 timing metavuln:calculate:security-advisory:@tootallnate/once:1113977 Completed in 42ms
510 http fetch GET 200 https://registry.npmjs.org/tough-cookie/-/tough-cookie-4.1.4.tgz 392ms (cache miss)
511 timing reifyNode:node_modules/tough-cookie Completed in 415ms
512 timing metavuln:cache:get:security-advisory:express:jvTd6gzTcOHtTpI+4CX7Ne4qICdj+n1Uun+dHPDk1JAyy9ltqA8JnsvVhBi+M0Y+kR5QoSv5YqjecJACWBUhEA== Completed in 5ms
513 timing metavuln:load:security-advisory:express:uoEU0GS6gk35ZdcQ5nagZYzZcDz5Th0PEvPIVa8rzwbO20pRdxYbAhpIm6Wc5MALXoWb1C4X8WqCtH02U0Wo1A== Completed in 1ms
514 timing metavuln:calculate:security-advisory:express:uoEU0GS6gk35ZdcQ5nagZYzZcDz5Th0PEvPIVa8rzwbO20pRdxYbAhpIm6Wc5MALXoWb1C4X8WqCtH02U0Wo1A== Completed in 6ms
515 timing metavuln:cache:get:security-advisory:express:sb5aHYxuv7oTd2v1ApotGTTuwOWqb9o3qRQ2W5Aju5V6v7nYbGS+2GR0OxQkrB3Sgzu051IbP4LwzpKgrH2WGQ== Completed in 5ms
516 timing metavuln:load:security-advisory:express:EFt7h/FZLeopARa06+F2CBY5ItUm007mP/cHgZjTJZX1MeIwg3JD7toSioRoDeE8wm5VdkimqlS+CnuPhZqbIg== Completed in 1ms
517 timing metavuln:calculate:security-advisory:express:EFt7h/FZLeopARa06+F2CBY5ItUm007mP/cHgZjTJZX1MeIwg3JD7toSioRoDeE8wm5VdkimqlS+CnuPhZqbIg== Completed in 6ms
518 timing metavuln:cache:get:security-advisory:async:7fXGKva6MOwXGci6DY3BcnFp12LtB4GyBSKgq905ROC0hgYhB5eaTj4cMB7k6fl/+vVgRAiNsZq9gvd4R0pH1A== Completed in 3ms
519 http fetch GET 200 https://registry.npmjs.org/async 8ms (cache hit)
520 timing metavuln:packument:async Completed in 8ms
521 timing metavuln:load:security-advisory:async:OGNA5lR8rR8aeucWHqvJLBV5oaroI/lF2JfG9J2l63dx9uiGUyHuI4ymC6nv+dqWwxtqCIMcqBukiWYEiF5/RQ== Completed in 1ms
522 timing metavuln:calculate:security-advisory:async:OGNA5lR8rR8aeucWHqvJLBV5oaroI/lF2JfG9J2l63dx9uiGUyHuI4ymC6nv+dqWwxtqCIMcqBukiWYEiF5/RQ== Completed in 9ms
523 http fetch GET 200 https://registry.npmjs.org/iconv-lite/-/iconv-lite-0.6.3.tgz 416ms (cache miss)
524 timing reifyNode:node_modules/whatwg-encoding/node_modules/iconv-lite Completed in 437ms
525 timing metavuln:cache:get:security-advisory:morgan:Zke8uLY8Kb+xhaCR8KBCtgvE9/pW8gqS8Wu7+yODR03h3RUJ3LkbQhW1UPJdzfNjaqwB7PsUxN02Mik4jHZypQ== Completed in 2ms
526 http fetch GET 200 https://registry.npmjs.org/cssstyle/-/cssstyle-3.0.0.tgz 424ms (cache miss)
527 timing reifyNode:node_modules/cssstyle Completed in 441ms
528 http fetch GET 200 https://registry.npmjs.org/morgan 8ms (cache hit)
529 timing metavuln:packument:morgan Completed in 8ms
530 timing metavuln:load:security-advisory:morgan:O+Ys/f4bZubU3jA9Sqz4HIIJaATwc83W201O653Eo/4y8FTwrgSc3mrXs4p8n7svj0OzipJYTBXXWJCgp81mSQ== Completed in 0ms
531 timing metavuln:calculate:security-advisory:morgan:O+Ys/f4bZubU3jA9Sqz4HIIJaATwc83W201O653Eo/4y8FTwrgSc3mrXs4p8n7svj0OzipJYTBXXWJCgp81mSQ== Completed in 9ms
532 timing metavuln:cache:get:security-advisory:express:LRbUnr0WeU21QXyqYq0LKWnxCksZVHamePIRXV3//T9Aj7u3VWNsnM6K5ujI/Z6dfOKKNzbMDayMt+lQ7d6K3A== Completed in 2ms
533 timing metavuln:load:security-advisory:express:1zdQfT/2s1/9HPIPcJl7TnWCFxsytt3sSe7T+xPf8FNpp2H4co4yvyKagGg4lKEjTVlcftvXdieAZPONp1djoQ== Completed in 0ms
534 timing metavuln:calculate:security-advisory:express:1zdQfT/2s1/9HPIPcJl7TnWCFxsytt3sSe7T+xPf8FNpp2H4co4yvyKagGg4lKEjTVlcftvXdieAZPONp1djoQ== Completed in 2ms
535 timing metavuln:cache:get:security-advisory:express:Qxs0t5MAyfWkxZXrn5d46toL85dY/eYqwQswCjVN3ze7zcZExphuyuGvmDChb/mvSc6A1P848uOkCDpJiTx7sA== Completed in 2ms
536 timing metavuln:load:security-advisory:express:vVSN+MRVpdux32gCUfPGidHUGmS/0G5Ziwtmb1YXw3NARw1r47LtySeR7yFf/LZ4sKzi41443WWDDZzPHuCh9g== Completed in 0ms
537 timing metavuln:calculate:security-advisory:express:vVSN+MRVpdux32gCUfPGidHUGmS/0G5Ziwtmb1YXw3NARw1r47LtySeR7yFf/LZ4sKzi41443WWDDZzPHuCh9g== Completed in 2ms
538 timing metavuln:cache:get:security-advisory:body-parser:SVY1QJwUSfML2NehOGcSVstcXKS/eDua/5V2EUmKoUvvslju7nOUuG2U2s8Ab8JiwWLyYwOKkJuQtb6QCoInhg== Completed in 3ms
539 timing metavuln:load:security-advisory:body-parser:vVSN+MRVpdux32gCUfPGidHUGmS/0G5Ziwtmb1YXw3NARw1r47LtySeR7yFf/LZ4sKzi41443WWDDZzPHuCh9g== Completed in 0ms
540 timing metavuln:calculate:security-advisory:body-parser:vVSN+MRVpdux32gCUfPGidHUGmS/0G5Ziwtmb1YXw3NARw1r47LtySeR7yFf/LZ4sKzi41443WWDDZzPHuCh9g== Completed in 3ms
541 timing metavuln:cache:get:security-advisory:serve-static:VMA9Xvj5QO+jz0WZF77roG80h0vr8/yqXqCDcQHHVJmej+4wy5CoagzzI0fzX0hekO2hxhcidoF4uBR9z8aY1Q== Completed in 1ms
542 timing metavuln:load:security-advisory:serve-static:8NP35PpfDEVbqnzPdc9zuVQOxwpjeCWA/vn7Q9SplgLVmZPjGaDssuEM0QllxNS2U4IM79h+Qp8GEO0schn/xw== Completed in 0ms
543 timing metavuln:calculate:security-advisory:serve-static:8NP35PpfDEVbqnzPdc9zuVQOxwpjeCWA/vn7Q9SplgLVmZPjGaDssuEM0QllxNS2U4IM79h+Qp8GEO0schn/xw== Completed in 1ms
544 timing metavuln:cache:get:security-advisory:express:icN4Z/CnJ3HexuuTzhvyFELlcl9Ayp336wmeTAuWjfT/hbRPW+ZwueDz6SD9ycRuIKM/WmBUFAjzHNHL3NFgtQ== Completed in 1ms
545 timing metavuln:load:security-advisory:express:8NP35PpfDEVbqnzPdc9zuVQOxwpjeCWA/vn7Q9SplgLVmZPjGaDssuEM0QllxNS2U4IM79h+Qp8GEO0schn/xw== Completed in 1ms
546 timing metavuln:calculate:security-advisory:express:8NP35PpfDEVbqnzPdc9zuVQOxwpjeCWA/vn7Q9SplgLVmZPjGaDssuEM0QllxNS2U4IM79h+Qp8GEO0schn/xw== Completed in 2ms
547 timing metavuln:cache:get:security-advisory:express:kykTo4VuC2rM2MB0/ANQ51tOegcUPd67Lh4iIK7TUUpqt61eQaJ70XtItcffrJ8PoIYxwtnuqm5DJGT19JMA/A== Completed in 2ms
548 timing metavuln:load:security-advisory:express:VyBBWzRCPk4QPwU71mkZJ+QZdwW0bnbx/lUJDdvhij3t67jGrB4z2A5Ryyta1VjZgpmZ9kuyannc46B7jSSuiQ== Completed in 2ms
549 timing metavuln:calculate:security-advisory:express:VyBBWzRCPk4QPwU71mkZJ+QZdwW0bnbx/lUJDdvhij3t67jGrB4z2A5Ryyta1VjZgpmZ9kuyannc46B7jSSuiQ== Completed in 4ms
550 timing metavuln:packument:http-proxy-agent Completed in 0ms
551 timing metavuln:cache:get:security-advisory:http-proxy-agent:yWh+WsUCdzVUoHJ+ukHX3VBWHgc+bzFCiNYaEHuuvW29uVMpISqXUxRqbG/B55MQ8eiu9zSwUnABxh5qJf1U0w== Completed in 0ms
552 timing metavuln:load:security-advisory:http-proxy-agent:Bij+qufwr7God+MYI0JIFJYEDFT3IlGllIhDaMb6DB6UZOYpGBBfXc1Jq59Wdg/M2NdGRUO2+zYnIEZHW42YDw== Completed in 1ms
553 timing metavuln:cache:put:security-advisory:http-proxy-agent:yWh+WsUCdzVUoHJ+ukHX3VBWHgc+bzFCiNYaEHuuvW29uVMpISqXUxRqbG/B55MQ8eiu9zSwUnABxh5qJf1U0w== Completed in 4ms
554 timing metavuln:calculate:security-advisory:http-proxy-agent:Bij+qufwr7God+MYI0JIFJYEDFT3IlGllIhDaMb6DB6UZOYpGBBfXc1Jq59Wdg/M2NdGRUO2+zYnIEZHW42YDw== Completed in 5ms
555 timing metavuln:packument:jsdom Completed in 0ms
556 timing metavuln:cache:get:security-advisory:jsdom:wQEAvL/Q4j7zUdvGw5n0bXowuRe5TwkEJsVmfIM9Q/9tgea2INgWTz296HBSWQ3NcM9rSllL44jnHZjIXB7PuQ== Completed in 0ms
557 timing metavuln:load:security-advisory:jsdom:yWh+WsUCdzVUoHJ+ukHX3VBWHgc+bzFCiNYaEHuuvW29uVMpISqXUxRqbG/B55MQ8eiu9zSwUnABxh5qJf1U0w== Completed in 3ms
558 http fetch GET 200 https://registry.npmjs.org/parse5/-/parse5-7.3.0.tgz 450ms (cache miss)
559 timing reifyNode:node_modules/parse5 Completed in 469ms
560 timing metavuln:cache:put:security-advisory:jsdom:wQEAvL/Q4j7zUdvGw5n0bXowuRe5TwkEJsVmfIM9Q/9tgea2INgWTz296HBSWQ3NcM9rSllL44jnHZjIXB7PuQ== Completed in 7ms
561 timing metavuln:calculate:security-advisory:jsdom:yWh+WsUCdzVUoHJ+ukHX3VBWHgc+bzFCiNYaEHuuvW29uVMpISqXUxRqbG/B55MQ8eiu9zSwUnABxh5qJf1U0w== Completed in 10ms
562 timing auditReport:init Completed in 103ms
563 timing reify:audit Completed in 476ms
564 http fetch GET 200 https://registry.npmjs.org/jsdom/-/jsdom-22.1.0.tgz 549ms (cache miss)
565 timing reifyNode:node_modules/jsdom Completed in 567ms
566 timing reify:unpack Completed in 569ms
567 timing reify:unretire Completed in 0ms
568 timing build:queue Completed in 1ms
569 timing build:deps Completed in 1ms
570 timing build Completed in 1ms
571 timing reify:build Completed in 1ms
572 timing reify:trash Completed in 206ms
573 timing reify:save Completed in 22ms
574 timing reify Completed in 2701ms
575 silly ADD node_modules/requires-port
576 silly ADD node_modules/querystringify
577 silly ADD node_modules/url-parse
578 silly ADD node_modules/universalify
579 silly ADD node_modules/psl
580 silly ADD node_modules/agent-base
581 silly ADD node_modules/agent-base/node_modules/ms
582 silly ADD node_modules/agent-base/node_modules/debug
583 silly ADD node_modules/@tootallnate/once
584 silly ADD node_modules/dunder-proto
585 silly ADD node_modules/math-intrinsics
586 silly ADD node_modules/get-proto
587 silly ADD node_modules/es-object-atoms
588 silly ADD node_modules/es-define-property
589 silly ADD node_modules/call-bind-apply-helpers
590 silly ADD node_modules/has-tostringtag
591 silly ADD node_modules/es-errors
592 silly ADD node_modules/delayed-stream
593 silly ADD node_modules/es-set-tostringtag
594 silly ADD node_modules/combined-stream
595 silly ADD node_modules/asynckit
596 silly ADD node_modules/ws
597 silly ADD node_modules/whatwg-encoding
598 silly ADD node_modules/whatwg-encoding/node_modules/iconv-lite
599 silly ADD node_modules/rrweb-cssom
600 silly ADD node_modules/nwsapi
601 silly ADD node_modules/https-proxy-agent
602 silly ADD node_modules/https-proxy-agent/node_modules/ms
603 silly ADD node_modules/https-proxy-agent/node_modules/debug
604 silly ADD node_modules/http-proxy-agent
605 silly ADD node_modules/http-proxy-agent/node_modules/ms
606 silly ADD node_modules/http-proxy-agent/node_modules/debug
607 silly ADD node_modules/form-data
608 silly ADD node_modules/domexception
609 silly ADD node_modules/cssstyle
610 silly ADD node_modules/abab
611 silly CHANGE node_modules/xml-name-validator
612 silly CHANGE node_modules/whatwg-url
613 silly CHANGE node_modules/whatwg-mimetype
614 silly CHANGE node_modules/webidl-conversions
615 silly CHANGE node_modules/w3c-xmlserializer
616 silly REMOVE node_modules/undici
617 silly CHANGE node_modules/tr46
618 silly CHANGE node_modules/tough-cookie
619 silly REMOVE node_modules/tldts-core
620 silly REMOVE node_modules/tldts
621 silly REMOVE node_modules/source-map-js
622 silly REMOVE node_modules/require-from-string
623 silly CHANGE node_modules/parse5
624 silly REMOVE node_modules/mdn-data
625 silly REMOVE node_modules/lru-cache
626 silly CHANGE node_modules/jsdom
627 silly CHANGE node_modules/html-encoding-sniffer
628 silly CHANGE node_modules/hasown
629 silly CHANGE node_modules/has-symbols
630 silly REMOVE node_modules/has-proto
631 silly CHANGE node_modules/gopd
632 silly CHANGE node_modules/get-intrinsic
633 silly CHANGE node_modules/data-urls
634 silly REMOVE node_modules/css-tree
635 silly REMOVE node_modules/bidi-js
636 silly REMOVE node_modules/@exodus/bytes
637 silly REMOVE node_modules/@csstools/css-tokenizer
638 silly REMOVE node_modules/@csstools/css-syntax-patches-for-csstree
639 silly REMOVE node_modules/@csstools/css-parser-algorithms
640 silly REMOVE node_modules/@csstools/css-color-parser
641 silly REMOVE node_modules/@csstools/css-calc
642 silly REMOVE node_modules/@csstools/color-helpers
643 silly REMOVE node_modules/@bramus/specificity
644 silly REMOVE node_modules/@asamuzakjp/nwsapi
645 silly REMOVE node_modules/@asamuzakjp/dom-selector
646 silly REMOVE node_modules/@asamuzakjp/css-color
647 timing command:install Completed in 2716ms
648 verbose exit 0
649 timing npm Completed in 2973ms
650 info ok
