0 verbose cli /usr/local/bin/node /usr/local/bin/npm
1 info using npm@10.5.2
2 info using node@v21.6.0
3 timing npm:load:whichnode Completed in 1ms
4 timing config:load:defaults Completed in 1ms
5 timing config:load:file:/usr/local/lib/node_modules/npm/npmrc Completed in 1ms
6 timing config:load:builtin Completed in 1ms
7 timing config:load:cli Completed in 2ms
8 timing config:load:env Completed in 0ms
9 timing config:load:file:/Users/simphiwefakude/Desktop/Widgets/PND-SCS/.npmrc Completed in 0ms
10 timing config:load:project Completed in 0ms
11 timing config:load:file:/Users/simphiwefakude/.npmrc Completed in 0ms
12 timing config:load:user Completed in 0ms
13 timing config:load:file:/usr/local/etc/npmrc Completed in 0ms
14 timing config:load:global Completed in 0ms
15 timing config:load:setEnvs Completed in 1ms
16 timing config:load Completed in 6ms
17 timing npm:load:configload Completed in 6ms
18 timing config:load:flatten Completed in 1ms
19 timing npm:load:mkdirpcache Completed in 0ms
20 timing npm:load:mkdirplogs Completed in 0ms
21 verbose title npm install jsdom
22 verbose argv "install" "--save-dev" "jsdom" "--cache" ".npm-cache"
23 timing npm:load:setTitle Completed in 7ms
24 timing npm:load:display Completed in 0ms
25 verbose logfile logs-max:10 dir:/Users/simphiwefakude/Desktop/Widgets/PND-SCS/.npm-cache/_logs/2026-03-27T09_24_00_319Z-
26 verbose logfile /Users/simphiwefakude/Desktop/Widgets/PND-SCS/.npm-cache/_logs/2026-03-27T09_24_00_319Z-debug-0.log
27 timing npm:load:logFile Completed in 1ms
28 timing npm:load:timers Completed in 0ms
29 timing npm:load:configScope Completed in 1ms
30 timing npm:load Completed in 27ms
31 timing arborist:ctor Completed in 0ms
32 silly logfile done cleaning log files
33 timing idealTree:init Completed in 20ms
34 timing idealTree:userRequests Completed in 0ms
35 silly idealTree buildDeps
36 silly fetch manifest jsdom@*
37 verbose shrinkwrap failed to load node_modules/.package-lock.json out of date, updated: node_modules
38 http fetch GET 200 https://registry.npmjs.org/npm 218ms
39 http fetch GET 200 https://registry.npmjs.org/jsdom 191ms (cache miss)
40 silly fetch manifest canvas@^3.0.0
41 http fetch GET 200 https://registry.npmjs.org/canvas 68ms (cache miss)
42 silly placeDep ROOT jsdom@29.0.1 OK for: zoho-app@0.0.1 want: *
43 silly fetch manifest saxes@^6.0.0
44 silly fetch manifest parse5@^8.0.0
45 silly fetch manifest undici@^7.24.5
46 silly fetch manifest css-tree@^3.2.1
47 silly fetch manifest data-urls@^7.0.0
48 silly fetch manifest lru-cache@^11.2.7
49 silly fetch manifest decimal.js@^10.6.0
50 http fetch GET 200 https://registry.npmjs.org/parse5 65ms (cache miss)
51 silly fetch manifest whatwg-url@^16.0.1
52 http fetch GET 200 https://registry.npmjs.org/whatwg-url 65ms (cache miss)
53 silly fetch manifest symbol-tree@^3.2.4
54 http fetch GET 200 https://registry.npmjs.org/data-urls 153ms (cache miss)
55 silly fetch manifest tough-cookie@^6.0.1
56 http fetch GET 200 https://registry.npmjs.org/decimal.js 163ms (cache miss)
57 silly fetch manifest @exodus/bytes@^1.15.0
58 http fetch GET 200 https://registry.npmjs.org/undici 171ms (cache miss)
59 silly fetch manifest whatwg-mimetype@^5.0.0
60 http fetch GET 200 https://registry.npmjs.org/css-tree 181ms (cache miss)
61 silly fetch manifest w3c-xmlserializer@^5.0.0
62 http fetch GET 200 https://registry.npmjs.org/symbol-tree 61ms (cache miss)
63 silly fetch manifest webidl-conversions@^8.0.1
64 http fetch GET 200 https://registry.npmjs.org/tough-cookie 60ms (cache miss)
65 silly fetch manifest xml-name-validator@^5.0.0
66 http fetch GET 200 https://registry.npmjs.org/whatwg-mimetype 43ms (cache miss)
67 silly fetch manifest @bramus/specificity@^2.4.2
68 http fetch GET 200 https://registry.npmjs.org/@exodus%2fbytes 75ms (cache miss)
69 silly fetch manifest @asamuzakjp/css-color@^5.0.1
70 http fetch GET 200 https://registry.npmjs.org/w3c-xmlserializer 58ms (cache miss)
71 silly fetch manifest html-encoding-sniffer@^6.0.0
72 http fetch GET 200 https://registry.npmjs.org/webidl-conversions 67ms (cache miss)
73 silly fetch manifest @asamuzakjp/dom-selector@^7.0.3
74 http fetch GET 200 https://registry.npmjs.org/xml-name-validator 46ms (cache miss)
75 silly fetch manifest is-potential-custom-element-name@^1.0.1
76 http fetch GET 200 https://registry.npmjs.org/@bramus%2fspecificity 57ms (cache miss)
77 silly fetch manifest @csstools/css-syntax-patches-for-csstree@^1.1.1
78 http fetch GET 200 https://registry.npmjs.org/html-encoding-sniffer 60ms (cache miss)
79 http fetch GET 200 https://registry.npmjs.org/@asamuzakjp%2fcss-color 76ms (cache miss)
80 http fetch GET 200 https://registry.npmjs.org/is-potential-custom-element-name 58ms (cache miss)
81 http fetch GET 200 https://registry.npmjs.org/@csstools%2fcss-syntax-patches-for-csstree 66ms (cache miss)
82 http fetch GET 200 https://registry.npmjs.org/@asamuzakjp%2fdom-selector 98ms (cache miss)
83 http fetch GET 200 https://registry.npmjs.org/saxes 388ms (cache miss)
84 http fetch GET 200 https://registry.npmjs.org/lru-cache 434ms (cache miss)
85 timing idealTree:#root Completed in 710ms
86 silly fetch manifest @noble/hashes@^1.8.0 || ^2.0.0
87 http fetch GET 200 https://registry.npmjs.org/@noble%2fhashes 261ms (cache miss)
88 silly placeDep ROOT @asamuzakjp/css-color@5.0.1 OK for: jsdom@29.0.1 want: ^5.0.1
89 silly placeDep ROOT @asamuzakjp/dom-selector@7.0.4 OK for: jsdom@29.0.1 want: ^7.0.3
90 silly placeDep ROOT @bramus/specificity@2.4.2 OK for: jsdom@29.0.1 want: ^2.4.2
91 silly placeDep ROOT @csstools/css-syntax-patches-for-csstree@1.1.2 OK for: jsdom@29.0.1 want: ^1.1.1
92 silly placeDep ROOT @exodus/bytes@1.15.0 OK for: jsdom@29.0.1 want: ^1.15.0
93 silly placeDep ROOT css-tree@3.2.1 OK for: jsdom@29.0.1 want: ^3.2.1
94 silly placeDep ROOT data-urls@7.0.0 OK for: jsdom@29.0.1 want: ^7.0.0
95 silly placeDep ROOT decimal.js@10.6.0 OK for: jsdom@29.0.1 want: ^10.6.0
96 silly placeDep ROOT html-encoding-sniffer@6.0.0 OK for: jsdom@29.0.1 want: ^6.0.0
97 silly placeDep ROOT is-potential-custom-element-name@1.0.1 OK for: jsdom@29.0.1 want: ^1.0.1
98 silly placeDep ROOT lru-cache@11.2.7 OK for: jsdom@29.0.1 want: ^11.2.7
99 silly placeDep ROOT parse5@8.0.0 OK for: jsdom@29.0.1 want: ^8.0.0
100 silly placeDep ROOT saxes@6.0.0 OK for: jsdom@29.0.1 want: ^6.0.0
101 silly placeDep ROOT symbol-tree@3.2.4 OK for: jsdom@29.0.1 want: ^3.2.4
102 silly placeDep ROOT tough-cookie@6.0.1 OK for: jsdom@29.0.1 want: ^6.0.1
103 silly placeDep ROOT undici@7.24.6 OK for: jsdom@29.0.1 want: ^7.24.5
104 silly placeDep ROOT w3c-xmlserializer@5.0.0 OK for: jsdom@29.0.1 want: ^5.0.0
105 silly placeDep ROOT webidl-conversions@8.0.1 OK for: jsdom@29.0.1 want: ^8.0.1
106 silly placeDep ROOT whatwg-mimetype@5.0.0 OK for: jsdom@29.0.1 want: ^5.0.0
107 silly placeDep ROOT whatwg-url@16.0.1 OK for: jsdom@29.0.1 want: ^16.0.1
108 silly placeDep ROOT xml-name-validator@5.0.0 OK for: jsdom@29.0.1 want: ^5.0.0
109 silly fetch manifest @csstools/css-calc@^3.1.1
110 silly fetch manifest @csstools/css-color-parser@^4.0.2
111 silly fetch manifest @csstools/css-parser-algorithms@^4.0.0
112 silly fetch manifest @csstools/css-tokenizer@^4.0.0
113 silly fetch manifest lru-cache@^11.2.6
114 silly fetch manifest @asamuzakjp/nwsapi@^2.3.9
115 silly fetch manifest bidi-js@^1.0.3
116 silly fetch manifest css-tree@^3.0.0
117 silly fetch manifest mdn-data@2.27.1
118 http fetch GET 200 https://registry.npmjs.org/mdn-data 66ms (cache miss)
119 silly fetch manifest source-map-js@^1.2.1
120 http fetch GET 200 https://registry.npmjs.org/@csstools%2fcss-parser-algorithms 81ms (cache miss)
121 silly fetch manifest whatwg-url@^16.0.0
122 silly fetch manifest entities@^6.0.0
123 http fetch GET 200 https://registry.npmjs.org/@asamuzakjp%2fnwsapi 86ms (cache miss)
124 silly fetch manifest xmlchars@^2.2.0
125 http fetch GET 200 https://registry.npmjs.org/@csstools%2fcss-tokenizer 96ms (cache miss)
126 silly fetch manifest tldts@^7.0.5
127 http fetch GET 200 https://registry.npmjs.org/bidi-js 113ms (cache miss)
128 silly fetch manifest tr46@^6.0.0
129 http fetch GET 200 https://registry.npmjs.org/@csstools%2fcss-color-parser 115ms (cache miss)
130 http fetch GET 200 https://registry.npmjs.org/source-map-js 71ms (cache miss)
131 http fetch GET 200 https://registry.npmjs.org/entities 64ms (cache miss)
132 http fetch GET 200 https://registry.npmjs.org/xmlchars 68ms (cache miss)
133 http fetch GET 200 https://registry.npmjs.org/tr46 76ms (cache miss)
134 http fetch GET 200 https://registry.npmjs.org/tldts 119ms (cache miss)
135 http fetch GET 200 https://registry.npmjs.org/@csstools%2fcss-calc 311ms (cache miss)
136 timing idealTree:node_modules/jsdom Completed in 594ms
137 silly placeDep ROOT @csstools/css-calc@3.1.1 OK for: @asamuzakjp/css-color@5.0.1 want: ^3.1.1
138 silly placeDep ROOT @csstools/css-parser-algorithms@4.0.0 OK for: @csstools/css-calc@3.1.1 want: ^4.0.0
139 silly placeDep ROOT @csstools/css-tokenizer@4.0.0 OK for: @csstools/css-parser-algorithms@4.0.0 want: ^4.0.0
140 silly placeDep ROOT @csstools/css-color-parser@4.0.2 OK for: @asamuzakjp/css-color@5.0.1 want: ^4.0.2
141 silly fetch manifest @csstools/color-helpers@^6.0.2
142 http fetch GET 200 https://registry.npmjs.org/@csstools%2fcolor-helpers 97ms (cache miss)
143 timing idealTree:node_modules/@asamuzakjp/css-color Completed in 103ms
144 silly placeDep ROOT @asamuzakjp/nwsapi@2.3.9 OK for: @asamuzakjp/dom-selector@7.0.4 want: ^2.3.9
145 silly placeDep ROOT bidi-js@1.0.3 OK for: @asamuzakjp/dom-selector@7.0.4 want: ^1.0.3
146 silly fetch manifest require-from-string@^2.0.2
147 http fetch GET 200 https://registry.npmjs.org/require-from-string 96ms (cache miss)
148 timing idealTree:node_modules/@asamuzakjp/dom-selector Completed in 99ms
149 timing idealTree:node_modules/@asamuzakjp/nwsapi Completed in 0ms
150 timing idealTree:node_modules/@bramus/specificity Completed in 0ms
151 timing idealTree:node_modules/@csstools/css-calc Completed in 0ms
152 silly placeDep ROOT @csstools/color-helpers@6.0.2 OK for: @csstools/css-color-parser@4.0.2 want: ^6.0.2
153 timing idealTree:node_modules/@csstools/css-color-parser Completed in 1ms
154 timing idealTree:node_modules/@csstools/color-helpers Completed in 0ms
155 timing idealTree:node_modules/@csstools/css-parser-algorithms Completed in 0ms
156 timing idealTree:node_modules/@csstools/css-syntax-patches-for-csstree Completed in 0ms
157 timing idealTree:node_modules/@csstools/css-tokenizer Completed in 0ms
158 timing idealTree:node_modules/@exodus/bytes Completed in 0ms
159 silly placeDep ROOT require-from-string@2.0.2 OK for: bidi-js@1.0.3 want: ^2.0.2
160 timing idealTree:node_modules/bidi-js Completed in 1ms
161 silly placeDep ROOT mdn-data@2.27.1 OK for: css-tree@3.2.1 want: 2.27.1
162 silly placeDep ROOT source-map-js@1.2.1 OK for: css-tree@3.2.1 want: ^1.2.1
163 timing idealTree:node_modules/css-tree Completed in 1ms
164 timing idealTree:node_modules/data-urls Completed in 0ms
165 timing idealTree:node_modules/decimal.js Completed in 0ms
166 timing idealTree:node_modules/html-encoding-sniffer Completed in 0ms
167 timing idealTree:node_modules/is-potential-custom-element-name Completed in 0ms
168 timing idealTree:node_modules/lru-cache Completed in 0ms
169 timing idealTree:node_modules/mdn-data Completed in 0ms
170 silly placeDep ROOT entities@6.0.1 OK for: parse5@8.0.0 want: ^6.0.0
171 timing idealTree:node_modules/parse5 Completed in 1ms
172 timing idealTree:node_modules/entities Completed in 0ms
173 timing idealTree:node_modules/require-from-string Completed in 0ms
174 silly placeDep ROOT xmlchars@2.2.0 OK for: saxes@6.0.0 want: ^2.2.0
175 timing idealTree:node_modules/saxes Completed in 0ms
176 timing idealTree:node_modules/source-map-js Completed in 0ms
177 timing idealTree:node_modules/symbol-tree Completed in 0ms
178 silly placeDep ROOT tldts@7.0.27 OK for: tough-cookie@6.0.1 want: ^7.0.5
179 silly fetch manifest tldts-core@^7.0.27
180 http fetch GET 200 https://registry.npmjs.org/tldts-core 151ms (cache miss)
181 timing idealTree:node_modules/tough-cookie Completed in 171ms
182 silly placeDep ROOT tldts-core@7.0.27 OK for: tldts@7.0.27 want: ^7.0.27
183 timing idealTree:node_modules/tldts Completed in 1ms
184 timing idealTree:node_modules/tldts-core Completed in 0ms
185 timing idealTree:node_modules/undici Completed in 0ms
186 timing idealTree:node_modules/w3c-xmlserializer Completed in 0ms
187 timing idealTree:node_modules/webidl-conversions Completed in 0ms
188 timing idealTree:node_modules/whatwg-mimetype Completed in 0ms
189 silly placeDep ROOT tr46@6.0.0 OK for: whatwg-url@16.0.1 want: ^6.0.0
190 silly fetch manifest punycode@^2.3.1
191 http fetch GET 200 https://registry.npmjs.org/punycode 71ms (cache miss)
192 timing idealTree:node_modules/whatwg-url Completed in 73ms
193 silly placeDep ROOT punycode@2.3.1 OK for: tr46@6.0.0 want: ^2.3.1
194 timing idealTree:node_modules/tr46 Completed in 1ms
195 timing idealTree:node_modules/punycode Completed in 0ms
196 timing idealTree:node_modules/xml-name-validator Completed in 0ms
197 timing idealTree:node_modules/xmlchars Completed in 0ms
198 timing idealTree:buildDeps Completed in 1756ms
199 timing idealTree:fixDepFlags Completed in 1ms
200 warn EBADENGINE Unsupported engine {
200 warn EBADENGINE   package: 'jsdom@29.0.1',
200 warn EBADENGINE   required: { node: '^20.19.0 || ^22.13.0 || >=24.0.0' },
200 warn EBADENGINE   current: { node: 'v21.6.0', npm: '10.5.2' }
200 warn EBADENGINE }
201 warn EBADENGINE Unsupported engine {
201 warn EBADENGINE   package: '@asamuzakjp/css-color@5.0.1',
201 warn EBADENGINE   required: { node: '^20.19.0 || ^22.12.0 || >=24.0.0' },
201 warn EBADENGINE   current: { node: 'v21.6.0', npm: '10.5.2' }
201 warn EBADENGINE }
202 warn EBADENGINE Unsupported engine {
202 warn EBADENGINE   package: '@asamuzakjp/dom-selector@7.0.4',
202 warn EBADENGINE   required: { node: '^20.19.0 || ^22.12.0 || >=24.0.0' },
202 warn EBADENGINE   current: { node: 'v21.6.0', npm: '10.5.2' }
202 warn EBADENGINE }
203 warn EBADENGINE Unsupported engine {
203 warn EBADENGINE   package: '@exodus/bytes@1.15.0',
203 warn EBADENGINE   required: { node: '^20.19.0 || ^22.12.0 || >=24.0.0' },
203 warn EBADENGINE   current: { node: 'v21.6.0', npm: '10.5.2' }
203 warn EBADENGINE }
204 warn EBADENGINE Unsupported engine {
204 warn EBADENGINE   package: 'data-urls@7.0.0',
204 warn EBADENGINE   required: { node: '^20.19.0 || ^22.12.0 || >=24.0.0' },
204 warn EBADENGINE   current: { node: 'v21.6.0', npm: '10.5.2' }
204 warn EBADENGINE }
205 warn EBADENGINE Unsupported engine {
205 warn EBADENGINE   package: 'html-encoding-sniffer@6.0.0',
205 warn EBADENGINE   required: { node: '^20.19.0 || ^22.12.0 || >=24.0.0' },
205 warn EBADENGINE   current: { node: 'v21.6.0', npm: '10.5.2' }
205 warn EBADENGINE }
206 warn EBADENGINE Unsupported engine {
206 warn EBADENGINE   package: 'lru-cache@11.2.7',
206 warn EBADENGINE   required: { node: '20 || >=22' },
206 warn EBADENGINE   current: { node: 'v21.6.0', npm: '10.5.2' }
206 warn EBADENGINE }
207 warn EBADENGINE Unsupported engine {
207 warn EBADENGINE   package: 'whatwg-url@16.0.1',
207 warn EBADENGINE   required: { node: '^20.19.0 || ^22.12.0 || >=24.0.0' },
207 warn EBADENGINE   current: { node: 'v21.6.0', npm: '10.5.2' }
207 warn EBADENGINE }
208 timing idealTree Completed in 1785ms
209 timing reify:loadTrees Completed in 1785ms
210 timing reify:diffTrees Completed in 3ms
211 silly reify moves {}
212 timing reify:retireShallow Completed in 1ms
213 timing reify:createSparse Completed in 7ms
214 timing reify:loadBundles Completed in 0ms
215 silly audit bulk request {
215 silly audit   accepts: [ '1.3.8' ],
215 silly audit   'ansi-regex': [ '2.1.1' ],
215 silly audit   'ansi-styles': [ '2.2.1' ],
215 silly audit   'array-flatten': [ '1.1.1' ],
215 silly audit   async: [ '2.6.4' ],
215 silly audit   'basic-auth': [ '2.0.1' ],
215 silly audit   'safe-buffer': [ '5.1.2', '5.2.1' ],
215 silly audit   batch: [ '0.6.1' ],
215 silly audit   'body-parser': [ '1.20.2', '1.20.1' ],
215 silly audit   bytes: [ '3.1.2' ],
215 silly audit   'call-bind': [ '1.0.5' ],
215 silly audit   chalk: [ '1.1.3' ],
215 silly audit   'content-disposition': [ '0.5.4' ],
215 silly audit   'content-type': [ '1.0.5' ],
215 silly audit   cookie: [ '0.5.0' ],
215 silly audit   'cookie-signature': [ '1.0.6' ],
215 silly audit   debug: [ '2.6.9', '3.2.7' ],
215 silly audit   'define-data-property': [ '1.1.1' ],
215 silly audit   depd: [ '2.0.0', '1.1.2' ],
215 silly audit   destroy: [ '1.2.0' ],
215 silly audit   'ee-first': [ '1.1.1' ],
215 silly audit   encodeurl: [ '1.0.2' ],
215 silly audit   errorhandler: [ '1.5.1' ],
215 silly audit   'escape-html': [ '1.0.3' ],
215 silly audit   'escape-string-regexp': [ '1.0.5' ],
215 silly audit   etag: [ '1.8.1' ],
215 silly audit   express: [ '4.18.2' ],
215 silly audit   'raw-body': [ '2.5.1', '2.5.2' ],
215 silly audit   finalhandler: [ '1.2.0' ],
215 silly audit   forwarded: [ '0.2.0' ],
215 silly audit   fresh: [ '0.5.2' ],
215 silly audit   'function-bind': [ '1.1.2' ],
215 silly audit   'get-intrinsic': [ '1.2.2' ],
215 silly audit   gopd: [ '1.0.1' ],
215 silly audit   'has-ansi': [ '2.0.0' ],
215 silly audit   'has-property-descriptors': [ '1.0.1' ],
215 silly audit   'has-proto': [ '1.0.1' ],
215 silly audit   'has-symbols': [ '1.0.3' ],
215 silly audit   hasown: [ '2.0.0' ],
215 silly audit   'http-errors': [ '2.0.0', '1.6.3' ],
215 silly audit   i18next: [ '10.6.0' ],
215 silly audit   'iconv-lite': [ '0.4.24' ],
215 silly audit   inherits: [ '2.0.4', '2.0.3' ],
215 silly audit   'ipaddr.js': [ '1.9.1' ],
215 silly audit   lodash: [ '4.17.21' ],
215 silly audit   'media-typer': [ '0.3.0' ],
215 silly audit   'merge-descriptors': [ '1.0.1' ],
215 silly audit   methods: [ '1.1.2' ],
215 silly audit   mime: [ '1.6.0' ],
215 silly audit   'mime-db': [ '1.52.0' ],
215 silly audit   'mime-types': [ '2.1.35' ],
215 silly audit   minimist: [ '1.2.8' ],
215 silly audit   mkdirp: [ '0.5.6' ],
215 silly audit   morgan: [ '1.10.0' ],
215 silly audit   'on-finished': [ '2.3.0', '2.4.1' ],
215 silly audit   ms: [ '2.0.0', '2.1.3' ],
215 silly audit   negotiator: [ '0.6.3' ],
215 silly audit   'object-inspect': [ '1.13.1' ],
215 silly audit   'on-headers': [ '1.0.2' ],
215 silly audit   parseurl: [ '1.3.3' ],
215 silly audit   'path-to-regexp': [ '0.1.7' ],
215 silly audit   portfinder: [ '1.0.32' ],
215 silly audit   'proxy-addr': [ '2.0.7' ],
215 silly audit   qs: [ '6.11.0' ],
215 silly audit   'range-parser': [ '1.2.1' ],
215 silly audit   'safer-buffer': [ '2.1.2' ],
215 silly audit   send: [ '0.18.0' ],
215 silly audit   'serve-index': [ '1.9.1' ],
215 silly audit   setprototypeof: [ '1.1.0', '1.2.0' ],
215 silly audit   statuses: [ '1.5.0', '2.0.1' ],
215 silly audit   'serve-static': [ '1.15.0' ],
215 silly audit   'set-function-length': [ '1.2.0' ],
215 silly audit   'side-channel': [ '1.0.4' ],
215 silly audit   'strip-ansi': [ '3.0.1' ],
215 silly audit   'supports-color': [ '2.0.0' ],
215 silly audit   toidentifier: [ '1.0.1' ],
215 silly audit   'type-is': [ '1.6.18' ],
215 silly audit   unpipe: [ '1.0.0' ],
215 silly audit   'utils-merge': [ '1.0.1' ],
215 silly audit   vary: [ '1.1.2' ],
215 silly audit   jsdom: [ '29.0.1' ],
215 silly audit   '@asamuzakjp/css-color': [ '5.0.1' ],
215 silly audit   '@asamuzakjp/dom-selector': [ '7.0.4' ],
215 silly audit   '@bramus/specificity': [ '2.4.2' ],
215 silly audit   '@csstools/css-syntax-patches-for-csstree': [ '1.1.2' ],
215 silly audit   '@exodus/bytes': [ '1.15.0' ],
215 silly audit   'css-tree': [ '3.2.1' ],
215 silly audit   'data-urls': [ '7.0.0' ],
215 silly audit   'decimal.js': [ '10.6.0' ],
215 silly audit   'html-encoding-sniffer': [ '6.0.0' ],
215 silly audit   'is-potential-custom-element-name': [ '1.0.1' ],
215 silly audit   'lru-cache': [ '11.2.7' ],
215 silly audit   parse5: [ '8.0.0' ],
215 silly audit   saxes: [ '6.0.0' ],
215 silly audit   'symbol-tree': [ '3.2.4' ],
215 silly audit   'tough-cookie': [ '6.0.1' ],
215 silly audit   undici: [ '7.24.6' ],
215 silly audit   'w3c-xmlserializer': [ '5.0.0' ],
215 silly audit   'webidl-conversions': [ '8.0.1' ],
215 silly audit   'whatwg-mimetype': [ '5.0.0' ],
215 silly audit   'whatwg-url': [ '16.0.1' ],
215 silly audit   'xml-name-validator': [ '5.0.0' ],
215 silly audit   '@csstools/css-calc': [ '3.1.1' ],
215 silly audit   '@csstools/css-parser-algorithms': [ '4.0.0' ],
215 silly audit   '@csstools/css-tokenizer': [ '4.0.0' ],
215 silly audit   '@csstools/css-color-parser': [ '4.0.2' ],
215 silly audit   '@asamuzakjp/nwsapi': [ '2.3.9' ],
215 silly audit   'bidi-js': [ '1.0.3' ],
215 silly audit   '@csstools/color-helpers': [ '6.0.2' ],
215 silly audit   'require-from-string': [ '2.0.2' ],
215 silly audit   'mdn-data': [ '2.27.1' ],
215 silly audit   'source-map-js': [ '1.2.1' ],
215 silly audit   entities: [ '6.0.1' ],
215 silly audit   xmlchars: [ '2.2.0' ],
215 silly audit   tldts: [ '7.0.27' ],
215 silly audit   'tldts-core': [ '7.0.27' ],
215 silly audit   tr46: [ '6.0.0' ],
215 silly audit   punycode: [ '2.3.1' ]
215 silly audit }
216 silly tarball no local data for punycode@https://registry.npmjs.org/punycode/-/punycode-2.3.1.tgz. Extracting by manifest.
217 silly tarball no local data for tr46@https://registry.npmjs.org/tr46/-/tr46-6.0.0.tgz. Extracting by manifest.
218 silly tarball no local data for tldts-core@https://registry.npmjs.org/tldts-core/-/tldts-core-7.0.27.tgz. Extracting by manifest.
219 silly tarball no local data for xmlchars@https://registry.npmjs.org/xmlchars/-/xmlchars-2.2.0.tgz. Extracting by manifest.
220 silly tarball no local data for source-map-js@https://registry.npmjs.org/source-map-js/-/source-map-js-1.2.1.tgz. Extracting by manifest.
221 silly tarball no local data for tldts@https://registry.npmjs.org/tldts/-/tldts-7.0.27.tgz. Extracting by manifest.
222 silly tarball no local data for entities@https://registry.npmjs.org/entities/-/entities-6.0.1.tgz. Extracting by manifest.
223 silly tarball no local data for mdn-data@https://registry.npmjs.org/mdn-data/-/mdn-data-2.27.1.tgz. Extracting by manifest.
224 silly tarball no local data for require-from-string@https://registry.npmjs.org/require-from-string/-/require-from-string-2.0.2.tgz. Extracting by manifest.
225 silly tarball no local data for bidi-js@https://registry.npmjs.org/bidi-js/-/bidi-js-1.0.3.tgz. Extracting by manifest.
226 silly tarball no local data for @asamuzakjp/nwsapi@https://registry.npmjs.org/@asamuzakjp/nwsapi/-/nwsapi-2.3.9.tgz. Extracting by manifest.
227 silly tarball no local data for @csstools/css-color-parser@https://registry.npmjs.org/@csstools/css-color-parser/-/css-color-parser-4.0.2.tgz. Extracting by manifest.
228 silly tarball no local data for @csstools/css-tokenizer@https://registry.npmjs.org/@csstools/css-tokenizer/-/css-tokenizer-4.0.0.tgz. Extracting by manifest.
229 silly tarball no local data for @csstools/css-parser-algorithms@https://registry.npmjs.org/@csstools/css-parser-algorithms/-/css-parser-algorithms-4.0.0.tgz. Extracting by manifest.
230 silly tarball no local data for @csstools/css-calc@https://registry.npmjs.org/@csstools/css-calc/-/css-calc-3.1.1.tgz. Extracting by manifest.
231 silly tarball no local data for xml-name-validator@https://registry.npmjs.org/xml-name-validator/-/xml-name-validator-5.0.0.tgz. Extracting by manifest.
232 silly tarball no local data for whatwg-url@https://registry.npmjs.org/whatwg-url/-/whatwg-url-16.0.1.tgz. Extracting by manifest.
233 silly tarball no local data for @csstools/color-helpers@https://registry.npmjs.org/@csstools/color-helpers/-/color-helpers-6.0.2.tgz. Extracting by manifest.
234 silly tarball no local data for whatwg-mimetype@https://registry.npmjs.org/whatwg-mimetype/-/whatwg-mimetype-5.0.0.tgz. Extracting by manifest.
235 silly tarball no local data for webidl-conversions@https://registry.npmjs.org/webidl-conversions/-/webidl-conversions-8.0.1.tgz. Extracting by manifest.
236 silly tarball no local data for w3c-xmlserializer@https://registry.npmjs.org/w3c-xmlserializer/-/w3c-xmlserializer-5.0.0.tgz. Extracting by manifest.
237 silly tarball no local data for undici@https://registry.npmjs.org/undici/-/undici-7.24.6.tgz. Extracting by manifest.
238 silly tarball no local data for lru-cache@https://registry.npmjs.org/lru-cache/-/lru-cache-11.2.7.tgz. Extracting by manifest.
239 silly tarball no local data for parse5@https://registry.npmjs.org/parse5/-/parse5-8.0.0.tgz. Extracting by manifest.
240 silly tarball no local data for symbol-tree@https://registry.npmjs.org/symbol-tree/-/symbol-tree-3.2.4.tgz. Extracting by manifest.
241 silly tarball no local data for tough-cookie@https://registry.npmjs.org/tough-cookie/-/tough-cookie-6.0.1.tgz. Extracting by manifest.
242 silly tarball no local data for saxes@https://registry.npmjs.org/saxes/-/saxes-6.0.0.tgz. Extracting by manifest.
243 silly tarball no local data for html-encoding-sniffer@https://registry.npmjs.org/html-encoding-sniffer/-/html-encoding-sniffer-6.0.0.tgz. Extracting by manifest.
244 silly tarball no local data for decimal.js@https://registry.npmjs.org/decimal.js/-/decimal.js-10.6.0.tgz. Extracting by manifest.
245 silly tarball no local data for css-tree@https://registry.npmjs.org/css-tree/-/css-tree-3.2.1.tgz. Extracting by manifest.
246 silly tarball no local data for @csstools/css-syntax-patches-for-csstree@https://registry.npmjs.org/@csstools/css-syntax-patches-for-csstree/-/css-syntax-patches-for-csstree-1.1.2.tgz. Extracting by manifest.
247 silly tarball no local data for is-potential-custom-element-name@https://registry.npmjs.org/is-potential-custom-element-name/-/is-potential-custom-element-name-1.0.1.tgz. Extracting by manifest.
248 silly tarball no local data for @bramus/specificity@https://registry.npmjs.org/@bramus/specificity/-/specificity-2.4.2.tgz. Extracting by manifest.
249 silly tarball no local data for @exodus/bytes@https://registry.npmjs.org/@exodus/bytes/-/bytes-1.15.0.tgz. Extracting by manifest.
250 silly tarball no local data for data-urls@https://registry.npmjs.org/data-urls/-/data-urls-7.0.0.tgz. Extracting by manifest.
251 silly tarball no local data for @asamuzakjp/css-color@https://registry.npmjs.org/@asamuzakjp/css-color/-/css-color-5.0.1.tgz. Extracting by manifest.
252 silly tarball no local data for @asamuzakjp/dom-selector@https://registry.npmjs.org/@asamuzakjp/dom-selector/-/dom-selector-7.0.4.tgz. Extracting by manifest.
253 silly tarball no local data for jsdom@https://registry.npmjs.org/jsdom/-/jsdom-29.0.1.tgz. Extracting by manifest.
254 http fetch GET 200 https://registry.npmjs.org/xmlchars/-/xmlchars-2.2.0.tgz 70ms (cache miss)
255 timing reifyNode:node_modules/xmlchars Completed in 85ms
256 http fetch GET 200 https://registry.npmjs.org/source-map-js/-/source-map-js-1.2.1.tgz 84ms (cache miss)
257 timing reifyNode:node_modules/source-map-js Completed in 99ms
258 http fetch GET 200 https://registry.npmjs.org/tr46/-/tr46-6.0.0.tgz 93ms (cache miss)
259 timing reifyNode:node_modules/tr46 Completed in 106ms
260 http fetch GET 200 https://registry.npmjs.org/tldts-core/-/tldts-core-7.0.27.tgz 104ms (cache miss)
261 timing reifyNode:node_modules/tldts-core Completed in 117ms
262 http fetch GET 200 https://registry.npmjs.org/xml-name-validator/-/xml-name-validator-5.0.0.tgz 128ms (cache miss)
263 timing reifyNode:node_modules/xml-name-validator Completed in 143ms
264 http fetch GET 200 https://registry.npmjs.org/@csstools/css-calc/-/css-calc-3.1.1.tgz 129ms (cache miss)
265 timing reifyNode:node_modules/@csstools/css-calc Completed in 144ms
266 http fetch GET 200 https://registry.npmjs.org/whatwg-url/-/whatwg-url-16.0.1.tgz 131ms (cache miss)
267 timing reifyNode:node_modules/whatwg-url Completed in 146ms
268 http fetch GET 200 https://registry.npmjs.org/punycode/-/punycode-2.3.1.tgz 136ms (cache miss)
269 timing reifyNode:node_modules/punycode Completed in 148ms
270 http fetch GET 200 https://registry.npmjs.org/entities/-/entities-6.0.1.tgz 144ms (cache miss)
271 timing reifyNode:node_modules/entities Completed in 159ms
272 http fetch GET 200 https://registry.npmjs.org/tldts/-/tldts-7.0.27.tgz 150ms (cache miss)
273 timing reifyNode:node_modules/tldts Completed in 164ms
274 http fetch GET 200 https://registry.npmjs.org/require-from-string/-/require-from-string-2.0.2.tgz 159ms (cache miss)
275 timing reifyNode:node_modules/require-from-string Completed in 173ms
276 http fetch GET 200 https://registry.npmjs.org/webidl-conversions/-/webidl-conversions-8.0.1.tgz 173ms (cache miss)
277 timing reifyNode:node_modules/webidl-conversions Completed in 188ms
278 http fetch GET 200 https://registry.npmjs.org/whatwg-mimetype/-/whatwg-mimetype-5.0.0.tgz 174ms (cache miss)
279 http fetch GET 200 https://registry.npmjs.org/@csstools/color-helpers/-/color-helpers-6.0.2.tgz 174ms (cache miss)
280 timing reifyNode:node_modules/@csstools/color-helpers Completed in 189ms
281 timing reifyNode:node_modules/whatwg-mimetype Completed in 190ms
282 http fetch GET 200 https://registry.npmjs.org/@csstools/css-color-parser/-/css-color-parser-4.0.2.tgz 191ms (cache miss)
283 timing reifyNode:node_modules/@csstools/css-color-parser Completed in 206ms
284 http fetch GET 200 https://registry.npmjs.org/mdn-data/-/mdn-data-2.27.1.tgz 196ms (cache miss)
285 timing reifyNode:node_modules/mdn-data Completed in 210ms
286 http fetch GET 200 https://registry.npmjs.org/w3c-xmlserializer/-/w3c-xmlserializer-5.0.0.tgz 194ms (cache miss)
287 timing reifyNode:node_modules/w3c-xmlserializer Completed in 209ms
288 http fetch GET 200 https://registry.npmjs.org/@asamuzakjp/nwsapi/-/nwsapi-2.3.9.tgz 198ms (cache miss)
289 timing reifyNode:node_modules/@asamuzakjp/nwsapi Completed in 212ms
290 http fetch GET 200 https://registry.npmjs.org/bidi-js/-/bidi-js-1.0.3.tgz 202ms (cache miss)
291 timing reifyNode:node_modules/bidi-js Completed in 216ms
292 http fetch GET 200 https://registry.npmjs.org/@csstools/css-parser-algorithms/-/css-parser-algorithms-4.0.0.tgz 211ms (cache miss)
293 timing reifyNode:node_modules/@csstools/css-parser-algorithms Completed in 226ms
294 http fetch GET 200 https://registry.npmjs.org/symbol-tree/-/symbol-tree-3.2.4.tgz 217ms (cache miss)
295 timing reifyNode:node_modules/symbol-tree Completed in 233ms
296 http fetch GET 200 https://registry.npmjs.org/parse5/-/parse5-8.0.0.tgz 218ms (cache miss)
297 timing reifyNode:node_modules/parse5 Completed in 236ms
298 http fetch GET 200 https://registry.npmjs.org/saxes/-/saxes-6.0.0.tgz 221ms (cache miss)
299 timing reifyNode:node_modules/saxes Completed in 237ms
300 http fetch GET 200 https://registry.npmjs.org/lru-cache/-/lru-cache-11.2.7.tgz 226ms (cache miss)
301 timing reifyNode:node_modules/lru-cache Completed in 242ms
302 http fetch GET 200 https://registry.npmjs.org/is-potential-custom-element-name/-/is-potential-custom-element-name-1.0.1.tgz 236ms (cache miss)
303 timing reifyNode:node_modules/is-potential-custom-element-name Completed in 253ms
304 http fetch GET 200 https://registry.npmjs.org/html-encoding-sniffer/-/html-encoding-sniffer-6.0.0.tgz 238ms (cache miss)
305 timing reifyNode:node_modules/html-encoding-sniffer Completed in 254ms
306 http fetch GET 200 https://registry.npmjs.org/decimal.js/-/decimal.js-10.6.0.tgz 239ms (cache miss)
307 timing reifyNode:node_modules/decimal.js Completed in 255ms
308 http fetch GET 200 https://registry.npmjs.org/tough-cookie/-/tough-cookie-6.0.1.tgz 239ms (cache miss)
309 timing reifyNode:node_modules/tough-cookie Completed in 255ms
310 http fetch GET 200 https://registry.npmjs.org/data-urls/-/data-urls-7.0.0.tgz 250ms (cache miss)
311 timing reifyNode:node_modules/data-urls Completed in 267ms
312 http fetch GET 200 https://registry.npmjs.org/@csstools/css-syntax-patches-for-csstree/-/css-syntax-patches-for-csstree-1.1.2.tgz 251ms (cache miss)
313 timing reifyNode:node_modules/@csstools/css-syntax-patches-for-csstree Completed in 267ms
314 http fetch POST 200 https://registry.npmjs.org/-/npm/v1/security/advisories/bulk 348ms
315 timing auditReport:getReport Completed in 350ms
316 silly audit report {
316 silly audit report   'body-parser': [
316 silly audit report     {
316 silly audit report       id: 1099520,
316 silly audit report       url: 'https://github.com/advisories/GHSA-qwcr-r2fm-qrc7',
316 silly audit report       title: 'body-parser vulnerable to denial of service when url encoding is enabled',
316 silly audit report       severity: 'high',
316 silly audit report       vulnerable_versions: '<1.20.3',
316 silly audit report       cwe: [Array],
316 silly audit report       cvss: [Object]
316 silly audit report     }
316 silly audit report   ],
316 silly audit report   cookie: [
316 silly audit report     {
316 silly audit report       id: 1103907,
316 silly audit report       url: 'https://github.com/advisories/GHSA-pxg6-pf52-xh8x',
316 silly audit report       title: 'cookie accepts cookie name, path, and domain with out of bounds characters',
316 silly audit report       severity: 'low',
316 silly audit report       vulnerable_versions: '<0.7.0',
316 silly audit report       cwe: [Array],
316 silly audit report       cvss: [Object]
316 silly audit report     }
316 silly audit report   ],
316 silly audit report   express: [
316 silly audit report     {
316 silly audit report       id: 1100530,
316 silly audit report       url: 'https://github.com/advisories/GHSA-qw6h-vgh9-j6wx',
316 silly audit report       title: 'express vulnerable to XSS via response.redirect()',
316 silly audit report       severity: 'low',
316 silly audit report       vulnerable_versions: '<4.20.0',
316 silly audit report       cwe: [Array],
316 silly audit report       cvss: [Object]
316 silly audit report     },
316 silly audit report     {
316 silly audit report       id: 1111636,
316 silly audit report       url: 'https://github.com/advisories/GHSA-rv95-896h-c2vc',
316 silly audit report       title: 'Express.js Open Redirect in malformed URLs',
316 silly audit report       severity: 'moderate',
316 silly audit report       vulnerable_versions: '<4.19.2',
316 silly audit report       cwe: [Array],
316 silly audit report       cvss: [Object]
316 silly audit report     }
316 silly audit report   ],
316 silly audit report   lodash: [
316 silly audit report     {
316 silly audit report       id: 1112455,
316 silly audit report       url: 'https://github.com/advisories/GHSA-xxjr-mmjv-4gpg',
316 silly audit report       title: 'Lodash has Prototype Pollution Vulnerability in `_.unset` and `_.omit` functions',
316 silly audit report       severity: 'moderate',
316 silly audit report       vulnerable_versions: '>=4.0.0 <=4.17.22',
316 silly audit report       cwe: [Array],
316 silly audit report       cvss: [Object]
316 silly audit report     }
316 silly audit report   ],
316 silly audit report   'on-headers': [
316 silly audit report     {
316 silly audit report       id: 1106812,
316 silly audit report       url: 'https://github.com/advisories/GHSA-76c9-3jph-rj3q',
316 silly audit report       title: 'on-headers is vulnerable to http response header manipulation',
316 silly audit report       severity: 'low',
316 silly audit report       vulnerable_versions: '<1.1.0',
316 silly audit report       cwe: [Array],
316 silly audit report       cvss: [Object]
316 silly audit report     }
316 silly audit report   ],
316 silly audit report   'path-to-regexp': [
316 silly audit report     {
316 silly audit report       id: 1101850,
316 silly audit report       url: 'https://github.com/advisories/GHSA-9wv6-86v2-598j',
316 silly audit report       title: 'path-to-regexp outputs backtracking regular expressions',
316 silly audit report       severity: 'high',
316 silly audit report       vulnerable_versions: '<0.1.10',
316 silly audit report       cwe: [Array],
316 silly audit report       cvss: [Object]
316 silly audit report     },
316 silly audit report     {
316 silly audit report       id: 1105199,
316 silly audit report       url: 'https://github.com/advisories/GHSA-rhx6-c78j-4q9w',
316 silly audit report       title: 'path-to-regexp contains a ReDoS',
316 silly audit report       severity: 'high',
316 silly audit report       vulnerable_versions: '<0.1.12',
316 silly audit report       cwe: [Array],
316 silly audit report       cvss: [Object]
316 silly audit report     }
316 silly audit report   ],
316 silly audit report   qs: [
316 silly audit report     {
316 silly audit report       id: 1113161,
316 silly audit report       url: 'https://github.com/advisories/GHSA-w7fw-mjwx-w883',
316 silly audit report       title: "qs's arrayLimit bypass in comma parsing allows denial of service",
316 silly audit report       severity: 'low',
316 silly audit report       vulnerable_versions: '>=6.7.0 <=6.14.1',
316 silly audit report       cwe: [Array],
316 silly audit report       cvss: [Object]
316 silly audit report     },
316 silly audit report     {
316 silly audit report       id: 1113719,
316 silly audit report       url: 'https://github.com/advisories/GHSA-6rw7-vpxm-498p',
316 silly audit report       title: "qs's arrayLimit bypass in its bracket notation allows DoS via memory exhaustion",
316 silly audit report       severity: 'moderate',
316 silly audit report       vulnerable_versions: '<6.14.1',
316 silly audit report       cwe: [Array],
316 silly audit report       cvss: [Object]
316 silly audit report     }
316 silly audit report   ],
316 silly audit report   send: [
316 silly audit report     {
316 silly audit report       id: 1109556,
316 silly audit report       url: 'https://github.com/advisories/GHSA-m6fv-jmcg-4jfg',
316 silly audit report       title: 'send vulnerable to template injection that can lead to XSS',
316 silly audit report       severity: 'low',
316 silly audit report       vulnerable_versions: '<0.19.0',
316 silly audit report       cwe: [Array],
316 silly audit report       cvss: [Object]
316 silly audit report     }
316 silly audit report   ],
316 silly audit report   'serve-static': [
316 silly audit report     {
316 silly audit report       id: 1100528,
316 silly audit report       url: 'https://github.com/advisories/GHSA-cm22-4g7w-348p',
316 silly audit report       title: 'serve-static vulnerable to template injection that can lead to XSS',
316 silly audit report       severity: 'low',
316 silly audit report       vulnerable_versions: '<1.16.0',
316 silly audit report       cwe: [Array],
316 silly audit report       cvss: [Object]
316 silly audit report     }
316 silly audit report   ]
316 silly audit report }
317 timing metavuln:cache:get:security-advisory:body-parser:uoEU0GS6gk35ZdcQ5nagZYzZcDz5Th0PEvPIVa8rzwbO20pRdxYbAhpIm6Wc5MALXoWb1C4X8WqCtH02U0Wo1A== Completed in 3ms
318 timing metavuln:cache:get:security-advisory:cookie:EFt7h/FZLeopARa06+F2CBY5ItUm007mP/cHgZjTJZX1MeIwg3JD7toSioRoDeE8wm5VdkimqlS+CnuPhZqbIg== Completed in 2ms
319 timing metavuln:cache:get:security-advisory:express:Y6ACp2DmYM+0HQ/I8CvEhLQJwNp8DOoQ76C8ObH06Y0qG40PIuVRmOi3OWzwUOTASTLCIWqeicWSO/acR3aaGQ== Completed in 2ms
320 timing metavuln:cache:get:security-advisory:express:i1lv/mW3LDhCPxcU8tmYv85dckQQGUSeQtASYLVoMkQNcpH1gG93hQzZIslm4Zlt3AYRSx4rg+plteAtIC0Z1w== Completed in 2ms
321 timing metavuln:cache:get:security-advisory:lodash:OGNA5lR8rR8aeucWHqvJLBV5oaroI/lF2JfG9J2l63dx9uiGUyHuI4ymC6nv+dqWwxtqCIMcqBukiWYEiF5/RQ== Completed in 2ms
322 timing metavuln:cache:get:security-advisory:on-headers:O+Ys/f4bZubU3jA9Sqz4HIIJaATwc83W201O653Eo/4y8FTwrgSc3mrXs4p8n7svj0OzipJYTBXXWJCgp81mSQ== Completed in 2ms
323 timing metavuln:cache:get:security-advisory:path-to-regexp:1zdQfT/2s1/9HPIPcJl7TnWCFxsytt3sSe7T+xPf8FNpp2H4co4yvyKagGg4lKEjTVlcftvXdieAZPONp1djoQ== Completed in 2ms
324 timing metavuln:cache:get:security-advisory:path-to-regexp:0sP5sOjSm2jEVzBjQIX2s9I2rZ6lj48WyfSR+oVtUzndwLs0Cww28/j1R5EWf/fv+a3hc7KtVDL8gxcHV6kAiQ== Completed in 2ms
325 timing metavuln:cache:get:security-advisory:qs:vVSN+MRVpdux32gCUfPGidHUGmS/0G5Ziwtmb1YXw3NARw1r47LtySeR7yFf/LZ4sKzi41443WWDDZzPHuCh9g== Completed in 2ms
326 timing metavuln:cache:get:security-advisory:qs:iChjlXxtVMTpyXsUse674XoeCayLW4gF6rE7sQcXvHRFegwpM44fUr9Eqlmsmu+S9udu9w9eZmpzcAcyiUJMIQ== Completed in 1ms
327 timing metavuln:cache:get:security-advisory:send:8NP35PpfDEVbqnzPdc9zuVQOxwpjeCWA/vn7Q9SplgLVmZPjGaDssuEM0QllxNS2U4IM79h+Qp8GEO0schn/xw== Completed in 1ms
328 timing metavuln:cache:get:security-advisory:serve-static:VyBBWzRCPk4QPwU71mkZJ+QZdwW0bnbx/lUJDdvhij3t67jGrB4z2A5Ryyta1VjZgpmZ9kuyannc46B7jSSuiQ== Completed in 1ms
329 http fetch GET 200 https://registry.npmjs.org/@exodus/bytes/-/bytes-1.15.0.tgz 340ms (cache miss)
330 timing reifyNode:node_modules/@exodus/bytes Completed in 357ms
331 http fetch GET 200 https://registry.npmjs.org/undici/-/undici-7.24.6.tgz 352ms (cache miss)
332 timing reifyNode:node_modules/undici Completed in 369ms
333 http fetch GET 200 https://registry.npmjs.org/@asamuzakjp/css-color/-/css-color-5.0.1.tgz 351ms (cache miss)
334 timing reifyNode:node_modules/@asamuzakjp/css-color Completed in 369ms
335 http fetch GET 200 https://registry.npmjs.org/@bramus/specificity/-/specificity-2.4.2.tgz 367ms (cache miss)
336 timing reifyNode:node_modules/@bramus/specificity Completed in 383ms
337 http fetch GET 200 https://registry.npmjs.org/cookie 68ms (cache miss)
338 timing metavuln:packument:cookie Completed in 69ms
339 timing metavuln:load:security-advisory:cookie:1103907 Completed in 1ms
340 http fetch GET 200 https://registry.npmjs.org/on-headers 70ms (cache miss)
341 timing metavuln:packument:on-headers Completed in 70ms
342 timing metavuln:load:security-advisory:on-headers:1106812 Completed in 1ms
343 http fetch GET 200 https://registry.npmjs.org/body-parser 71ms (cache miss)
344 timing metavuln:packument:body-parser Completed in 73ms
345 timing metavuln:load:security-advisory:body-parser:1099520 Completed in 1ms
346 http fetch GET 200 https://registry.npmjs.org/lodash 73ms (cache miss)
347 timing metavuln:packument:lodash Completed in 74ms
348 timing metavuln:load:security-advisory:lodash:1112455 Completed in 1ms
349 http fetch GET 200 https://registry.npmjs.org/path-to-regexp 75ms (cache miss)
350 timing metavuln:packument:path-to-regexp Completed in 76ms
351 timing metavuln:load:security-advisory:path-to-regexp:1101850 Completed in 0ms
352 timing metavuln:load:security-advisory:path-to-regexp:1105199 Completed in 1ms
353 http fetch GET 200 https://registry.npmjs.org/qs 88ms (cache miss)
354 timing metavuln:packument:qs Completed in 89ms
355 timing metavuln:load:security-advisory:qs:1113161 Completed in 1ms
356 timing metavuln:load:security-advisory:qs:1113719 Completed in 1ms
357 http fetch GET 200 https://registry.npmjs.org/send 93ms (cache miss)
358 timing metavuln:packument:send Completed in 94ms
359 timing metavuln:load:security-advisory:send:1109556 Completed in 0ms
360 timing metavuln:cache:put:security-advisory:cookie:EFt7h/FZLeopARa06+F2CBY5ItUm007mP/cHgZjTJZX1MeIwg3JD7toSioRoDeE8wm5VdkimqlS+CnuPhZqbIg== Completed in 27ms
361 timing metavuln:calculate:security-advisory:cookie:1103907 Completed in 97ms
362 timing metavuln:cache:put:security-advisory:on-headers:O+Ys/f4bZubU3jA9Sqz4HIIJaATwc83W201O653Eo/4y8FTwrgSc3mrXs4p8n7svj0OzipJYTBXXWJCgp81mSQ== Completed in 28ms
363 timing metavuln:calculate:security-advisory:on-headers:1106812 Completed in 99ms
364 timing metavuln:cache:put:security-advisory:path-to-regexp:0sP5sOjSm2jEVzBjQIX2s9I2rZ6lj48WyfSR+oVtUzndwLs0Cww28/j1R5EWf/fv+a3hc7KtVDL8gxcHV6kAiQ== Completed in 22ms
365 timing metavuln:calculate:security-advisory:path-to-regexp:1105199 Completed in 99ms
366 timing metavuln:cache:put:security-advisory:path-to-regexp:1zdQfT/2s1/9HPIPcJl7TnWCFxsytt3sSe7T+xPf8FNpp2H4co4yvyKagGg4lKEjTVlcftvXdieAZPONp1djoQ== Completed in 27ms
367 timing metavuln:calculate:security-advisory:path-to-regexp:1101850 Completed in 103ms
368 timing metavuln:cache:put:security-advisory:body-parser:uoEU0GS6gk35ZdcQ5nagZYzZcDz5Th0PEvPIVa8rzwbO20pRdxYbAhpIm6Wc5MALXoWb1C4X8WqCtH02U0Wo1A== Completed in 30ms
369 timing metavuln:calculate:security-advisory:body-parser:1099520 Completed in 104ms
370 http fetch GET 200 https://registry.npmjs.org/serve-static 103ms (cache miss)
371 timing metavuln:packument:serve-static Completed in 104ms
372 timing metavuln:load:security-advisory:serve-static:1100528 Completed in 0ms
373 timing metavuln:cache:put:security-advisory:lodash:OGNA5lR8rR8aeucWHqvJLBV5oaroI/lF2JfG9J2l63dx9uiGUyHuI4ymC6nv+dqWwxtqCIMcqBukiWYEiF5/RQ== Completed in 31ms
374 timing metavuln:calculate:security-advisory:lodash:1112455 Completed in 106ms
375 timing metavuln:cache:put:security-advisory:qs:iChjlXxtVMTpyXsUse674XoeCayLW4gF6rE7sQcXvHRFegwpM44fUr9Eqlmsmu+S9udu9w9eZmpzcAcyiUJMIQ== Completed in 18ms
376 timing metavuln:calculate:security-advisory:qs:1113719 Completed in 108ms
377 timing metavuln:cache:put:security-advisory:qs:vVSN+MRVpdux32gCUfPGidHUGmS/0G5Ziwtmb1YXw3NARw1r47LtySeR7yFf/LZ4sKzi41443WWDDZzPHuCh9g== Completed in 19ms
378 timing metavuln:calculate:security-advisory:qs:1113161 Completed in 109ms
379 timing metavuln:cache:put:security-advisory:send:8NP35PpfDEVbqnzPdc9zuVQOxwpjeCWA/vn7Q9SplgLVmZPjGaDssuEM0QllxNS2U4IM79h+Qp8GEO0schn/xw== Completed in 13ms
380 timing metavuln:calculate:security-advisory:send:1109556 Completed in 108ms
381 http fetch GET 200 https://registry.npmjs.org/css-tree/-/css-tree-3.2.1.tgz 444ms (cache miss)
382 timing reifyNode:node_modules/css-tree Completed in 462ms
383 timing metavuln:cache:put:security-advisory:serve-static:VyBBWzRCPk4QPwU71mkZJ+QZdwW0bnbx/lUJDdvhij3t67jGrB4z2A5Ryyta1VjZgpmZ9kuyannc46B7jSSuiQ== Completed in 9ms
384 timing metavuln:calculate:security-advisory:serve-static:1100528 Completed in 113ms
385 http fetch GET 200 https://registry.npmjs.org/express 117ms (cache miss)
386 timing metavuln:packument:express Completed in 119ms
387 timing metavuln:load:security-advisory:express:1100530 Completed in 3ms
388 timing metavuln:load:security-advisory:express:1111636 Completed in 3ms
389 timing metavuln:cache:put:security-advisory:express:i1lv/mW3LDhCPxcU8tmYv85dckQQGUSeQtASYLVoMkQNcpH1gG93hQzZIslm4Zlt3AYRSx4rg+plteAtIC0Z1w== Completed in 3ms
390 timing metavuln:calculate:security-advisory:express:1111636 Completed in 128ms
391 timing metavuln:cache:put:security-advisory:express:Y6ACp2DmYM+0HQ/I8CvEhLQJwNp8DOoQ76C8ObH06Y0qG40PIuVRmOi3OWzwUOTASTLCIWqeicWSO/acR3aaGQ== Completed in 7ms
392 timing metavuln:calculate:security-advisory:express:1100530 Completed in 129ms
393 timing metavuln:cache:get:security-advisory:express:jvTd6gzTcOHtTpI+4CX7Ne4qICdj+n1Uun+dHPDk1JAyy9ltqA8JnsvVhBi+M0Y+kR5QoSv5YqjecJACWBUhEA== Completed in 0ms
394 timing metavuln:load:security-advisory:express:uoEU0GS6gk35ZdcQ5nagZYzZcDz5Th0PEvPIVa8rzwbO20pRdxYbAhpIm6Wc5MALXoWb1C4X8WqCtH02U0Wo1A== Completed in 6ms
395 timing metavuln:cache:put:security-advisory:express:jvTd6gzTcOHtTpI+4CX7Ne4qICdj+n1Uun+dHPDk1JAyy9ltqA8JnsvVhBi+M0Y+kR5QoSv5YqjecJACWBUhEA== Completed in 3ms
396 timing metavuln:calculate:security-advisory:express:uoEU0GS6gk35ZdcQ5nagZYzZcDz5Th0PEvPIVa8rzwbO20pRdxYbAhpIm6Wc5MALXoWb1C4X8WqCtH02U0Wo1A== Completed in 9ms
397 timing metavuln:cache:get:security-advisory:express:sb5aHYxuv7oTd2v1ApotGTTuwOWqb9o3qRQ2W5Aju5V6v7nYbGS+2GR0OxQkrB3Sgzu051IbP4LwzpKgrH2WGQ== Completed in 0ms
398 timing metavuln:load:security-advisory:express:EFt7h/FZLeopARa06+F2CBY5ItUm007mP/cHgZjTJZX1MeIwg3JD7toSioRoDeE8wm5VdkimqlS+CnuPhZqbIg== Completed in 5ms
399 timing metavuln:cache:put:security-advisory:express:sb5aHYxuv7oTd2v1ApotGTTuwOWqb9o3qRQ2W5Aju5V6v7nYbGS+2GR0OxQkrB3Sgzu051IbP4LwzpKgrH2WGQ== Completed in 2ms
400 timing metavuln:calculate:security-advisory:express:EFt7h/FZLeopARa06+F2CBY5ItUm007mP/cHgZjTJZX1MeIwg3JD7toSioRoDeE8wm5VdkimqlS+CnuPhZqbIg== Completed in 7ms
401 timing metavuln:cache:get:security-advisory:async:7fXGKva6MOwXGci6DY3BcnFp12LtB4GyBSKgq905ROC0hgYhB5eaTj4cMB7k6fl/+vVgRAiNsZq9gvd4R0pH1A== Completed in 0ms
402 http fetch GET 200 https://registry.npmjs.org/async 72ms (cache miss)
403 timing metavuln:packument:async Completed in 73ms
404 timing metavuln:load:security-advisory:async:OGNA5lR8rR8aeucWHqvJLBV5oaroI/lF2JfG9J2l63dx9uiGUyHuI4ymC6nv+dqWwxtqCIMcqBukiWYEiF5/RQ== Completed in 1ms
405 timing metavuln:cache:put:security-advisory:async:7fXGKva6MOwXGci6DY3BcnFp12LtB4GyBSKgq905ROC0hgYhB5eaTj4cMB7k6fl/+vVgRAiNsZq9gvd4R0pH1A== Completed in 2ms
406 timing metavuln:calculate:security-advisory:async:OGNA5lR8rR8aeucWHqvJLBV5oaroI/lF2JfG9J2l63dx9uiGUyHuI4ymC6nv+dqWwxtqCIMcqBukiWYEiF5/RQ== Completed in 76ms
407 timing metavuln:cache:get:security-advisory:morgan:Zke8uLY8Kb+xhaCR8KBCtgvE9/pW8gqS8Wu7+yODR03h3RUJ3LkbQhW1UPJdzfNjaqwB7PsUxN02Mik4jHZypQ== Completed in 0ms
408 http fetch GET 200 https://registry.npmjs.org/jsdom/-/jsdom-29.0.1.tgz 576ms (cache miss)
409 timing reifyNode:node_modules/jsdom Completed in 594ms
410 http fetch GET 200 https://registry.npmjs.org/@csstools/css-tokenizer/-/css-tokenizer-4.0.0.tgz 599ms (cache miss)
411 timing reifyNode:node_modules/@csstools/css-tokenizer Completed in 613ms
412 http fetch GET 200 https://registry.npmjs.org/@asamuzakjp/dom-selector/-/dom-selector-7.0.4.tgz 781ms (cache miss)
413 timing reifyNode:node_modules/@asamuzakjp/dom-selector Completed in 798ms
414 timing reify:unpack Completed in 800ms
415 timing reify:unretire Completed in 0ms
416 timing build:queue Completed in 1ms
417 timing build:link:node_modules/@bramus/specificity Completed in 1ms
418 timing build:link:node_modules/tldts Completed in 1ms
419 timing build:link Completed in 1ms
420 timing build:deps Completed in 2ms
421 timing build Completed in 3ms
422 timing reify:build Completed in 3ms
423 timing reify:trash Completed in 0ms
424 timing reify:save Completed in 21ms
425 http fetch GET 200 https://registry.npmjs.org/morgan 711ms (cache miss)
426 timing metavuln:packument:morgan Completed in 712ms
427 timing metavuln:load:security-advisory:morgan:O+Ys/f4bZubU3jA9Sqz4HIIJaATwc83W201O653Eo/4y8FTwrgSc3mrXs4p8n7svj0OzipJYTBXXWJCgp81mSQ== Completed in 0ms
428 timing metavuln:cache:put:security-advisory:morgan:Zke8uLY8Kb+xhaCR8KBCtgvE9/pW8gqS8Wu7+yODR03h3RUJ3LkbQhW1UPJdzfNjaqwB7PsUxN02Mik4jHZypQ== Completed in 2ms
429 timing metavuln:calculate:security-advisory:morgan:O+Ys/f4bZubU3jA9Sqz4HIIJaATwc83W201O653Eo/4y8FTwrgSc3mrXs4p8n7svj0OzipJYTBXXWJCgp81mSQ== Completed in 714ms
430 timing metavuln:cache:get:security-advisory:express:LRbUnr0WeU21QXyqYq0LKWnxCksZVHamePIRXV3//T9Aj7u3VWNsnM6K5ujI/Z6dfOKKNzbMDayMt+lQ7d6K3A== Completed in 0ms
431 timing metavuln:load:security-advisory:express:1zdQfT/2s1/9HPIPcJl7TnWCFxsytt3sSe7T+xPf8FNpp2H4co4yvyKagGg4lKEjTVlcftvXdieAZPONp1djoQ== Completed in 5ms
432 timing metavuln:cache:put:security-advisory:express:LRbUnr0WeU21QXyqYq0LKWnxCksZVHamePIRXV3//T9Aj7u3VWNsnM6K5ujI/Z6dfOKKNzbMDayMt+lQ7d6K3A== Completed in 2ms
433 timing metavuln:calculate:security-advisory:express:1zdQfT/2s1/9HPIPcJl7TnWCFxsytt3sSe7T+xPf8FNpp2H4co4yvyKagGg4lKEjTVlcftvXdieAZPONp1djoQ== Completed in 7ms
434 timing metavuln:cache:get:security-advisory:body-parser:SVY1QJwUSfML2NehOGcSVstcXKS/eDua/5V2EUmKoUvvslju7nOUuG2U2s8Ab8JiwWLyYwOKkJuQtb6QCoInhg== Completed in 0ms
435 timing metavuln:load:security-advisory:body-parser:vVSN+MRVpdux32gCUfPGidHUGmS/0G5Ziwtmb1YXw3NARw1r47LtySeR7yFf/LZ4sKzi41443WWDDZzPHuCh9g== Completed in 6ms
436 timing metavuln:cache:get:security-advisory:express:Qxs0t5MAyfWkxZXrn5d46toL85dY/eYqwQswCjVN3ze7zcZExphuyuGvmDChb/mvSc6A1P848uOkCDpJiTx7sA== Completed in 7ms
437 timing metavuln:load:security-advisory:express:vVSN+MRVpdux32gCUfPGidHUGmS/0G5Ziwtmb1YXw3NARw1r47LtySeR7yFf/LZ4sKzi41443WWDDZzPHuCh9g== Completed in 4ms
438 timing metavuln:cache:put:security-advisory:body-parser:SVY1QJwUSfML2NehOGcSVstcXKS/eDua/5V2EUmKoUvvslju7nOUuG2U2s8Ab8JiwWLyYwOKkJuQtb6QCoInhg== Completed in 7ms
439 timing metavuln:calculate:security-advisory:body-parser:vVSN+MRVpdux32gCUfPGidHUGmS/0G5Ziwtmb1YXw3NARw1r47LtySeR7yFf/LZ4sKzi41443WWDDZzPHuCh9g== Completed in 13ms
440 timing metavuln:cache:put:security-advisory:express:Qxs0t5MAyfWkxZXrn5d46toL85dY/eYqwQswCjVN3ze7zcZExphuyuGvmDChb/mvSc6A1P848uOkCDpJiTx7sA== Completed in 2ms
441 timing metavuln:calculate:security-advisory:express:vVSN+MRVpdux32gCUfPGidHUGmS/0G5Ziwtmb1YXw3NARw1r47LtySeR7yFf/LZ4sKzi41443WWDDZzPHuCh9g== Completed in 13ms
442 timing metavuln:cache:get:security-advisory:express:icN4Z/CnJ3HexuuTzhvyFELlcl9Ayp336wmeTAuWjfT/hbRPW+ZwueDz6SD9ycRuIKM/WmBUFAjzHNHL3NFgtQ== Completed in 0ms
443 timing metavuln:load:security-advisory:express:8NP35PpfDEVbqnzPdc9zuVQOxwpjeCWA/vn7Q9SplgLVmZPjGaDssuEM0QllxNS2U4IM79h+Qp8GEO0schn/xw== Completed in 6ms
444 timing metavuln:cache:get:security-advisory:serve-static:VMA9Xvj5QO+jz0WZF77roG80h0vr8/yqXqCDcQHHVJmej+4wy5CoagzzI0fzX0hekO2hxhcidoF4uBR9z8aY1Q== Completed in 6ms
445 timing metavuln:load:security-advisory:serve-static:8NP35PpfDEVbqnzPdc9zuVQOxwpjeCWA/vn7Q9SplgLVmZPjGaDssuEM0QllxNS2U4IM79h+Qp8GEO0schn/xw== Completed in 2ms
446 timing metavuln:cache:put:security-advisory:serve-static:VMA9Xvj5QO+jz0WZF77roG80h0vr8/yqXqCDcQHHVJmej+4wy5CoagzzI0fzX0hekO2hxhcidoF4uBR9z8aY1Q== Completed in 2ms
447 timing metavuln:calculate:security-advisory:serve-static:8NP35PpfDEVbqnzPdc9zuVQOxwpjeCWA/vn7Q9SplgLVmZPjGaDssuEM0QllxNS2U4IM79h+Qp8GEO0schn/xw== Completed in 10ms
448 timing metavuln:cache:put:security-advisory:express:icN4Z/CnJ3HexuuTzhvyFELlcl9Ayp336wmeTAuWjfT/hbRPW+ZwueDz6SD9ycRuIKM/WmBUFAjzHNHL3NFgtQ== Completed in 4ms
449 timing metavuln:calculate:security-advisory:express:8NP35PpfDEVbqnzPdc9zuVQOxwpjeCWA/vn7Q9SplgLVmZPjGaDssuEM0QllxNS2U4IM79h+Qp8GEO0schn/xw== Completed in 10ms
450 timing metavuln:cache:get:security-advisory:express:kykTo4VuC2rM2MB0/ANQ51tOegcUPd67Lh4iIK7TUUpqt61eQaJ70XtItcffrJ8PoIYxwtnuqm5DJGT19JMA/A== Completed in 0ms
451 timing metavuln:load:security-advisory:express:VyBBWzRCPk4QPwU71mkZJ+QZdwW0bnbx/lUJDdvhij3t67jGrB4z2A5Ryyta1VjZgpmZ9kuyannc46B7jSSuiQ== Completed in 5ms
452 timing metavuln:cache:put:security-advisory:express:kykTo4VuC2rM2MB0/ANQ51tOegcUPd67Lh4iIK7TUUpqt61eQaJ70XtItcffrJ8PoIYxwtnuqm5DJGT19JMA/A== Completed in 2ms
453 timing metavuln:calculate:security-advisory:express:VyBBWzRCPk4QPwU71mkZJ+QZdwW0bnbx/lUJDdvhij3t67jGrB4z2A5Ryyta1VjZgpmZ9kuyannc46B7jSSuiQ== Completed in 7ms
454 timing auditReport:init Completed in 975ms
455 timing reify:audit Completed in 1326ms
456 timing reify Completed in 3157ms
457 silly ADD node_modules/punycode
458 silly ADD node_modules/tr46
459 silly ADD node_modules/tldts-core
460 silly ADD node_modules/tldts
461 silly ADD node_modules/xmlchars
462 silly ADD node_modules/entities
463 silly ADD node_modules/source-map-js
464 silly ADD node_modules/mdn-data
465 silly ADD node_modules/require-from-string
466 silly ADD node_modules/@csstools/color-helpers
467 silly ADD node_modules/bidi-js
468 silly ADD node_modules/@asamuzakjp/nwsapi
469 silly ADD node_modules/@csstools/css-color-parser
470 silly ADD node_modules/@csstools/css-tokenizer
471 silly ADD node_modules/@csstools/css-parser-algorithms
472 silly ADD node_modules/@csstools/css-calc
473 silly ADD node_modules/xml-name-validator
474 silly ADD node_modules/whatwg-url
475 silly ADD node_modules/whatwg-mimetype
476 silly ADD node_modules/webidl-conversions
477 silly ADD node_modules/w3c-xmlserializer
478 silly ADD node_modules/undici
479 silly ADD node_modules/tough-cookie
480 silly ADD node_modules/symbol-tree
481 silly ADD node_modules/saxes
482 silly ADD node_modules/parse5
483 silly ADD node_modules/lru-cache
484 silly ADD node_modules/is-potential-custom-element-name
485 silly ADD node_modules/html-encoding-sniffer
486 silly ADD node_modules/decimal.js
487 silly ADD node_modules/data-urls
488 silly ADD node_modules/css-tree
489 silly ADD node_modules/@exodus/bytes
490 silly ADD node_modules/@csstools/css-syntax-patches-for-csstree
491 silly ADD node_modules/@bramus/specificity
492 silly ADD node_modules/@asamuzakjp/dom-selector
493 silly ADD node_modules/@asamuzakjp/css-color
494 silly ADD node_modules/jsdom
495 timing command:install Completed in 3167ms
496 notice
496 notice New [31mmajor[39m version of npm available! [31m10.5.2[39m -> [32m11.12.1[39m
496 notice Changelog: [36mhttps://github.com/npm/cli/releases/tag/v11.12.1[39m
496 notice Run [32mnpm install -g npm@11.12.1[39m to update!
496 notice
497 verbose exit 0
498 timing npm Completed in 3411ms
499 info ok
